Copyright 1986-2020 Xilinx, Inc. All Rights Reserved.
--------------------------------------------------------------------------------------
| Tool Version : Vivado v.2020.1 (win64) Build 2902540 Wed May 27 19:54:49 MDT 2020
| Date         : Thu Apr  2 16:26:07 2026
| Host         : DESKTOP-2HIMGAT running 64-bit major release  (build 9200)
| Command      : report_control_sets -verbose -file top_lab09_control_sets_placed.rpt
| Design       : top_lab09
| Device       : xc7a35t
--------------------------------------------------------------------------------------

Control Set Information

Table of Contents
-----------------
1. Summary
2. Histogram
3. Flip-Flop Distribution
4. Detailed Control Set Information

1. Summary
----------

+----------------------------------------------------------+-------+
|                          Status                          | Count |
+----------------------------------------------------------+-------+
| Total control sets                                       |     6 |
|    Minimum number of control sets                        |     6 |
|    Addition due to synthesis replication                 |     0 |
|    Addition due to physical synthesis replication        |     0 |
| Unused register locations in slices containing registers |    27 |
+----------------------------------------------------------+-------+
* Control sets can be merged at opt_design using control_set_merge or merge_equivalent_drivers
** Run report_qor_suggestions for automated merging and remapping suggestions


2. Histogram
------------

+--------------------+-------+
|       Fanout       | Count |
+--------------------+-------+
| Total control sets |     6 |
| >= 0 to < 4        |     1 |
| >= 4 to < 6        |     1 |
| >= 6 to < 8        |     0 |
| >= 8 to < 10       |     0 |
| >= 10 to < 12      |     2 |
| >= 12 to < 14      |     0 |
| >= 14 to < 16      |     0 |
| >= 16              |     2 |
+--------------------+-------+
* Control sets can be remapped at either synth_design or opt_design


3. Flip-Flop Distribution
-------------------------

+--------------+-----------------------+------------------------+-----------------+--------------+
| Clock Enable | Synchronous Set/Reset | Asynchronous Set/Reset | Total Registers | Total Slices |
+--------------+-----------------------+------------------------+-----------------+--------------+
| No           | No                    | No                     |               3 |            2 |
| No           | No                    | Yes                    |              28 |           15 |
| No           | Yes                   | No                     |              20 |            4 |
| Yes          | No                    | No                     |               0 |            0 |
| Yes          | No                    | Yes                    |              26 |           11 |
| Yes          | Yes                   | No                     |               0 |            0 |
+--------------+-----------------------+------------------------+-----------------+--------------+


4. Detailed Control Set Information
-----------------------------------

+----------------+------------------------------+-------------------------+------------------+----------------+--------------+
|  Clock Signal  |         Enable Signal        |     Set/Reset Signal    | Slice Load Count | Bel Load Count | Bels / Slice |
+----------------+------------------------------+-------------------------+------------------+----------------+--------------+
|  clk_IBUF_BUFG |                              |                         |                2 |              3 |         1.50 |
|  clk_IBUF_BUFG | u_deb/E[0]                   | rst_IBUF                |                1 |              4 |         4.00 |
|  clk_IBUF_BUFG | FSM_onehot_state_reg_n_0_[2] | rst_IBUF                |                4 |             11 |         2.75 |
|  clk_IBUF_BUFG | opcode_r                     | rst_IBUF                |                6 |             11 |         1.83 |
|  clk_IBUF_BUFG |                              | u_deb/timer[19]_i_1_n_0 |                4 |             20 |         5.00 |
|  clk_IBUF_BUFG |                              | rst_IBUF                |               15 |             28 |         1.87 |
+----------------+------------------------------+-------------------------+------------------+----------------+--------------+


