Copyright 1986-2020 Xilinx, Inc. All Rights Reserved.
--------------------------------------------------------------------------------------------------------------------------------------------------------------------------------------------------
| Tool Version : Vivado v.2020.1 (win64) Build 2902540 Wed May 27 19:54:49 MDT 2020
| Date         : Thu Apr  2 16:26:33 2026
| Host         : DESKTOP-2HIMGAT running 64-bit major release  (build 9200)
| Command      : report_timing_summary -max_paths 10 -file top_lab09_timing_summary_routed.rpt -pb top_lab09_timing_summary_routed.pb -rpx top_lab09_timing_summary_routed.rpx -warn_on_violation
| Design       : top_lab09
| Device       : 7a35t-cpg236
| Speed File   : -1  PRODUCTION 1.23 2018-06-13
--------------------------------------------------------------------------------------------------------------------------------------------------------------------------------------------------

Timing Summary Report

------------------------------------------------------------------------------------------------
| Timer Settings
| --------------
------------------------------------------------------------------------------------------------

  Enable Multi Corner Analysis               :  Yes
  Enable Pessimism Removal                   :  Yes
  Pessimism Removal Resolution               :  Nearest Common Node
  Enable Input Delay Default Clock           :  No
  Enable Preset / Clear Arcs                 :  No
  Disable Flight Delays                      :  No
  Ignore I/O Paths                           :  No
  Timing Early Launch at Borrowing Latches   :  No
  Borrow Time for Max Delay Exceptions       :  Yes
  Merge Timing Exceptions                    :  Yes

  Corner  Analyze    Analyze    
  Name    Max Paths  Min Paths  
  ------  ---------  ---------  
  Slow    Yes        Yes        
  Fast    Yes        Yes        



check_timing report

Table of Contents
-----------------
1. checking no_clock (0)
2. checking constant_clock (0)
3. checking pulse_width_clock (0)
4. checking unconstrained_internal_endpoints (0)
5. checking no_input_delay (13)
6. checking no_output_delay (14)
7. checking multiple_clock (0)
8. checking generated_clocks (0)
9. checking loops (0)
10. checking partial_input_delay (0)
11. checking partial_output_delay (0)
12. checking latch_loops (0)

1. checking no_clock (0)
------------------------
 There are 0 register/latch pins with no clock.


2. checking constant_clock (0)
------------------------------
 There are 0 register/latch pins with constant_clock.


3. checking pulse_width_clock (0)
---------------------------------
 There are 0 register/latch pins which need pulse_width check


4. checking unconstrained_internal_endpoints (0)
------------------------------------------------
 There are 0 pins that are not constrained for maximum delay.

 There are 0 pins that are not constrained for maximum delay due to constant clock.


5. checking no_input_delay (13)
-------------------------------
 There are 13 input ports with no input delay specified. (HIGH)

 There are 0 input ports with no input delay but user has a false path constraint.


6. checking no_output_delay (14)
--------------------------------
 There are 14 ports with no output delay specified. (HIGH)

 There are 0 ports with no output delay but user has a false path constraint

 There are 0 ports with no output delay but with a timing clock defined on it or propagating through it


7. checking multiple_clock (0)
------------------------------
 There are 0 register/latch pins with multiple clocks.


8. checking generated_clocks (0)
--------------------------------
 There are 0 generated clocks that are not connected to a clock source.


9. checking loops (0)
---------------------
 There are 0 combinational loops in the design.


10. checking partial_input_delay (0)
------------------------------------
 There are 0 input ports with partial input delay specified.


11. checking partial_output_delay (0)
-------------------------------------
 There are 0 ports with partial output delay specified.


12. checking latch_loops (0)
----------------------------
 There are 0 combinational latch loops in the design through latch input



------------------------------------------------------------------------------------------------
| Design Timing Summary
| ---------------------
------------------------------------------------------------------------------------------------

    WNS(ns)      TNS(ns)  TNS Failing Endpoints  TNS Total Endpoints      WHS(ns)      THS(ns)  THS Failing Endpoints  THS Total Endpoints     WPWS(ns)     TPWS(ns)  TPWS Failing Endpoints  TPWS Total Endpoints  
    -------      -------  ---------------------  -------------------      -------      -------  ---------------------  -------------------     --------     --------  ----------------------  --------------------  
      6.205        0.000                      0                  111        0.146        0.000                      0                  111        4.500        0.000                       0                    78  


All user specified timing constraints are met.


------------------------------------------------------------------------------------------------
| Clock Summary
| -------------
------------------------------------------------------------------------------------------------

Clock        Waveform(ns)       Period(ns)      Frequency(MHz)
-----        ------------       ----------      --------------
sys_clk_pin  {0.000 5.000}      10.000          100.000         


------------------------------------------------------------------------------------------------
| Intra Clock Table
| -----------------
------------------------------------------------------------------------------------------------

Clock             WNS(ns)      TNS(ns)  TNS Failing Endpoints  TNS Total Endpoints      WHS(ns)      THS(ns)  THS Failing Endpoints  THS Total Endpoints     WPWS(ns)     TPWS(ns)  TPWS Failing Endpoints  TPWS Total Endpoints  
-----             -------      -------  ---------------------  -------------------      -------      -------  ---------------------  -------------------     --------     --------  ----------------------  --------------------  
sys_clk_pin         6.205        0.000                      0                  111        0.146        0.000                      0                  111        4.500        0.000                       0                    78  


------------------------------------------------------------------------------------------------
| Inter Clock Table
| -----------------
------------------------------------------------------------------------------------------------

From Clock    To Clock          WNS(ns)      TNS(ns)  TNS Failing Endpoints  TNS Total Endpoints      WHS(ns)      THS(ns)  THS Failing Endpoints  THS Total Endpoints  
----------    --------          -------      -------  ---------------------  -------------------      -------      -------  ---------------------  -------------------  


------------------------------------------------------------------------------------------------
| Other Path Groups Table
| -----------------------
------------------------------------------------------------------------------------------------

Path Group    From Clock    To Clock          WNS(ns)      TNS(ns)  TNS Failing Endpoints  TNS Total Endpoints      WHS(ns)      THS(ns)  THS Failing Endpoints  THS Total Endpoints  
----------    ----------    --------          -------      -------  ---------------------  -------------------      -------      -------  ---------------------  -------------------  


------------------------------------------------------------------------------------------------
| Timing Details
| --------------
------------------------------------------------------------------------------------------------


---------------------------------------------------------------------------------------------------
From Clock:  sys_clk_pin
  To Clock:  sys_clk_pin

Setup :            0  Failing Endpoints,  Worst Slack        6.205ns,  Total Violation        0.000ns
Hold  :            0  Failing Endpoints,  Worst Slack        0.146ns,  Total Violation        0.000ns
PW    :            0  Failing Endpoints,  Worst Slack        4.500ns,  Total Violation        0.000ns
---------------------------------------------------------------------------------------------------


Max Delay Paths
--------------------------------------------------------------------------------------
Slack (MET) :             6.205ns  (required time - arrival time)
  Source:                 u_deb/timer_reg[18]/C
                            (rising edge-triggered cell FDRE clocked by sys_clk_pin  {rise@0.000ns fall@5.000ns period=10.000ns})
  Destination:            u_deb/pbout_reg/D
                            (rising edge-triggered cell FDRE clocked by sys_clk_pin  {rise@0.000ns fall@5.000ns period=10.000ns})
  Path Group:             sys_clk_pin
  Path Type:              Setup (Max at Slow Process Corner)
  Requirement:            10.000ns  (sys_clk_pin rise@10.000ns - sys_clk_pin rise@0.000ns)
  Data Path Delay:        3.430ns  (logic 0.821ns (23.936%)  route 2.609ns (76.064%))
  Logic Levels:           3  (LUT3=1 LUT4=1 LUT5=1)
  Clock Path Skew:        -0.039ns (DCD - SCD + CPR)
    Destination Clock Delay (DCD):    4.791ns = ( 14.791 - 10.000 ) 
    Source Clock Delay      (SCD):    5.090ns
    Clock Pessimism Removal (CPR):    0.260ns
  Clock Uncertainty:      0.035ns  ((TSJ^2 + TIJ^2)^1/2 + DJ) / 2 + PE
    Total System Jitter     (TSJ):    0.071ns
    Total Input Jitter      (TIJ):    0.000ns
    Discrete Jitter          (DJ):    0.000ns
    Phase Error              (PE):    0.000ns

    Location             Delay type                Incr(ns)  Path(ns)    Netlist Resource(s)
  -------------------------------------------------------------------    -------------------
                         (clock sys_clk_pin rise edge)
                                                      0.000     0.000 r  
    W5                                                0.000     0.000 r  clk (IN)
                         net (fo=0)                   0.000     0.000    clk
    W5                   IBUF (Prop_ibuf_I_O)         1.458     1.458 r  clk_IBUF_inst/O
                         net (fo=1, routed)           1.967     3.425    clk_IBUF
    BUFGCTRL_X0Y0        BUFG (Prop_bufg_I_O)         0.096     3.521 r  clk_IBUF_BUFG_inst/O
                         net (fo=77, routed)          1.569     5.090    u_deb/CLK
    SLICE_X49Y41         FDRE                                         r  u_deb/timer_reg[18]/C
  -------------------------------------------------------------------    -------------------
    SLICE_X49Y41         FDRE (Prop_fdre_C_Q)         0.456     5.546 r  u_deb/timer_reg[18]/Q
                         net (fo=2, routed)           0.820     6.367    u_deb/timer[18]
    SLICE_X49Y40         LUT4 (Prop_lut4_I0_O)        0.124     6.491 f  u_deb/timer[19]_i_6/O
                         net (fo=1, routed)           0.825     7.316    u_deb/timer[19]_i_6_n_0
    SLICE_X50Y39         LUT5 (Prop_lut5_I2_O)        0.124     7.440 r  u_deb/timer[19]_i_3/O
                         net (fo=20, routed)          0.453     7.893    u_deb/timer[19]_i_3_n_0
    SLICE_X50Y40         LUT3 (Prop_lut3_I0_O)        0.117     8.010 r  u_deb/pbout_i_1/O
                         net (fo=1, routed)           0.510     8.520    u_deb/pbout_i_1_n_0
    SLICE_X51Y40         FDRE                                         r  u_deb/pbout_reg/D
  -------------------------------------------------------------------    -------------------

                         (clock sys_clk_pin rise edge)
                                                     10.000    10.000 r  
    W5                                                0.000    10.000 r  clk (IN)
                         net (fo=0)                   0.000    10.000    clk
    W5                   IBUF (Prop_ibuf_I_O)         1.388    11.388 r  clk_IBUF_inst/O
                         net (fo=1, routed)           1.862    13.250    clk_IBUF
    BUFGCTRL_X0Y0        BUFG (Prop_bufg_I_O)         0.091    13.341 r  clk_IBUF_BUFG_inst/O
                         net (fo=77, routed)          1.450    14.791    u_deb/CLK
    SLICE_X51Y40         FDRE                                         r  u_deb/pbout_reg/C
                         clock pessimism              0.260    15.051    
                         clock uncertainty           -0.035    15.016    
    SLICE_X51Y40         FDRE (Setup_fdre_C_D)       -0.291    14.725    u_deb/pbout_reg
  -------------------------------------------------------------------
                         required time                         14.725    
                         arrival time                          -8.520    
  -------------------------------------------------------------------
                         slack                                  6.205    

Slack (MET) :             6.261ns  (required time - arrival time)
  Source:                 u_deb/timer_reg[9]/C
                            (rising edge-triggered cell FDRE clocked by sys_clk_pin  {rise@0.000ns fall@5.000ns period=10.000ns})
  Destination:            u_deb/timer_reg[19]/D
                            (rising edge-triggered cell FDRE clocked by sys_clk_pin  {rise@0.000ns fall@5.000ns period=10.000ns})
  Path Group:             sys_clk_pin
  Path Type:              Setup (Max at Slow Process Corner)
  Requirement:            10.000ns  (sys_clk_pin rise@10.000ns - sys_clk_pin rise@0.000ns)
  Data Path Delay:        3.755ns  (logic 1.928ns (51.346%)  route 1.827ns (48.654%))
  Logic Levels:           4  (CARRY4=3 LUT2=1)
  Clock Path Skew:        -0.024ns (DCD - SCD + CPR)
    Destination Clock Delay (DCD):    4.791ns = ( 14.791 - 10.000 ) 
    Source Clock Delay      (SCD):    5.089ns
    Clock Pessimism Removal (CPR):    0.274ns
  Clock Uncertainty:      0.035ns  ((TSJ^2 + TIJ^2)^1/2 + DJ) / 2 + PE
    Total System Jitter     (TSJ):    0.071ns
    Total Input Jitter      (TIJ):    0.000ns
    Discrete Jitter          (DJ):    0.000ns
    Phase Error              (PE):    0.000ns

    Location             Delay type                Incr(ns)  Path(ns)    Netlist Resource(s)
  -------------------------------------------------------------------    -------------------
                         (clock sys_clk_pin rise edge)
                                                      0.000     0.000 r  
    W5                                                0.000     0.000 r  clk (IN)
                         net (fo=0)                   0.000     0.000    clk
    W5                   IBUF (Prop_ibuf_I_O)         1.458     1.458 r  clk_IBUF_inst/O
                         net (fo=1, routed)           1.967     3.425    clk_IBUF
    BUFGCTRL_X0Y0        BUFG (Prop_bufg_I_O)         0.096     3.521 r  clk_IBUF_BUFG_inst/O
                         net (fo=77, routed)          1.568     5.089    u_deb/CLK
    SLICE_X49Y39         FDRE                                         r  u_deb/timer_reg[9]/C
  -------------------------------------------------------------------    -------------------
    SLICE_X49Y39         FDRE (Prop_fdre_C_Q)         0.419     5.508 r  u_deb/timer_reg[9]/Q
                         net (fo=2, routed)           0.835     6.343    u_deb/timer[9]
    SLICE_X48Y40         CARRY4 (Prop_carry4_S[0]_CO[3])
                                                      0.828     7.171 r  u_deb/timer0_inferred__0/i__carry__1/CO[3]
                         net (fo=1, routed)           0.000     7.171    u_deb/timer0_inferred__0/i__carry__1_n_0
    SLICE_X48Y41         CARRY4 (Prop_carry4_CI_CO[3])
                                                      0.114     7.285 r  u_deb/timer0_inferred__0/i__carry__2/CO[3]
                         net (fo=1, routed)           0.000     7.285    u_deb/timer0_inferred__0/i__carry__2_n_0
    SLICE_X48Y42         CARRY4 (Prop_carry4_CI_O[2])
                                                      0.239     7.524 r  u_deb/timer0_inferred__0/i__carry__3/O[2]
                         net (fo=1, routed)           0.992     8.516    u_deb/data0[19]
    SLICE_X49Y41         LUT2 (Prop_lut2_I0_O)        0.328     8.844 r  u_deb/timer[19]_i_2/O
                         net (fo=1, routed)           0.000     8.844    u_deb/timer_0[19]
    SLICE_X49Y41         FDRE                                         r  u_deb/timer_reg[19]/D
  -------------------------------------------------------------------    -------------------

                         (clock sys_clk_pin rise edge)
                                                     10.000    10.000 r  
    W5                                                0.000    10.000 r  clk (IN)
                         net (fo=0)                   0.000    10.000    clk
    W5                   IBUF (Prop_ibuf_I_O)         1.388    11.388 r  clk_IBUF_inst/O
                         net (fo=1, routed)           1.862    13.250    clk_IBUF
    BUFGCTRL_X0Y0        BUFG (Prop_bufg_I_O)         0.091    13.341 r  clk_IBUF_BUFG_inst/O
                         net (fo=77, routed)          1.450    14.791    u_deb/CLK
    SLICE_X49Y41         FDRE                                         r  u_deb/timer_reg[19]/C
                         clock pessimism              0.274    15.065    
                         clock uncertainty           -0.035    15.030    
    SLICE_X49Y41         FDRE (Setup_fdre_C_D)        0.075    15.105    u_deb/timer_reg[19]
  -------------------------------------------------------------------
                         required time                         15.105    
                         arrival time                          -8.844    
  -------------------------------------------------------------------
                         slack                                  6.261    

Slack (MET) :             6.297ns  (required time - arrival time)
  Source:                 u_deb/timer_reg[9]/C
                            (rising edge-triggered cell FDRE clocked by sys_clk_pin  {rise@0.000ns fall@5.000ns period=10.000ns})
  Destination:            u_deb/timer_reg[17]/D
                            (rising edge-triggered cell FDRE clocked by sys_clk_pin  {rise@0.000ns fall@5.000ns period=10.000ns})
  Path Group:             sys_clk_pin
  Path Type:              Setup (Max at Slow Process Corner)
  Requirement:            10.000ns  (sys_clk_pin rise@10.000ns - sys_clk_pin rise@0.000ns)
  Data Path Delay:        3.719ns  (logic 1.910ns (51.364%)  route 1.809ns (48.636%))
  Logic Levels:           4  (CARRY4=3 LUT2=1)
  Clock Path Skew:        -0.024ns (DCD - SCD + CPR)
    Destination Clock Delay (DCD):    4.791ns = ( 14.791 - 10.000 ) 
    Source Clock Delay      (SCD):    5.089ns
    Clock Pessimism Removal (CPR):    0.274ns
  Clock Uncertainty:      0.035ns  ((TSJ^2 + TIJ^2)^1/2 + DJ) / 2 + PE
    Total System Jitter     (TSJ):    0.071ns
    Total Input Jitter      (TIJ):    0.000ns
    Discrete Jitter          (DJ):    0.000ns
    Phase Error              (PE):    0.000ns

    Location             Delay type                Incr(ns)  Path(ns)    Netlist Resource(s)
  -------------------------------------------------------------------    -------------------
                         (clock sys_clk_pin rise edge)
                                                      0.000     0.000 r  
    W5                                                0.000     0.000 r  clk (IN)
                         net (fo=0)                   0.000     0.000    clk
    W5                   IBUF (Prop_ibuf_I_O)         1.458     1.458 r  clk_IBUF_inst/O
                         net (fo=1, routed)           1.967     3.425    clk_IBUF
    BUFGCTRL_X0Y0        BUFG (Prop_bufg_I_O)         0.096     3.521 r  clk_IBUF_BUFG_inst/O
                         net (fo=77, routed)          1.568     5.089    u_deb/CLK
    SLICE_X49Y39         FDRE                                         r  u_deb/timer_reg[9]/C
  -------------------------------------------------------------------    -------------------
    SLICE_X49Y39         FDRE (Prop_fdre_C_Q)         0.419     5.508 r  u_deb/timer_reg[9]/Q
                         net (fo=2, routed)           0.835     6.343    u_deb/timer[9]
    SLICE_X48Y40         CARRY4 (Prop_carry4_S[0]_CO[3])
                                                      0.828     7.171 r  u_deb/timer0_inferred__0/i__carry__1/CO[3]
                         net (fo=1, routed)           0.000     7.171    u_deb/timer0_inferred__0/i__carry__1_n_0
    SLICE_X48Y41         CARRY4 (Prop_carry4_CI_CO[3])
                                                      0.114     7.285 r  u_deb/timer0_inferred__0/i__carry__2/CO[3]
                         net (fo=1, routed)           0.000     7.285    u_deb/timer0_inferred__0/i__carry__2_n_0
    SLICE_X48Y42         CARRY4 (Prop_carry4_CI_O[0])
                                                      0.222     7.507 r  u_deb/timer0_inferred__0/i__carry__3/O[0]
                         net (fo=1, routed)           0.973     8.481    u_deb/data0[17]
    SLICE_X49Y41         LUT2 (Prop_lut2_I0_O)        0.327     8.808 r  u_deb/timer[17]_i_1/O
                         net (fo=1, routed)           0.000     8.808    u_deb/timer_0[17]
    SLICE_X49Y41         FDRE                                         r  u_deb/timer_reg[17]/D
  -------------------------------------------------------------------    -------------------

                         (clock sys_clk_pin rise edge)
                                                     10.000    10.000 r  
    W5                                                0.000    10.000 r  clk (IN)
                         net (fo=0)                   0.000    10.000    clk
    W5                   IBUF (Prop_ibuf_I_O)         1.388    11.388 r  clk_IBUF_inst/O
                         net (fo=1, routed)           1.862    13.250    clk_IBUF
    BUFGCTRL_X0Y0        BUFG (Prop_bufg_I_O)         0.091    13.341 r  clk_IBUF_BUFG_inst/O
                         net (fo=77, routed)          1.450    14.791    u_deb/CLK
    SLICE_X49Y41         FDRE                                         r  u_deb/timer_reg[17]/C
                         clock pessimism              0.274    15.065    
                         clock uncertainty           -0.035    15.030    
    SLICE_X49Y41         FDRE (Setup_fdre_C_D)        0.075    15.105    u_deb/timer_reg[17]
  -------------------------------------------------------------------
                         required time                         15.105    
                         arrival time                          -8.808    
  -------------------------------------------------------------------
                         slack                                  6.297    

Slack (MET) :             6.327ns  (required time - arrival time)
  Source:                 u_deb/timer_reg[18]/C
                            (rising edge-triggered cell FDRE clocked by sys_clk_pin  {rise@0.000ns fall@5.000ns period=10.000ns})
  Destination:            u_deb/timer_reg[18]/D
                            (rising edge-triggered cell FDRE clocked by sys_clk_pin  {rise@0.000ns fall@5.000ns period=10.000ns})
  Path Group:             sys_clk_pin
  Path Type:              Setup (Max at Slow Process Corner)
  Requirement:            10.000ns  (sys_clk_pin rise@10.000ns - sys_clk_pin rise@0.000ns)
  Data Path Delay:        3.670ns  (logic 0.828ns (22.564%)  route 2.842ns (77.436%))
  Logic Levels:           3  (LUT2=1 LUT4=1 LUT5=1)
  Clock Path Skew:        0.000ns (DCD - SCD + CPR)
    Destination Clock Delay (DCD):    4.791ns = ( 14.791 - 10.000 ) 
    Source Clock Delay      (SCD):    5.090ns
    Clock Pessimism Removal (CPR):    0.299ns
  Clock Uncertainty:      0.035ns  ((TSJ^2 + TIJ^2)^1/2 + DJ) / 2 + PE
    Total System Jitter     (TSJ):    0.071ns
    Total Input Jitter      (TIJ):    0.000ns
    Discrete Jitter          (DJ):    0.000ns
    Phase Error              (PE):    0.000ns

    Location             Delay type                Incr(ns)  Path(ns)    Netlist Resource(s)
  -------------------------------------------------------------------    -------------------
                         (clock sys_clk_pin rise edge)
                                                      0.000     0.000 r  
    W5                                                0.000     0.000 r  clk (IN)
                         net (fo=0)                   0.000     0.000    clk
    W5                   IBUF (Prop_ibuf_I_O)         1.458     1.458 r  clk_IBUF_inst/O
                         net (fo=1, routed)           1.967     3.425    clk_IBUF
    BUFGCTRL_X0Y0        BUFG (Prop_bufg_I_O)         0.096     3.521 r  clk_IBUF_BUFG_inst/O
                         net (fo=77, routed)          1.569     5.090    u_deb/CLK
    SLICE_X49Y41         FDRE                                         r  u_deb/timer_reg[18]/C
  -------------------------------------------------------------------    -------------------
    SLICE_X49Y41         FDRE (Prop_fdre_C_Q)         0.456     5.546 f  u_deb/timer_reg[18]/Q
                         net (fo=2, routed)           0.820     6.367    u_deb/timer[18]
    SLICE_X49Y40         LUT4 (Prop_lut4_I0_O)        0.124     6.491 r  u_deb/timer[19]_i_6/O
                         net (fo=1, routed)           0.825     7.316    u_deb/timer[19]_i_6_n_0
    SLICE_X50Y39         LUT5 (Prop_lut5_I2_O)        0.124     7.440 f  u_deb/timer[19]_i_3/O
                         net (fo=20, routed)          1.196     8.636    u_deb/timer[19]_i_3_n_0
    SLICE_X49Y41         LUT2 (Prop_lut2_I1_O)        0.124     8.760 r  u_deb/timer[18]_i_1/O
                         net (fo=1, routed)           0.000     8.760    u_deb/timer_0[18]
    SLICE_X49Y41         FDRE                                         r  u_deb/timer_reg[18]/D
  -------------------------------------------------------------------    -------------------

                         (clock sys_clk_pin rise edge)
                                                     10.000    10.000 r  
    W5                                                0.000    10.000 r  clk (IN)
                         net (fo=0)                   0.000    10.000    clk
    W5                   IBUF (Prop_ibuf_I_O)         1.388    11.388 r  clk_IBUF_inst/O
                         net (fo=1, routed)           1.862    13.250    clk_IBUF
    BUFGCTRL_X0Y0        BUFG (Prop_bufg_I_O)         0.091    13.341 r  clk_IBUF_BUFG_inst/O
                         net (fo=77, routed)          1.450    14.791    u_deb/CLK
    SLICE_X49Y41         FDRE                                         r  u_deb/timer_reg[18]/C
                         clock pessimism              0.299    15.090    
                         clock uncertainty           -0.035    15.055    
    SLICE_X49Y41         FDRE (Setup_fdre_C_D)        0.032    15.087    u_deb/timer_reg[18]
  -------------------------------------------------------------------
                         required time                         15.087    
                         arrival time                          -8.760    
  -------------------------------------------------------------------
                         slack                                  6.327    

Slack (MET) :             6.331ns  (required time - arrival time)
  Source:                 u_deb/timer_reg[18]/C
                            (rising edge-triggered cell FDRE clocked by sys_clk_pin  {rise@0.000ns fall@5.000ns period=10.000ns})
  Destination:            u_deb/timer_reg[15]/D
                            (rising edge-triggered cell FDRE clocked by sys_clk_pin  {rise@0.000ns fall@5.000ns period=10.000ns})
  Path Group:             sys_clk_pin
  Path Type:              Setup (Max at Slow Process Corner)
  Requirement:            10.000ns  (sys_clk_pin rise@10.000ns - sys_clk_pin rise@0.000ns)
  Data Path Delay:        3.665ns  (logic 0.828ns (22.595%)  route 2.837ns (77.405%))
  Logic Levels:           3  (LUT2=1 LUT4=1 LUT5=1)
  Clock Path Skew:        0.000ns (DCD - SCD + CPR)
    Destination Clock Delay (DCD):    4.791ns = ( 14.791 - 10.000 ) 
    Source Clock Delay      (SCD):    5.090ns
    Clock Pessimism Removal (CPR):    0.299ns
  Clock Uncertainty:      0.035ns  ((TSJ^2 + TIJ^2)^1/2 + DJ) / 2 + PE
    Total System Jitter     (TSJ):    0.071ns
    Total Input Jitter      (TIJ):    0.000ns
    Discrete Jitter          (DJ):    0.000ns
    Phase Error              (PE):    0.000ns

    Location             Delay type                Incr(ns)  Path(ns)    Netlist Resource(s)
  -------------------------------------------------------------------    -------------------
                         (clock sys_clk_pin rise edge)
                                                      0.000     0.000 r  
    W5                                                0.000     0.000 r  clk (IN)
                         net (fo=0)                   0.000     0.000    clk
    W5                   IBUF (Prop_ibuf_I_O)         1.458     1.458 r  clk_IBUF_inst/O
                         net (fo=1, routed)           1.967     3.425    clk_IBUF
    BUFGCTRL_X0Y0        BUFG (Prop_bufg_I_O)         0.096     3.521 r  clk_IBUF_BUFG_inst/O
                         net (fo=77, routed)          1.569     5.090    u_deb/CLK
    SLICE_X49Y41         FDRE                                         r  u_deb/timer_reg[18]/C
  -------------------------------------------------------------------    -------------------
    SLICE_X49Y41         FDRE (Prop_fdre_C_Q)         0.456     5.546 f  u_deb/timer_reg[18]/Q
                         net (fo=2, routed)           0.820     6.367    u_deb/timer[18]
    SLICE_X49Y40         LUT4 (Prop_lut4_I0_O)        0.124     6.491 r  u_deb/timer[19]_i_6/O
                         net (fo=1, routed)           0.825     7.316    u_deb/timer[19]_i_6_n_0
    SLICE_X50Y39         LUT5 (Prop_lut5_I2_O)        0.124     7.440 f  u_deb/timer[19]_i_3/O
                         net (fo=20, routed)          1.191     8.631    u_deb/timer[19]_i_3_n_0
    SLICE_X49Y41         LUT2 (Prop_lut2_I1_O)        0.124     8.755 r  u_deb/timer[15]_i_1/O
                         net (fo=1, routed)           0.000     8.755    u_deb/timer_0[15]
    SLICE_X49Y41         FDRE                                         r  u_deb/timer_reg[15]/D
  -------------------------------------------------------------------    -------------------

                         (clock sys_clk_pin rise edge)
                                                     10.000    10.000 r  
    W5                                                0.000    10.000 r  clk (IN)
                         net (fo=0)                   0.000    10.000    clk
    W5                   IBUF (Prop_ibuf_I_O)         1.388    11.388 r  clk_IBUF_inst/O
                         net (fo=1, routed)           1.862    13.250    clk_IBUF
    BUFGCTRL_X0Y0        BUFG (Prop_bufg_I_O)         0.091    13.341 r  clk_IBUF_BUFG_inst/O
                         net (fo=77, routed)          1.450    14.791    u_deb/CLK
    SLICE_X49Y41         FDRE                                         r  u_deb/timer_reg[15]/C
                         clock pessimism              0.299    15.090    
                         clock uncertainty           -0.035    15.055    
    SLICE_X49Y41         FDRE (Setup_fdre_C_D)        0.031    15.086    u_deb/timer_reg[15]
  -------------------------------------------------------------------
                         required time                         15.086    
                         arrival time                          -8.755    
  -------------------------------------------------------------------
                         slack                                  6.331    

Slack (MET) :             6.345ns  (required time - arrival time)
  Source:                 u_deb/timer_reg[18]/C
                            (rising edge-triggered cell FDRE clocked by sys_clk_pin  {rise@0.000ns fall@5.000ns period=10.000ns})
  Destination:            u_deb/timer_reg[16]/D
                            (rising edge-triggered cell FDRE clocked by sys_clk_pin  {rise@0.000ns fall@5.000ns period=10.000ns})
  Path Group:             sys_clk_pin
  Path Type:              Setup (Max at Slow Process Corner)
  Requirement:            10.000ns  (sys_clk_pin rise@10.000ns - sys_clk_pin rise@0.000ns)
  Data Path Delay:        3.695ns  (logic 0.858ns (23.223%)  route 2.837ns (76.777%))
  Logic Levels:           3  (LUT2=1 LUT4=1 LUT5=1)
  Clock Path Skew:        0.000ns (DCD - SCD + CPR)
    Destination Clock Delay (DCD):    4.791ns = ( 14.791 - 10.000 ) 
    Source Clock Delay      (SCD):    5.090ns
    Clock Pessimism Removal (CPR):    0.299ns
  Clock Uncertainty:      0.035ns  ((TSJ^2 + TIJ^2)^1/2 + DJ) / 2 + PE
    Total System Jitter     (TSJ):    0.071ns
    Total Input Jitter      (TIJ):    0.000ns
    Discrete Jitter          (DJ):    0.000ns
    Phase Error              (PE):    0.000ns

    Location             Delay type                Incr(ns)  Path(ns)    Netlist Resource(s)
  -------------------------------------------------------------------    -------------------
                         (clock sys_clk_pin rise edge)
                                                      0.000     0.000 r  
    W5                                                0.000     0.000 r  clk (IN)
                         net (fo=0)                   0.000     0.000    clk
    W5                   IBUF (Prop_ibuf_I_O)         1.458     1.458 r  clk_IBUF_inst/O
                         net (fo=1, routed)           1.967     3.425    clk_IBUF
    BUFGCTRL_X0Y0        BUFG (Prop_bufg_I_O)         0.096     3.521 r  clk_IBUF_BUFG_inst/O
                         net (fo=77, routed)          1.569     5.090    u_deb/CLK
    SLICE_X49Y41         FDRE                                         r  u_deb/timer_reg[18]/C
  -------------------------------------------------------------------    -------------------
    SLICE_X49Y41         FDRE (Prop_fdre_C_Q)         0.456     5.546 f  u_deb/timer_reg[18]/Q
                         net (fo=2, routed)           0.820     6.367    u_deb/timer[18]
    SLICE_X49Y40         LUT4 (Prop_lut4_I0_O)        0.124     6.491 r  u_deb/timer[19]_i_6/O
                         net (fo=1, routed)           0.825     7.316    u_deb/timer[19]_i_6_n_0
    SLICE_X50Y39         LUT5 (Prop_lut5_I2_O)        0.124     7.440 f  u_deb/timer[19]_i_3/O
                         net (fo=20, routed)          1.191     8.631    u_deb/timer[19]_i_3_n_0
    SLICE_X49Y41         LUT2 (Prop_lut2_I1_O)        0.154     8.785 r  u_deb/timer[16]_i_1/O
                         net (fo=1, routed)           0.000     8.785    u_deb/timer_0[16]
    SLICE_X49Y41         FDRE                                         r  u_deb/timer_reg[16]/D
  -------------------------------------------------------------------    -------------------

                         (clock sys_clk_pin rise edge)
                                                     10.000    10.000 r  
    W5                                                0.000    10.000 r  clk (IN)
                         net (fo=0)                   0.000    10.000    clk
    W5                   IBUF (Prop_ibuf_I_O)         1.388    11.388 r  clk_IBUF_inst/O
                         net (fo=1, routed)           1.862    13.250    clk_IBUF
    BUFGCTRL_X0Y0        BUFG (Prop_bufg_I_O)         0.091    13.341 r  clk_IBUF_BUFG_inst/O
                         net (fo=77, routed)          1.450    14.791    u_deb/CLK
    SLICE_X49Y41         FDRE                                         r  u_deb/timer_reg[16]/C
                         clock pessimism              0.299    15.090    
                         clock uncertainty           -0.035    15.055    
    SLICE_X49Y41         FDRE (Setup_fdre_C_D)        0.075    15.130    u_deb/timer_reg[16]
  -------------------------------------------------------------------
                         required time                         15.130    
                         arrival time                          -8.785    
  -------------------------------------------------------------------
                         slack                                  6.345    

Slack (MET) :             6.499ns  (required time - arrival time)
  Source:                 u_deb/timer_reg[18]/C
                            (rising edge-triggered cell FDRE clocked by sys_clk_pin  {rise@0.000ns fall@5.000ns period=10.000ns})
  Destination:            u_deb/timer_reg[14]/D
                            (rising edge-triggered cell FDRE clocked by sys_clk_pin  {rise@0.000ns fall@5.000ns period=10.000ns})
  Path Group:             sys_clk_pin
  Path Type:              Setup (Max at Slow Process Corner)
  Requirement:            10.000ns  (sys_clk_pin rise@10.000ns - sys_clk_pin rise@0.000ns)
  Data Path Delay:        3.497ns  (logic 0.828ns (23.680%)  route 2.669ns (76.320%))
  Logic Levels:           3  (LUT2=1 LUT4=1 LUT5=1)
  Clock Path Skew:        0.000ns (DCD - SCD + CPR)
    Destination Clock Delay (DCD):    4.791ns = ( 14.791 - 10.000 ) 
    Source Clock Delay      (SCD):    5.090ns
    Clock Pessimism Removal (CPR):    0.299ns
  Clock Uncertainty:      0.035ns  ((TSJ^2 + TIJ^2)^1/2 + DJ) / 2 + PE
    Total System Jitter     (TSJ):    0.071ns
    Total Input Jitter      (TIJ):    0.000ns
    Discrete Jitter          (DJ):    0.000ns
    Phase Error              (PE):    0.000ns

    Location             Delay type                Incr(ns)  Path(ns)    Netlist Resource(s)
  -------------------------------------------------------------------    -------------------
                         (clock sys_clk_pin rise edge)
                                                      0.000     0.000 r  
    W5                                                0.000     0.000 r  clk (IN)
                         net (fo=0)                   0.000     0.000    clk
    W5                   IBUF (Prop_ibuf_I_O)         1.458     1.458 r  clk_IBUF_inst/O
                         net (fo=1, routed)           1.967     3.425    clk_IBUF
    BUFGCTRL_X0Y0        BUFG (Prop_bufg_I_O)         0.096     3.521 r  clk_IBUF_BUFG_inst/O
                         net (fo=77, routed)          1.569     5.090    u_deb/CLK
    SLICE_X49Y41         FDRE                                         r  u_deb/timer_reg[18]/C
  -------------------------------------------------------------------    -------------------
    SLICE_X49Y41         FDRE (Prop_fdre_C_Q)         0.456     5.546 f  u_deb/timer_reg[18]/Q
                         net (fo=2, routed)           0.820     6.367    u_deb/timer[18]
    SLICE_X49Y40         LUT4 (Prop_lut4_I0_O)        0.124     6.491 r  u_deb/timer[19]_i_6/O
                         net (fo=1, routed)           0.825     7.316    u_deb/timer[19]_i_6_n_0
    SLICE_X50Y39         LUT5 (Prop_lut5_I2_O)        0.124     7.440 f  u_deb/timer[19]_i_3/O
                         net (fo=20, routed)          1.023     8.463    u_deb/timer[19]_i_3_n_0
    SLICE_X49Y41         LUT2 (Prop_lut2_I1_O)        0.124     8.587 r  u_deb/timer[14]_i_1/O
                         net (fo=1, routed)           0.000     8.587    u_deb/timer_0[14]
    SLICE_X49Y41         FDRE                                         r  u_deb/timer_reg[14]/D
  -------------------------------------------------------------------    -------------------

                         (clock sys_clk_pin rise edge)
                                                     10.000    10.000 r  
    W5                                                0.000    10.000 r  clk (IN)
                         net (fo=0)                   0.000    10.000    clk
    W5                   IBUF (Prop_ibuf_I_O)         1.388    11.388 r  clk_IBUF_inst/O
                         net (fo=1, routed)           1.862    13.250    clk_IBUF
    BUFGCTRL_X0Y0        BUFG (Prop_bufg_I_O)         0.091    13.341 r  clk_IBUF_BUFG_inst/O
                         net (fo=77, routed)          1.450    14.791    u_deb/CLK
    SLICE_X49Y41         FDRE                                         r  u_deb/timer_reg[14]/C
                         clock pessimism              0.299    15.090    
                         clock uncertainty           -0.035    15.055    
    SLICE_X49Y41         FDRE (Setup_fdre_C_D)        0.031    15.086    u_deb/timer_reg[14]
  -------------------------------------------------------------------
                         required time                         15.086    
                         arrival time                          -8.587    
  -------------------------------------------------------------------
                         slack                                  6.499    

Slack (MET) :             6.502ns  (required time - arrival time)
  Source:                 u_deb/timer_reg[18]/C
                            (rising edge-triggered cell FDRE clocked by sys_clk_pin  {rise@0.000ns fall@5.000ns period=10.000ns})
  Destination:            u_deb/timer_reg[10]/D
                            (rising edge-triggered cell FDRE clocked by sys_clk_pin  {rise@0.000ns fall@5.000ns period=10.000ns})
  Path Group:             sys_clk_pin
  Path Type:              Setup (Max at Slow Process Corner)
  Requirement:            10.000ns  (sys_clk_pin rise@10.000ns - sys_clk_pin rise@0.000ns)
  Data Path Delay:        3.492ns  (logic 0.828ns (23.714%)  route 2.664ns (76.286%))
  Logic Levels:           3  (LUT2=1 LUT4=1 LUT5=1)
  Clock Path Skew:        0.000ns (DCD - SCD + CPR)
    Destination Clock Delay (DCD):    4.791ns = ( 14.791 - 10.000 ) 
    Source Clock Delay      (SCD):    5.090ns
    Clock Pessimism Removal (CPR):    0.299ns
  Clock Uncertainty:      0.035ns  ((TSJ^2 + TIJ^2)^1/2 + DJ) / 2 + PE
    Total System Jitter     (TSJ):    0.071ns
    Total Input Jitter      (TIJ):    0.000ns
    Discrete Jitter          (DJ):    0.000ns
    Phase Error              (PE):    0.000ns

    Location             Delay type                Incr(ns)  Path(ns)    Netlist Resource(s)
  -------------------------------------------------------------------    -------------------
                         (clock sys_clk_pin rise edge)
                                                      0.000     0.000 r  
    W5                                                0.000     0.000 r  clk (IN)
                         net (fo=0)                   0.000     0.000    clk
    W5                   IBUF (Prop_ibuf_I_O)         1.458     1.458 r  clk_IBUF_inst/O
                         net (fo=1, routed)           1.967     3.425    clk_IBUF
    BUFGCTRL_X0Y0        BUFG (Prop_bufg_I_O)         0.096     3.521 r  clk_IBUF_BUFG_inst/O
                         net (fo=77, routed)          1.569     5.090    u_deb/CLK
    SLICE_X49Y41         FDRE                                         r  u_deb/timer_reg[18]/C
  -------------------------------------------------------------------    -------------------
    SLICE_X49Y41         FDRE (Prop_fdre_C_Q)         0.456     5.546 f  u_deb/timer_reg[18]/Q
                         net (fo=2, routed)           0.820     6.367    u_deb/timer[18]
    SLICE_X49Y40         LUT4 (Prop_lut4_I0_O)        0.124     6.491 r  u_deb/timer[19]_i_6/O
                         net (fo=1, routed)           0.825     7.316    u_deb/timer[19]_i_6_n_0
    SLICE_X50Y39         LUT5 (Prop_lut5_I2_O)        0.124     7.440 f  u_deb/timer[19]_i_3/O
                         net (fo=20, routed)          1.018     8.458    u_deb/timer[19]_i_3_n_0
    SLICE_X49Y41         LUT2 (Prop_lut2_I1_O)        0.124     8.582 r  u_deb/timer[10]_i_1/O
                         net (fo=1, routed)           0.000     8.582    u_deb/timer_0[10]
    SLICE_X49Y41         FDRE                                         r  u_deb/timer_reg[10]/D
  -------------------------------------------------------------------    -------------------

                         (clock sys_clk_pin rise edge)
                                                     10.000    10.000 r  
    W5                                                0.000    10.000 r  clk (IN)
                         net (fo=0)                   0.000    10.000    clk
    W5                   IBUF (Prop_ibuf_I_O)         1.388    11.388 r  clk_IBUF_inst/O
                         net (fo=1, routed)           1.862    13.250    clk_IBUF
    BUFGCTRL_X0Y0        BUFG (Prop_bufg_I_O)         0.091    13.341 r  clk_IBUF_BUFG_inst/O
                         net (fo=77, routed)          1.450    14.791    u_deb/CLK
    SLICE_X49Y41         FDRE                                         r  u_deb/timer_reg[10]/C
                         clock pessimism              0.299    15.090    
                         clock uncertainty           -0.035    15.055    
    SLICE_X49Y41         FDRE (Setup_fdre_C_D)        0.029    15.084    u_deb/timer_reg[10]
  -------------------------------------------------------------------
                         required time                         15.084    
                         arrival time                          -8.582    
  -------------------------------------------------------------------
                         slack                                  6.502    

Slack (MET) :             6.522ns  (required time - arrival time)
  Source:                 u_deb/timer_reg[18]/C
                            (rising edge-triggered cell FDRE clocked by sys_clk_pin  {rise@0.000ns fall@5.000ns period=10.000ns})
  Destination:            u_deb/timer_reg[13]/D
                            (rising edge-triggered cell FDRE clocked by sys_clk_pin  {rise@0.000ns fall@5.000ns period=10.000ns})
  Path Group:             sys_clk_pin
  Path Type:              Setup (Max at Slow Process Corner)
  Requirement:            10.000ns  (sys_clk_pin rise@10.000ns - sys_clk_pin rise@0.000ns)
  Data Path Delay:        3.518ns  (logic 0.854ns (24.278%)  route 2.664ns (75.722%))
  Logic Levels:           3  (LUT2=1 LUT4=1 LUT5=1)
  Clock Path Skew:        0.000ns (DCD - SCD + CPR)
    Destination Clock Delay (DCD):    4.791ns = ( 14.791 - 10.000 ) 
    Source Clock Delay      (SCD):    5.090ns
    Clock Pessimism Removal (CPR):    0.299ns
  Clock Uncertainty:      0.035ns  ((TSJ^2 + TIJ^2)^1/2 + DJ) / 2 + PE
    Total System Jitter     (TSJ):    0.071ns
    Total Input Jitter      (TIJ):    0.000ns
    Discrete Jitter          (DJ):    0.000ns
    Phase Error              (PE):    0.000ns

    Location             Delay type                Incr(ns)  Path(ns)    Netlist Resource(s)
  -------------------------------------------------------------------    -------------------
                         (clock sys_clk_pin rise edge)
                                                      0.000     0.000 r  
    W5                                                0.000     0.000 r  clk (IN)
                         net (fo=0)                   0.000     0.000    clk
    W5                   IBUF (Prop_ibuf_I_O)         1.458     1.458 r  clk_IBUF_inst/O
                         net (fo=1, routed)           1.967     3.425    clk_IBUF
    BUFGCTRL_X0Y0        BUFG (Prop_bufg_I_O)         0.096     3.521 r  clk_IBUF_BUFG_inst/O
                         net (fo=77, routed)          1.569     5.090    u_deb/CLK
    SLICE_X49Y41         FDRE                                         r  u_deb/timer_reg[18]/C
  -------------------------------------------------------------------    -------------------
    SLICE_X49Y41         FDRE (Prop_fdre_C_Q)         0.456     5.546 f  u_deb/timer_reg[18]/Q
                         net (fo=2, routed)           0.820     6.367    u_deb/timer[18]
    SLICE_X49Y40         LUT4 (Prop_lut4_I0_O)        0.124     6.491 r  u_deb/timer[19]_i_6/O
                         net (fo=1, routed)           0.825     7.316    u_deb/timer[19]_i_6_n_0
    SLICE_X50Y39         LUT5 (Prop_lut5_I2_O)        0.124     7.440 f  u_deb/timer[19]_i_3/O
                         net (fo=20, routed)          1.018     8.458    u_deb/timer[19]_i_3_n_0
    SLICE_X49Y41         LUT2 (Prop_lut2_I1_O)        0.150     8.608 r  u_deb/timer[13]_i_1/O
                         net (fo=1, routed)           0.000     8.608    u_deb/timer_0[13]
    SLICE_X49Y41         FDRE                                         r  u_deb/timer_reg[13]/D
  -------------------------------------------------------------------    -------------------

                         (clock sys_clk_pin rise edge)
                                                     10.000    10.000 r  
    W5                                                0.000    10.000 r  clk (IN)
                         net (fo=0)                   0.000    10.000    clk
    W5                   IBUF (Prop_ibuf_I_O)         1.388    11.388 r  clk_IBUF_inst/O
                         net (fo=1, routed)           1.862    13.250    clk_IBUF
    BUFGCTRL_X0Y0        BUFG (Prop_bufg_I_O)         0.091    13.341 r  clk_IBUF_BUFG_inst/O
                         net (fo=77, routed)          1.450    14.791    u_deb/CLK
    SLICE_X49Y41         FDRE                                         r  u_deb/timer_reg[13]/C
                         clock pessimism              0.299    15.090    
                         clock uncertainty           -0.035    15.055    
    SLICE_X49Y41         FDRE (Setup_fdre_C_D)        0.075    15.130    u_deb/timer_reg[13]
  -------------------------------------------------------------------
                         required time                         15.130    
                         arrival time                          -8.608    
  -------------------------------------------------------------------
                         slack                                  6.522    

Slack (MET) :             6.570ns  (required time - arrival time)
  Source:                 opcode_r_reg[0]/C
                            (rising edge-triggered cell FDCE clocked by sys_clk_pin  {rise@0.000ns fall@5.000ns period=10.000ns})
  Destination:            led_data_reg[6]/D
                            (rising edge-triggered cell FDCE clocked by sys_clk_pin  {rise@0.000ns fall@5.000ns period=10.000ns})
  Path Group:             sys_clk_pin
  Path Type:              Setup (Max at Slow Process Corner)
  Requirement:            10.000ns  (sys_clk_pin rise@10.000ns - sys_clk_pin rise@0.000ns)
  Data Path Delay:        3.447ns  (logic 1.334ns (38.703%)  route 2.113ns (61.297%))
  Logic Levels:           3  (LUT4=2 LUT6=1)
  Clock Path Skew:        -0.027ns (DCD - SCD + CPR)
    Destination Clock Delay (DCD):    4.789ns = ( 14.789 - 10.000 ) 
    Source Clock Delay      (SCD):    5.090ns
    Clock Pessimism Removal (CPR):    0.274ns
  Clock Uncertainty:      0.035ns  ((TSJ^2 + TIJ^2)^1/2 + DJ) / 2 + PE
    Total System Jitter     (TSJ):    0.071ns
    Total Input Jitter      (TIJ):    0.000ns
    Discrete Jitter          (DJ):    0.000ns
    Phase Error              (PE):    0.000ns

    Location             Delay type                Incr(ns)  Path(ns)    Netlist Resource(s)
  -------------------------------------------------------------------    -------------------
                         (clock sys_clk_pin rise edge)
                                                      0.000     0.000 r  
    W5                                                0.000     0.000 r  clk (IN)
                         net (fo=0)                   0.000     0.000    clk
    W5                   IBUF (Prop_ibuf_I_O)         1.458     1.458 r  clk_IBUF_inst/O
                         net (fo=1, routed)           1.967     3.425    clk_IBUF
    BUFGCTRL_X0Y0        BUFG (Prop_bufg_I_O)         0.096     3.521 r  clk_IBUF_BUFG_inst/O
                         net (fo=77, routed)          1.569     5.090    clk_IBUF_BUFG
    SLICE_X52Y40         FDCE                                         r  opcode_r_reg[0]/C
  -------------------------------------------------------------------    -------------------
    SLICE_X52Y40         FDCE (Prop_fdce_C_Q)         0.518     5.608 r  opcode_r_reg[0]/Q
                         net (fo=4, routed)           1.093     6.702    opcode_r__0[0]
    SLICE_X52Y39         LUT4 (Prop_lut4_I1_O)        0.153     6.855 f  led_data[10]_i_2/O
                         net (fo=2, routed)           0.420     7.274    led_data[10]_i_2_n_0
    SLICE_X52Y38         LUT4 (Prop_lut4_I3_O)        0.323     7.597 r  led_data[10]_i_1/O
                         net (fo=2, routed)           0.600     8.197    u_main/Branch
    SLICE_X50Y37         LUT6 (Prop_lut6_I0_O)        0.340     8.537 r  led_data[6]_i_1/O
                         net (fo=1, routed)           0.000     8.537    u_alu/ALUControl[2]
    SLICE_X50Y37         FDCE                                         r  led_data_reg[6]/D
  -------------------------------------------------------------------    -------------------

                         (clock sys_clk_pin rise edge)
                                                     10.000    10.000 r  
    W5                                                0.000    10.000 r  clk (IN)
                         net (fo=0)                   0.000    10.000    clk
    W5                   IBUF (Prop_ibuf_I_O)         1.388    11.388 r  clk_IBUF_inst/O
                         net (fo=1, routed)           1.862    13.250    clk_IBUF
    BUFGCTRL_X0Y0        BUFG (Prop_bufg_I_O)         0.091    13.341 r  clk_IBUF_BUFG_inst/O
                         net (fo=77, routed)          1.448    14.789    clk_IBUF_BUFG
    SLICE_X50Y37         FDCE                                         r  led_data_reg[6]/C
                         clock pessimism              0.274    15.063    
                         clock uncertainty           -0.035    15.028    
    SLICE_X50Y37         FDCE (Setup_fdce_C_D)        0.079    15.107    led_data_reg[6]
  -------------------------------------------------------------------
                         required time                         15.107    
                         arrival time                          -8.537    
  -------------------------------------------------------------------
                         slack                                  6.570    





Min Delay Paths
--------------------------------------------------------------------------------------
Slack (MET) :             0.146ns  (arrival time - required time)
  Source:                 funct7_r_reg[5]/C
                            (rising edge-triggered cell FDCE clocked by sys_clk_pin  {rise@0.000ns fall@5.000ns period=10.000ns})
  Destination:            led_data_reg[6]/D
                            (rising edge-triggered cell FDCE clocked by sys_clk_pin  {rise@0.000ns fall@5.000ns period=10.000ns})
  Path Group:             sys_clk_pin
  Path Type:              Hold (Min at Fast Process Corner)
  Requirement:            0.000ns  (sys_clk_pin rise@0.000ns - sys_clk_pin rise@0.000ns)
  Data Path Delay:        0.303ns  (logic 0.186ns (61.380%)  route 0.117ns (38.620%))
  Logic Levels:           1  (LUT6=1)
  Clock Path Skew:        0.036ns (DCD - SCD - CPR)
    Destination Clock Delay (DCD):    1.960ns
    Source Clock Delay      (SCD):    1.446ns
    Clock Pessimism Removal (CPR):    0.478ns

    Location             Delay type                Incr(ns)  Path(ns)    Netlist Resource(s)
  -------------------------------------------------------------------    -------------------
                         (clock sys_clk_pin rise edge)
                                                      0.000     0.000 r  
    W5                                                0.000     0.000 r  clk (IN)
                         net (fo=0)                   0.000     0.000    clk
    W5                   IBUF (Prop_ibuf_I_O)         0.226     0.226 r  clk_IBUF_inst/O
                         net (fo=1, routed)           0.631     0.858    clk_IBUF
    BUFGCTRL_X0Y0        BUFG (Prop_bufg_I_O)         0.026     0.884 r  clk_IBUF_BUFG_inst/O
                         net (fo=77, routed)          0.563     1.446    clk_IBUF_BUFG
    SLICE_X49Y37         FDCE                                         r  funct7_r_reg[5]/C
  -------------------------------------------------------------------    -------------------
    SLICE_X49Y37         FDCE (Prop_fdce_C_Q)         0.141     1.587 r  funct7_r_reg[5]/Q
                         net (fo=1, routed)           0.117     1.704    funct7_r[5]
    SLICE_X50Y37         LUT6 (Prop_lut6_I4_O)        0.045     1.749 r  led_data[6]_i_1/O
                         net (fo=1, routed)           0.000     1.749    u_alu/ALUControl[2]
    SLICE_X50Y37         FDCE                                         r  led_data_reg[6]/D
  -------------------------------------------------------------------    -------------------

                         (clock sys_clk_pin rise edge)
                                                      0.000     0.000 r  
    W5                                                0.000     0.000 r  clk (IN)
                         net (fo=0)                   0.000     0.000    clk
    W5                   IBUF (Prop_ibuf_I_O)         0.414     0.414 r  clk_IBUF_inst/O
                         net (fo=1, routed)           0.685     1.099    clk_IBUF
    BUFGCTRL_X0Y0        BUFG (Prop_bufg_I_O)         0.029     1.128 r  clk_IBUF_BUFG_inst/O
                         net (fo=77, routed)          0.833     1.960    clk_IBUF_BUFG
    SLICE_X50Y37         FDCE                                         r  led_data_reg[6]/C
                         clock pessimism             -0.478     1.482    
    SLICE_X50Y37         FDCE (Hold_fdce_C_D)         0.121     1.603    led_data_reg[6]
  -------------------------------------------------------------------
                         required time                         -1.603    
                         arrival time                           1.749    
  -------------------------------------------------------------------
                         slack                                  0.146    

Slack (MET) :             0.154ns  (arrival time - required time)
  Source:                 funct3_r_reg[2]/C
                            (rising edge-triggered cell FDCE clocked by sys_clk_pin  {rise@0.000ns fall@5.000ns period=10.000ns})
  Destination:            led_data_reg[5]/D
                            (rising edge-triggered cell FDCE clocked by sys_clk_pin  {rise@0.000ns fall@5.000ns period=10.000ns})
  Path Group:             sys_clk_pin
  Path Type:              Hold (Min at Fast Process Corner)
  Requirement:            0.000ns  (sys_clk_pin rise@0.000ns - sys_clk_pin rise@0.000ns)
  Data Path Delay:        0.298ns  (logic 0.189ns (63.357%)  route 0.109ns (36.643%))
  Logic Levels:           1  (LUT4=1)
  Clock Path Skew:        0.013ns (DCD - SCD - CPR)
    Destination Clock Delay (DCD):    1.960ns
    Source Clock Delay      (SCD):    1.446ns
    Clock Pessimism Removal (CPR):    0.501ns

    Location             Delay type                Incr(ns)  Path(ns)    Netlist Resource(s)
  -------------------------------------------------------------------    -------------------
                         (clock sys_clk_pin rise edge)
                                                      0.000     0.000 r  
    W5                                                0.000     0.000 r  clk (IN)
                         net (fo=0)                   0.000     0.000    clk
    W5                   IBUF (Prop_ibuf_I_O)         0.226     0.226 r  clk_IBUF_inst/O
                         net (fo=1, routed)           0.631     0.858    clk_IBUF
    BUFGCTRL_X0Y0        BUFG (Prop_bufg_I_O)         0.026     0.884 r  clk_IBUF_BUFG_inst/O
                         net (fo=77, routed)          0.563     1.446    clk_IBUF_BUFG
    SLICE_X51Y37         FDCE                                         r  funct3_r_reg[2]/C
  -------------------------------------------------------------------    -------------------
    SLICE_X51Y37         FDCE (Prop_fdce_C_Q)         0.141     1.587 f  funct3_r_reg[2]/Q
                         net (fo=4, routed)           0.109     1.696    funct3_r[2]
    SLICE_X50Y37         LUT4 (Prop_lut4_I2_O)        0.048     1.744 r  led_data[5]_i_1/O
                         net (fo=1, routed)           0.000     1.744    u_alu/ALUControl[1]
    SLICE_X50Y37         FDCE                                         r  led_data_reg[5]/D
  -------------------------------------------------------------------    -------------------

                         (clock sys_clk_pin rise edge)
                                                      0.000     0.000 r  
    W5                                                0.000     0.000 r  clk (IN)
                         net (fo=0)                   0.000     0.000    clk
    W5                   IBUF (Prop_ibuf_I_O)         0.414     0.414 r  clk_IBUF_inst/O
                         net (fo=1, routed)           0.685     1.099    clk_IBUF
    BUFGCTRL_X0Y0        BUFG (Prop_bufg_I_O)         0.029     1.128 r  clk_IBUF_BUFG_inst/O
                         net (fo=77, routed)          0.833     1.960    clk_IBUF_BUFG
    SLICE_X50Y37         FDCE                                         r  led_data_reg[5]/C
                         clock pessimism             -0.501     1.459    
    SLICE_X50Y37         FDCE (Hold_fdce_C_D)         0.131     1.590    led_data_reg[5]
  -------------------------------------------------------------------
                         required time                         -1.590    
                         arrival time                           1.744    
  -------------------------------------------------------------------
                         slack                                  0.154    

Slack (MET) :             0.162ns  (arrival time - required time)
  Source:                 funct3_r_reg[2]/C
                            (rising edge-triggered cell FDCE clocked by sys_clk_pin  {rise@0.000ns fall@5.000ns period=10.000ns})
  Destination:            led_data_reg[4]/D
                            (rising edge-triggered cell FDCE clocked by sys_clk_pin  {rise@0.000ns fall@5.000ns period=10.000ns})
  Path Group:             sys_clk_pin
  Path Type:              Hold (Min at Fast Process Corner)
  Requirement:            0.000ns  (sys_clk_pin rise@0.000ns - sys_clk_pin rise@0.000ns)
  Data Path Delay:        0.295ns  (logic 0.186ns (62.984%)  route 0.109ns (37.016%))
  Logic Levels:           1  (LUT4=1)
  Clock Path Skew:        0.013ns (DCD - SCD - CPR)
    Destination Clock Delay (DCD):    1.960ns
    Source Clock Delay      (SCD):    1.446ns
    Clock Pessimism Removal (CPR):    0.501ns

    Location             Delay type                Incr(ns)  Path(ns)    Netlist Resource(s)
  -------------------------------------------------------------------    -------------------
                         (clock sys_clk_pin rise edge)
                                                      0.000     0.000 r  
    W5                                                0.000     0.000 r  clk (IN)
                         net (fo=0)                   0.000     0.000    clk
    W5                   IBUF (Prop_ibuf_I_O)         0.226     0.226 r  clk_IBUF_inst/O
                         net (fo=1, routed)           0.631     0.858    clk_IBUF
    BUFGCTRL_X0Y0        BUFG (Prop_bufg_I_O)         0.026     0.884 r  clk_IBUF_BUFG_inst/O
                         net (fo=77, routed)          0.563     1.446    clk_IBUF_BUFG
    SLICE_X51Y37         FDCE                                         r  funct3_r_reg[2]/C
  -------------------------------------------------------------------    -------------------
    SLICE_X51Y37         FDCE (Prop_fdce_C_Q)         0.141     1.587 r  funct3_r_reg[2]/Q
                         net (fo=4, routed)           0.109     1.696    funct3_r[2]
    SLICE_X50Y37         LUT4 (Prop_lut4_I1_O)        0.045     1.741 r  led_data[4]_i_1/O
                         net (fo=1, routed)           0.000     1.741    u_alu/ALUControl[0]
    SLICE_X50Y37         FDCE                                         r  led_data_reg[4]/D
  -------------------------------------------------------------------    -------------------

                         (clock sys_clk_pin rise edge)
                                                      0.000     0.000 r  
    W5                                                0.000     0.000 r  clk (IN)
                         net (fo=0)                   0.000     0.000    clk
    W5                   IBUF (Prop_ibuf_I_O)         0.414     0.414 r  clk_IBUF_inst/O
                         net (fo=1, routed)           0.685     1.099    clk_IBUF
    BUFGCTRL_X0Y0        BUFG (Prop_bufg_I_O)         0.029     1.128 r  clk_IBUF_BUFG_inst/O
                         net (fo=77, routed)          0.833     1.960    clk_IBUF_BUFG
    SLICE_X50Y37         FDCE                                         r  led_data_reg[4]/C
                         clock pessimism             -0.501     1.459    
    SLICE_X50Y37         FDCE (Hold_fdce_C_D)         0.120     1.579    led_data_reg[4]
  -------------------------------------------------------------------
                         required time                         -1.579    
                         arrival time                           1.741    
  -------------------------------------------------------------------
                         slack                                  0.162    

Slack (MET) :             0.163ns  (arrival time - required time)
  Source:                 u_deb/pbout_reg/C
                            (rising edge-triggered cell FDRE clocked by sys_clk_pin  {rise@0.000ns fall@5.000ns period=10.000ns})
  Destination:            FSM_onehot_state_reg[0]/D
                            (rising edge-triggered cell FDPE clocked by sys_clk_pin  {rise@0.000ns fall@5.000ns period=10.000ns})
  Path Group:             sys_clk_pin
  Path Type:              Hold (Min at Fast Process Corner)
  Requirement:            0.000ns  (sys_clk_pin rise@0.000ns - sys_clk_pin rise@0.000ns)
  Data Path Delay:        0.296ns  (logic 0.186ns (62.765%)  route 0.110ns (37.235%))
  Logic Levels:           1  (LUT2=1)
  Clock Path Skew:        0.013ns (DCD - SCD - CPR)
    Destination Clock Delay (DCD):    1.963ns
    Source Clock Delay      (SCD):    1.448ns
    Clock Pessimism Removal (CPR):    0.502ns

    Location             Delay type                Incr(ns)  Path(ns)    Netlist Resource(s)
  -------------------------------------------------------------------    -------------------
                         (clock sys_clk_pin rise edge)
                                                      0.000     0.000 r  
    W5                                                0.000     0.000 r  clk (IN)
                         net (fo=0)                   0.000     0.000    clk
    W5                   IBUF (Prop_ibuf_I_O)         0.226     0.226 r  clk_IBUF_inst/O
                         net (fo=1, routed)           0.631     0.858    clk_IBUF
    BUFGCTRL_X0Y0        BUFG (Prop_bufg_I_O)         0.026     0.884 r  clk_IBUF_BUFG_inst/O
                         net (fo=77, routed)          0.565     1.448    u_deb/CLK
    SLICE_X51Y40         FDRE                                         r  u_deb/pbout_reg/C
  -------------------------------------------------------------------    -------------------
    SLICE_X51Y40         FDRE (Prop_fdre_C_Q)         0.141     1.589 f  u_deb/pbout_reg/Q
                         net (fo=6, routed)           0.110     1.699    u_deb/btn_clean
    SLICE_X50Y40         LUT2 (Prop_lut2_I1_O)        0.045     1.744 r  u_deb/FSM_onehot_state[0]_i_1/O
                         net (fo=1, routed)           0.000     1.744    u_deb_n_3
    SLICE_X50Y40         FDPE                                         r  FSM_onehot_state_reg[0]/D
  -------------------------------------------------------------------    -------------------

                         (clock sys_clk_pin rise edge)
                                                      0.000     0.000 r  
    W5                                                0.000     0.000 r  clk (IN)
                         net (fo=0)                   0.000     0.000    clk
    W5                   IBUF (Prop_ibuf_I_O)         0.414     0.414 r  clk_IBUF_inst/O
                         net (fo=1, routed)           0.685     1.099    clk_IBUF
    BUFGCTRL_X0Y0        BUFG (Prop_bufg_I_O)         0.029     1.128 r  clk_IBUF_BUFG_inst/O
                         net (fo=77, routed)          0.836     1.963    clk_IBUF_BUFG
    SLICE_X50Y40         FDPE                                         r  FSM_onehot_state_reg[0]/C
                         clock pessimism             -0.502     1.461    
    SLICE_X50Y40         FDPE (Hold_fdpe_C_D)         0.120     1.581    FSM_onehot_state_reg[0]
  -------------------------------------------------------------------
                         required time                         -1.581    
                         arrival time                           1.744    
  -------------------------------------------------------------------
                         slack                                  0.163    

Slack (MET) :             0.165ns  (arrival time - required time)
  Source:                 funct3_r_reg[2]/C
                            (rising edge-triggered cell FDCE clocked by sys_clk_pin  {rise@0.000ns fall@5.000ns period=10.000ns})
  Destination:            led_data_reg[7]/D
                            (rising edge-triggered cell FDCE clocked by sys_clk_pin  {rise@0.000ns fall@5.000ns period=10.000ns})
  Path Group:             sys_clk_pin
  Path Type:              Hold (Min at Fast Process Corner)
  Requirement:            0.000ns  (sys_clk_pin rise@0.000ns - sys_clk_pin rise@0.000ns)
  Data Path Delay:        0.299ns  (logic 0.186ns (62.143%)  route 0.113ns (37.857%))
  Logic Levels:           1  (LUT4=1)
  Clock Path Skew:        0.013ns (DCD - SCD - CPR)
    Destination Clock Delay (DCD):    1.960ns
    Source Clock Delay      (SCD):    1.446ns
    Clock Pessimism Removal (CPR):    0.501ns

    Location             Delay type                Incr(ns)  Path(ns)    Netlist Resource(s)
  -------------------------------------------------------------------    -------------------
                         (clock sys_clk_pin rise edge)
                                                      0.000     0.000 r  
    W5                                                0.000     0.000 r  clk (IN)
                         net (fo=0)                   0.000     0.000    clk
    W5                   IBUF (Prop_ibuf_I_O)         0.226     0.226 r  clk_IBUF_inst/O
                         net (fo=1, routed)           0.631     0.858    clk_IBUF
    BUFGCTRL_X0Y0        BUFG (Prop_bufg_I_O)         0.026     0.884 r  clk_IBUF_BUFG_inst/O
                         net (fo=77, routed)          0.563     1.446    clk_IBUF_BUFG
    SLICE_X51Y37         FDCE                                         r  funct3_r_reg[2]/C
  -------------------------------------------------------------------    -------------------
    SLICE_X51Y37         FDCE (Prop_fdce_C_Q)         0.141     1.587 r  funct3_r_reg[2]/Q
                         net (fo=4, routed)           0.113     1.700    funct3_r[2]
    SLICE_X50Y37         LUT4 (Prop_lut4_I2_O)        0.045     1.745 r  led_data[7]_i_1/O
                         net (fo=1, routed)           0.000     1.745    u_alu/ALUControl[3]
    SLICE_X50Y37         FDCE                                         r  led_data_reg[7]/D
  -------------------------------------------------------------------    -------------------

                         (clock sys_clk_pin rise edge)
                                                      0.000     0.000 r  
    W5                                                0.000     0.000 r  clk (IN)
                         net (fo=0)                   0.000     0.000    clk
    W5                   IBUF (Prop_ibuf_I_O)         0.414     0.414 r  clk_IBUF_inst/O
                         net (fo=1, routed)           0.685     1.099    clk_IBUF
    BUFGCTRL_X0Y0        BUFG (Prop_bufg_I_O)         0.029     1.128 r  clk_IBUF_BUFG_inst/O
                         net (fo=77, routed)          0.833     1.960    clk_IBUF_BUFG
    SLICE_X50Y37         FDCE                                         r  led_data_reg[7]/C
                         clock pessimism             -0.501     1.459    
    SLICE_X50Y37         FDCE (Hold_fdce_C_D)         0.121     1.580    led_data_reg[7]
  -------------------------------------------------------------------
                         required time                         -1.580    
                         arrival time                           1.745    
  -------------------------------------------------------------------
                         slack                                  0.165    

Slack (MET) :             0.172ns  (arrival time - required time)
  Source:                 FSM_onehot_state_reg[0]/C
                            (rising edge-triggered cell FDPE clocked by sys_clk_pin  {rise@0.000ns fall@5.000ns period=10.000ns})
  Destination:            FSM_onehot_state_reg[1]/D
                            (rising edge-triggered cell FDCE clocked by sys_clk_pin  {rise@0.000ns fall@5.000ns period=10.000ns})
  Path Group:             sys_clk_pin
  Path Type:              Hold (Min at Fast Process Corner)
  Requirement:            0.000ns  (sys_clk_pin rise@0.000ns - sys_clk_pin rise@0.000ns)
  Data Path Delay:        0.232ns  (logic 0.164ns (70.680%)  route 0.068ns (29.320%))
  Logic Levels:           0  
  Clock Path Skew:        0.000ns (DCD - SCD - CPR)
    Destination Clock Delay (DCD):    1.963ns
    Source Clock Delay      (SCD):    1.448ns
    Clock Pessimism Removal (CPR):    0.515ns

    Location             Delay type                Incr(ns)  Path(ns)    Netlist Resource(s)
  -------------------------------------------------------------------    -------------------
                         (clock sys_clk_pin rise edge)
                                                      0.000     0.000 r  
    W5                                                0.000     0.000 r  clk (IN)
                         net (fo=0)                   0.000     0.000    clk
    W5                   IBUF (Prop_ibuf_I_O)         0.226     0.226 r  clk_IBUF_inst/O
                         net (fo=1, routed)           0.631     0.858    clk_IBUF
    BUFGCTRL_X0Y0        BUFG (Prop_bufg_I_O)         0.026     0.884 r  clk_IBUF_BUFG_inst/O
                         net (fo=77, routed)          0.565     1.448    clk_IBUF_BUFG
    SLICE_X50Y40         FDPE                                         r  FSM_onehot_state_reg[0]/C
  -------------------------------------------------------------------    -------------------
    SLICE_X50Y40         FDPE (Prop_fdpe_C_Q)         0.164     1.612 r  FSM_onehot_state_reg[0]/Q
                         net (fo=2, routed)           0.068     1.680    FSM_onehot_state_reg_n_0_[0]
    SLICE_X50Y40         FDCE                                         r  FSM_onehot_state_reg[1]/D
  -------------------------------------------------------------------    -------------------

                         (clock sys_clk_pin rise edge)
                                                      0.000     0.000 r  
    W5                                                0.000     0.000 r  clk (IN)
                         net (fo=0)                   0.000     0.000    clk
    W5                   IBUF (Prop_ibuf_I_O)         0.414     0.414 r  clk_IBUF_inst/O
                         net (fo=1, routed)           0.685     1.099    clk_IBUF
    BUFGCTRL_X0Y0        BUFG (Prop_bufg_I_O)         0.029     1.128 r  clk_IBUF_BUFG_inst/O
                         net (fo=77, routed)          0.836     1.963    clk_IBUF_BUFG
    SLICE_X50Y40         FDCE                                         r  FSM_onehot_state_reg[1]/C
                         clock pessimism             -0.515     1.448    
    SLICE_X50Y40         FDCE (Hold_fdce_C_D)         0.060     1.508    FSM_onehot_state_reg[1]
  -------------------------------------------------------------------
                         required time                         -1.508    
                         arrival time                           1.680    
  -------------------------------------------------------------------
                         slack                                  0.172    

Slack (MET) :             0.173ns  (arrival time - required time)
  Source:                 u_sw/readData_reg[7]/C
                            (rising edge-triggered cell FDCE clocked by sys_clk_pin  {rise@0.000ns fall@5.000ns period=10.000ns})
  Destination:            funct3_r_reg[1]/D
                            (rising edge-triggered cell FDCE clocked by sys_clk_pin  {rise@0.000ns fall@5.000ns period=10.000ns})
  Path Group:             sys_clk_pin
  Path Type:              Hold (Min at Fast Process Corner)
  Requirement:            0.000ns  (sys_clk_pin rise@0.000ns - sys_clk_pin rise@0.000ns)
  Data Path Delay:        0.255ns  (logic 0.141ns (55.331%)  route 0.114ns (44.669%))
  Logic Levels:           0  
  Clock Path Skew:        0.016ns (DCD - SCD - CPR)
    Destination Clock Delay (DCD):    1.959ns
    Source Clock Delay      (SCD):    1.445ns
    Clock Pessimism Removal (CPR):    0.498ns

    Location             Delay type                Incr(ns)  Path(ns)    Netlist Resource(s)
  -------------------------------------------------------------------    -------------------
                         (clock sys_clk_pin rise edge)
                                                      0.000     0.000 r  
    W5                                                0.000     0.000 r  clk (IN)
                         net (fo=0)                   0.000     0.000    clk
    W5                   IBUF (Prop_ibuf_I_O)         0.226     0.226 r  clk_IBUF_inst/O
                         net (fo=1, routed)           0.631     0.858    clk_IBUF
    BUFGCTRL_X0Y0        BUFG (Prop_bufg_I_O)         0.026     0.884 r  clk_IBUF_BUFG_inst/O
                         net (fo=77, routed)          0.562     1.445    u_sw/CLK
    SLICE_X48Y36         FDCE                                         r  u_sw/readData_reg[7]/C
  -------------------------------------------------------------------    -------------------
    SLICE_X48Y36         FDCE (Prop_fdce_C_Q)         0.141     1.586 r  u_sw/readData_reg[7]/Q
                         net (fo=1, routed)           0.114     1.700    sw_funct3[1]
    SLICE_X48Y37         FDCE                                         r  funct3_r_reg[1]/D
  -------------------------------------------------------------------    -------------------

                         (clock sys_clk_pin rise edge)
                                                      0.000     0.000 r  
    W5                                                0.000     0.000 r  clk (IN)
                         net (fo=0)                   0.000     0.000    clk
    W5                   IBUF (Prop_ibuf_I_O)         0.414     0.414 r  clk_IBUF_inst/O
                         net (fo=1, routed)           0.685     1.099    clk_IBUF
    BUFGCTRL_X0Y0        BUFG (Prop_bufg_I_O)         0.029     1.128 r  clk_IBUF_BUFG_inst/O
                         net (fo=77, routed)          0.832     1.959    clk_IBUF_BUFG
    SLICE_X48Y37         FDCE                                         r  funct3_r_reg[1]/C
                         clock pessimism             -0.498     1.461    
    SLICE_X48Y37         FDCE (Hold_fdce_C_D)         0.066     1.527    funct3_r_reg[1]
  -------------------------------------------------------------------
                         required time                         -1.527    
                         arrival time                           1.700    
  -------------------------------------------------------------------
                         slack                                  0.173    

Slack (MET) :             0.175ns  (arrival time - required time)
  Source:                 u_sw/readData_reg[5]/C
                            (rising edge-triggered cell FDCE clocked by sys_clk_pin  {rise@0.000ns fall@5.000ns period=10.000ns})
  Destination:            funct7_r_reg[5]/D
                            (rising edge-triggered cell FDCE clocked by sys_clk_pin  {rise@0.000ns fall@5.000ns period=10.000ns})
  Path Group:             sys_clk_pin
  Path Type:              Hold (Min at Fast Process Corner)
  Requirement:            0.000ns  (sys_clk_pin rise@0.000ns - sys_clk_pin rise@0.000ns)
  Data Path Delay:        0.261ns  (logic 0.141ns (54.060%)  route 0.120ns (45.940%))
  Logic Levels:           0  
  Clock Path Skew:        0.016ns (DCD - SCD - CPR)
    Destination Clock Delay (DCD):    1.959ns
    Source Clock Delay      (SCD):    1.445ns
    Clock Pessimism Removal (CPR):    0.498ns

    Location             Delay type                Incr(ns)  Path(ns)    Netlist Resource(s)
  -------------------------------------------------------------------    -------------------
                         (clock sys_clk_pin rise edge)
                                                      0.000     0.000 r  
    W5                                                0.000     0.000 r  clk (IN)
                         net (fo=0)                   0.000     0.000    clk
    W5                   IBUF (Prop_ibuf_I_O)         0.226     0.226 r  clk_IBUF_inst/O
                         net (fo=1, routed)           0.631     0.858    clk_IBUF
    BUFGCTRL_X0Y0        BUFG (Prop_bufg_I_O)         0.026     0.884 r  clk_IBUF_BUFG_inst/O
                         net (fo=77, routed)          0.562     1.445    u_sw/CLK
    SLICE_X48Y35         FDCE                                         r  u_sw/readData_reg[5]/C
  -------------------------------------------------------------------    -------------------
    SLICE_X48Y35         FDCE (Prop_fdce_C_Q)         0.141     1.586 r  u_sw/readData_reg[5]/Q
                         net (fo=1, routed)           0.120     1.706    sw_funct7[5]
    SLICE_X49Y37         FDCE                                         r  funct7_r_reg[5]/D
  -------------------------------------------------------------------    -------------------

                         (clock sys_clk_pin rise edge)
                                                      0.000     0.000 r  
    W5                                                0.000     0.000 r  clk (IN)
                         net (fo=0)                   0.000     0.000    clk
    W5                   IBUF (Prop_ibuf_I_O)         0.414     0.414 r  clk_IBUF_inst/O
                         net (fo=1, routed)           0.685     1.099    clk_IBUF
    BUFGCTRL_X0Y0        BUFG (Prop_bufg_I_O)         0.029     1.128 r  clk_IBUF_BUFG_inst/O
                         net (fo=77, routed)          0.832     1.959    clk_IBUF_BUFG
    SLICE_X49Y37         FDCE                                         r  funct7_r_reg[5]/C
                         clock pessimism             -0.498     1.461    
    SLICE_X49Y37         FDCE (Hold_fdce_C_D)         0.070     1.531    funct7_r_reg[5]
  -------------------------------------------------------------------
                         required time                         -1.531    
                         arrival time                           1.706    
  -------------------------------------------------------------------
                         slack                                  0.175    

Slack (MET) :             0.176ns  (arrival time - required time)
  Source:                 u_sw/readData_reg[6]/C
                            (rising edge-triggered cell FDCE clocked by sys_clk_pin  {rise@0.000ns fall@5.000ns period=10.000ns})
  Destination:            funct3_r_reg[0]/D
                            (rising edge-triggered cell FDCE clocked by sys_clk_pin  {rise@0.000ns fall@5.000ns period=10.000ns})
  Path Group:             sys_clk_pin
  Path Type:              Hold (Min at Fast Process Corner)
  Requirement:            0.000ns  (sys_clk_pin rise@0.000ns - sys_clk_pin rise@0.000ns)
  Data Path Delay:        0.262ns  (logic 0.141ns (53.727%)  route 0.121ns (46.273%))
  Logic Levels:           0  
  Clock Path Skew:        0.016ns (DCD - SCD - CPR)
    Destination Clock Delay (DCD):    1.959ns
    Source Clock Delay      (SCD):    1.445ns
    Clock Pessimism Removal (CPR):    0.498ns

    Location             Delay type                Incr(ns)  Path(ns)    Netlist Resource(s)
  -------------------------------------------------------------------    -------------------
                         (clock sys_clk_pin rise edge)
                                                      0.000     0.000 r  
    W5                                                0.000     0.000 r  clk (IN)
                         net (fo=0)                   0.000     0.000    clk
    W5                   IBUF (Prop_ibuf_I_O)         0.226     0.226 r  clk_IBUF_inst/O
                         net (fo=1, routed)           0.631     0.858    clk_IBUF
    BUFGCTRL_X0Y0        BUFG (Prop_bufg_I_O)         0.026     0.884 r  clk_IBUF_BUFG_inst/O
                         net (fo=77, routed)          0.562     1.445    u_sw/CLK
    SLICE_X48Y36         FDCE                                         r  u_sw/readData_reg[6]/C
  -------------------------------------------------------------------    -------------------
    SLICE_X48Y36         FDCE (Prop_fdce_C_Q)         0.141     1.586 r  u_sw/readData_reg[6]/Q
                         net (fo=1, routed)           0.121     1.708    sw_funct3[0]
    SLICE_X48Y37         FDCE                                         r  funct3_r_reg[0]/D
  -------------------------------------------------------------------    -------------------

                         (clock sys_clk_pin rise edge)
                                                      0.000     0.000 r  
    W5                                                0.000     0.000 r  clk (IN)
                         net (fo=0)                   0.000     0.000    clk
    W5                   IBUF (Prop_ibuf_I_O)         0.414     0.414 r  clk_IBUF_inst/O
                         net (fo=1, routed)           0.685     1.099    clk_IBUF
    BUFGCTRL_X0Y0        BUFG (Prop_bufg_I_O)         0.029     1.128 r  clk_IBUF_BUFG_inst/O
                         net (fo=77, routed)          0.832     1.959    clk_IBUF_BUFG
    SLICE_X48Y37         FDCE                                         r  funct3_r_reg[0]/C
                         clock pessimism             -0.498     1.461    
    SLICE_X48Y37         FDCE (Hold_fdce_C_D)         0.070     1.531    funct3_r_reg[0]
  -------------------------------------------------------------------
                         required time                         -1.531    
                         arrival time                           1.708    
  -------------------------------------------------------------------
                         slack                                  0.176    

Slack (MET) :             0.200ns  (arrival time - required time)
  Source:                 led_data_reg[8]/C
                            (rising edge-triggered cell FDCE clocked by sys_clk_pin  {rise@0.000ns fall@5.000ns period=10.000ns})
  Destination:            u_leds/leds_reg[8]/D
                            (rising edge-triggered cell FDCE clocked by sys_clk_pin  {rise@0.000ns fall@5.000ns period=10.000ns})
  Path Group:             sys_clk_pin
  Path Type:              Hold (Min at Fast Process Corner)
  Requirement:            0.000ns  (sys_clk_pin rise@0.000ns - sys_clk_pin rise@0.000ns)
  Data Path Delay:        0.274ns  (logic 0.164ns (59.853%)  route 0.110ns (40.147%))
  Logic Levels:           0  
  Clock Path Skew:        0.015ns (DCD - SCD - CPR)
    Destination Clock Delay (DCD):    1.959ns
    Source Clock Delay      (SCD):    1.445ns
    Clock Pessimism Removal (CPR):    0.499ns

    Location             Delay type                Incr(ns)  Path(ns)    Netlist Resource(s)
  -------------------------------------------------------------------    -------------------
                         (clock sys_clk_pin rise edge)
                                                      0.000     0.000 r  
    W5                                                0.000     0.000 r  clk (IN)
                         net (fo=0)                   0.000     0.000    clk
    W5                   IBUF (Prop_ibuf_I_O)         0.226     0.226 r  clk_IBUF_inst/O
                         net (fo=1, routed)           0.631     0.858    clk_IBUF
    BUFGCTRL_X0Y0        BUFG (Prop_bufg_I_O)         0.026     0.884 r  clk_IBUF_BUFG_inst/O
                         net (fo=77, routed)          0.562     1.445    clk_IBUF_BUFG
    SLICE_X52Y36         FDCE                                         r  led_data_reg[8]/C
  -------------------------------------------------------------------    -------------------
    SLICE_X52Y36         FDCE (Prop_fdce_C_Q)         0.164     1.609 r  led_data_reg[8]/Q
                         net (fo=1, routed)           0.110     1.719    u_leds/D[6]
    SLICE_X52Y35         FDCE                                         r  u_leds/leds_reg[8]/D
  -------------------------------------------------------------------    -------------------

                         (clock sys_clk_pin rise edge)
                                                      0.000     0.000 r  
    W5                                                0.000     0.000 r  clk (IN)
                         net (fo=0)                   0.000     0.000    clk
    W5                   IBUF (Prop_ibuf_I_O)         0.414     0.414 r  clk_IBUF_inst/O
                         net (fo=1, routed)           0.685     1.099    clk_IBUF
    BUFGCTRL_X0Y0        BUFG (Prop_bufg_I_O)         0.029     1.128 r  clk_IBUF_BUFG_inst/O
                         net (fo=77, routed)          0.832     1.959    u_leds/CLK
    SLICE_X52Y35         FDCE                                         r  u_leds/leds_reg[8]/C
                         clock pessimism             -0.499     1.460    
    SLICE_X52Y35         FDCE (Hold_fdce_C_D)         0.059     1.519    u_leds/leds_reg[8]
  -------------------------------------------------------------------
                         required time                         -1.519    
                         arrival time                           1.719    
  -------------------------------------------------------------------
                         slack                                  0.200    





Pulse Width Checks
--------------------------------------------------------------------------------------
Clock Name:         sys_clk_pin
Waveform(ns):       { 0.000 5.000 }
Period(ns):         10.000
Sources:            { clk }

Check Type        Corner  Lib Pin  Reference Pin  Required(ns)  Actual(ns)  Slack(ns)  Location       Pin
Min Period        n/a     BUFG/I   n/a            2.155         10.000      7.845      BUFGCTRL_X0Y0  clk_IBUF_BUFG_inst/I
Min Period        n/a     FDPE/C   n/a            1.000         10.000      9.000      SLICE_X50Y40   FSM_onehot_state_reg[0]/C
Min Period        n/a     FDCE/C   n/a            1.000         10.000      9.000      SLICE_X50Y40   FSM_onehot_state_reg[1]/C
Min Period        n/a     FDCE/C   n/a            1.000         10.000      9.000      SLICE_X50Y40   FSM_onehot_state_reg[2]/C
Min Period        n/a     FDCE/C   n/a            1.000         10.000      9.000      SLICE_X50Y40   FSM_onehot_state_reg[3]/C
Min Period        n/a     FDCE/C   n/a            1.000         10.000      9.000      SLICE_X48Y40   btn_prev_reg/C
Min Period        n/a     FDCE/C   n/a            1.000         10.000      9.000      SLICE_X48Y37   funct3_r_reg[0]/C
Min Period        n/a     FDCE/C   n/a            1.000         10.000      9.000      SLICE_X48Y37   funct3_r_reg[1]/C
Min Period        n/a     FDCE/C   n/a            1.000         10.000      9.000      SLICE_X51Y37   funct3_r_reg[2]/C
Min Period        n/a     FDCE/C   n/a            1.000         10.000      9.000      SLICE_X49Y37   funct7_r_reg[5]/C
Low Pulse Width   Slow    FDCE/C   n/a            0.500         5.000       4.500      SLICE_X48Y37   funct3_r_reg[0]/C
Low Pulse Width   Slow    FDCE/C   n/a            0.500         5.000       4.500      SLICE_X48Y37   funct3_r_reg[1]/C
Low Pulse Width   Slow    FDCE/C   n/a            0.500         5.000       4.500      SLICE_X49Y37   funct7_r_reg[5]/C
Low Pulse Width   Slow    FDCE/C   n/a            0.500         5.000       4.500      SLICE_X50Y36   led_data_reg[2]/C
Low Pulse Width   Slow    FDCE/C   n/a            0.500         5.000       4.500      SLICE_X50Y36   led_data_reg[3]/C
Low Pulse Width   Slow    FDCE/C   n/a            0.500         5.000       4.500      SLICE_X52Y36   led_data_reg[8]/C
Low Pulse Width   Slow    FDRE/C   n/a            0.500         5.000       4.500      SLICE_X49Y38   u_deb/timer_reg[1]/C
Low Pulse Width   Slow    FDRE/C   n/a            0.500         5.000       4.500      SLICE_X49Y38   u_deb/timer_reg[2]/C
Low Pulse Width   Slow    FDRE/C   n/a            0.500         5.000       4.500      SLICE_X49Y38   u_deb/timer_reg[3]/C
Low Pulse Width   Slow    FDCE/C   n/a            0.500         5.000       4.500      SLICE_X50Y35   u_leds/leds_reg[2]/C
High Pulse Width  Slow    FDPE/C   n/a            0.500         5.000       4.500      SLICE_X50Y40   FSM_onehot_state_reg[0]/C
High Pulse Width  Slow    FDCE/C   n/a            0.500         5.000       4.500      SLICE_X50Y40   FSM_onehot_state_reg[1]/C
High Pulse Width  Slow    FDCE/C   n/a            0.500         5.000       4.500      SLICE_X50Y40   FSM_onehot_state_reg[2]/C
High Pulse Width  Slow    FDCE/C   n/a            0.500         5.000       4.500      SLICE_X50Y40   FSM_onehot_state_reg[3]/C
High Pulse Width  Slow    FDCE/C   n/a            0.500         5.000       4.500      SLICE_X51Y37   funct3_r_reg[2]/C
High Pulse Width  Slow    FDCE/C   n/a            0.500         5.000       4.500      SLICE_X52Y38   led_data_reg[10]/C
High Pulse Width  Slow    FDCE/C   n/a            0.500         5.000       4.500      SLICE_X52Y39   led_data_reg[12]/C
High Pulse Width  Slow    FDCE/C   n/a            0.500         5.000       4.500      SLICE_X52Y39   led_data_reg[13]/C
High Pulse Width  Slow    FDCE/C   n/a            0.500         5.000       4.500      SLICE_X52Y39   led_data_reg[14]/C
High Pulse Width  Slow    FDCE/C   n/a            0.500         5.000       4.500      SLICE_X52Y39   led_data_reg[15]/C



