
*** Running vivado
    with args -log top_lab8.vdi -applog -m64 -product Vivado -messageDb vivado.pb -mode batch -source top_lab8.tcl -notrace



****** Vivado v2020.1 (64-bit)
  **** SW Build 2902540 on Wed May 27 19:54:49 MDT 2020
  **** IP Build 2902112 on Wed May 27 22:43:36 MDT 2020
    ** Copyright 1986-2020 Xilinx, Inc. All Rights Reserved.

source top_lab8.tcl -notrace
Command: link_design -top top_lab8 -part xc7a35tcpg236-1
Design is defaulting to srcset: sources_1
Design is defaulting to constrset: constrs_1
INFO: [Device 21-403] Loading part xc7a35tcpg236-1
Netlist sorting complete. Time (s): cpu = 00:00:00 ; elapsed = 00:00:00.010 . Memory (MB): peak = 1027.324 ; gain = 0.000
INFO: [Netlist 29-17] Analyzing 50 Unisim elements for replacement
INFO: [Netlist 29-28] Unisim Transformation completed in 0 CPU seconds
INFO: [Project 1-479] Netlist was created with Vivado 2020.1
INFO: [Project 1-570] Preparing netlist for logic optimization
Parsing XDC File [C:/Users/IBM/Desktop/lab08_myrahisamazing/lab08_myrahisamazing/lab08_myrahisamazing.srcs/constrs_1/new/constrlab8.xdc]
WARNING: [Vivado 12-584] No ports matched 'switches_in[0]'. [C:/Users/IBM/Desktop/lab08_myrahisamazing/lab08_myrahisamazing/lab08_myrahisamazing.srcs/constrs_1/new/constrlab8.xdc:7]
CRITICAL WARNING: [Common 17-55] 'set_property' expects at least one object. [C:/Users/IBM/Desktop/lab08_myrahisamazing/lab08_myrahisamazing/lab08_myrahisamazing.srcs/constrs_1/new/constrlab8.xdc:7]
Resolution: If [get_<value>] was used to populate the object, check to make sure this command returns at least one valid object.
WARNING: [Vivado 12-584] No ports matched 'switches_in[0]'. [C:/Users/IBM/Desktop/lab08_myrahisamazing/lab08_myrahisamazing/lab08_myrahisamazing.srcs/constrs_1/new/constrlab8.xdc:8]
CRITICAL WARNING: [Common 17-55] 'set_property' expects at least one object. [C:/Users/IBM/Desktop/lab08_myrahisamazing/lab08_myrahisamazing/lab08_myrahisamazing.srcs/constrs_1/new/constrlab8.xdc:8]
Resolution: If [get_<value>] was used to populate the object, check to make sure this command returns at least one valid object.
WARNING: [Vivado 12-584] No ports matched 'switches_in[1]'. [C:/Users/IBM/Desktop/lab08_myrahisamazing/lab08_myrahisamazing/lab08_myrahisamazing.srcs/constrs_1/new/constrlab8.xdc:9]
CRITICAL WARNING: [Common 17-55] 'set_property' expects at least one object. [C:/Users/IBM/Desktop/lab08_myrahisamazing/lab08_myrahisamazing/lab08_myrahisamazing.srcs/constrs_1/new/constrlab8.xdc:9]
Resolution: If [get_<value>] was used to populate the object, check to make sure this command returns at least one valid object.
WARNING: [Vivado 12-584] No ports matched 'switches_in[1]'. [C:/Users/IBM/Desktop/lab08_myrahisamazing/lab08_myrahisamazing/lab08_myrahisamazing.srcs/constrs_1/new/constrlab8.xdc:10]
CRITICAL WARNING: [Common 17-55] 'set_property' expects at least one object. [C:/Users/IBM/Desktop/lab08_myrahisamazing/lab08_myrahisamazing/lab08_myrahisamazing.srcs/constrs_1/new/constrlab8.xdc:10]
Resolution: If [get_<value>] was used to populate the object, check to make sure this command returns at least one valid object.
WARNING: [Vivado 12-584] No ports matched 'switches_in[2]'. [C:/Users/IBM/Desktop/lab08_myrahisamazing/lab08_myrahisamazing/lab08_myrahisamazing.srcs/constrs_1/new/constrlab8.xdc:11]
CRITICAL WARNING: [Common 17-55] 'set_property' expects at least one object. [C:/Users/IBM/Desktop/lab08_myrahisamazing/lab08_myrahisamazing/lab08_myrahisamazing.srcs/constrs_1/new/constrlab8.xdc:11]
Resolution: If [get_<value>] was used to populate the object, check to make sure this command returns at least one valid object.
WARNING: [Vivado 12-584] No ports matched 'switches_in[2]'. [C:/Users/IBM/Desktop/lab08_myrahisamazing/lab08_myrahisamazing/lab08_myrahisamazing.srcs/constrs_1/new/constrlab8.xdc:12]
CRITICAL WARNING: [Common 17-55] 'set_property' expects at least one object. [C:/Users/IBM/Desktop/lab08_myrahisamazing/lab08_myrahisamazing/lab08_myrahisamazing.srcs/constrs_1/new/constrlab8.xdc:12]
Resolution: If [get_<value>] was used to populate the object, check to make sure this command returns at least one valid object.
WARNING: [Vivado 12-584] No ports matched 'switches_in[3]'. [C:/Users/IBM/Desktop/lab08_myrahisamazing/lab08_myrahisamazing/lab08_myrahisamazing.srcs/constrs_1/new/constrlab8.xdc:13]
CRITICAL WARNING: [Common 17-55] 'set_property' expects at least one object. [C:/Users/IBM/Desktop/lab08_myrahisamazing/lab08_myrahisamazing/lab08_myrahisamazing.srcs/constrs_1/new/constrlab8.xdc:13]
Resolution: If [get_<value>] was used to populate the object, check to make sure this command returns at least one valid object.
WARNING: [Vivado 12-584] No ports matched 'switches_in[3]'. [C:/Users/IBM/Desktop/lab08_myrahisamazing/lab08_myrahisamazing/lab08_myrahisamazing.srcs/constrs_1/new/constrlab8.xdc:14]
CRITICAL WARNING: [Common 17-55] 'set_property' expects at least one object. [C:/Users/IBM/Desktop/lab08_myrahisamazing/lab08_myrahisamazing/lab08_myrahisamazing.srcs/constrs_1/new/constrlab8.xdc:14]
Resolution: If [get_<value>] was used to populate the object, check to make sure this command returns at least one valid object.
WARNING: [Vivado 12-584] No ports matched 'switches_in[4]'. [C:/Users/IBM/Desktop/lab08_myrahisamazing/lab08_myrahisamazing/lab08_myrahisamazing.srcs/constrs_1/new/constrlab8.xdc:15]
CRITICAL WARNING: [Common 17-55] 'set_property' expects at least one object. [C:/Users/IBM/Desktop/lab08_myrahisamazing/lab08_myrahisamazing/lab08_myrahisamazing.srcs/constrs_1/new/constrlab8.xdc:15]
Resolution: If [get_<value>] was used to populate the object, check to make sure this command returns at least one valid object.
WARNING: [Vivado 12-584] No ports matched 'switches_in[4]'. [C:/Users/IBM/Desktop/lab08_myrahisamazing/lab08_myrahisamazing/lab08_myrahisamazing.srcs/constrs_1/new/constrlab8.xdc:16]
CRITICAL WARNING: [Common 17-55] 'set_property' expects at least one object. [C:/Users/IBM/Desktop/lab08_myrahisamazing/lab08_myrahisamazing/lab08_myrahisamazing.srcs/constrs_1/new/constrlab8.xdc:16]
Resolution: If [get_<value>] was used to populate the object, check to make sure this command returns at least one valid object.
WARNING: [Vivado 12-584] No ports matched 'switches_in[5]'. [C:/Users/IBM/Desktop/lab08_myrahisamazing/lab08_myrahisamazing/lab08_myrahisamazing.srcs/constrs_1/new/constrlab8.xdc:17]
CRITICAL WARNING: [Common 17-55] 'set_property' expects at least one object. [C:/Users/IBM/Desktop/lab08_myrahisamazing/lab08_myrahisamazing/lab08_myrahisamazing.srcs/constrs_1/new/constrlab8.xdc:17]
Resolution: If [get_<value>] was used to populate the object, check to make sure this command returns at least one valid object.
WARNING: [Vivado 12-584] No ports matched 'switches_in[5]'. [C:/Users/IBM/Desktop/lab08_myrahisamazing/lab08_myrahisamazing/lab08_myrahisamazing.srcs/constrs_1/new/constrlab8.xdc:18]
CRITICAL WARNING: [Common 17-55] 'set_property' expects at least one object. [C:/Users/IBM/Desktop/lab08_myrahisamazing/lab08_myrahisamazing/lab08_myrahisamazing.srcs/constrs_1/new/constrlab8.xdc:18]
Resolution: If [get_<value>] was used to populate the object, check to make sure this command returns at least one valid object.
WARNING: [Vivado 12-584] No ports matched 'switches_in[6]'. [C:/Users/IBM/Desktop/lab08_myrahisamazing/lab08_myrahisamazing/lab08_myrahisamazing.srcs/constrs_1/new/constrlab8.xdc:19]
CRITICAL WARNING: [Common 17-55] 'set_property' expects at least one object. [C:/Users/IBM/Desktop/lab08_myrahisamazing/lab08_myrahisamazing/lab08_myrahisamazing.srcs/constrs_1/new/constrlab8.xdc:19]
Resolution: If [get_<value>] was used to populate the object, check to make sure this command returns at least one valid object.
WARNING: [Vivado 12-584] No ports matched 'switches_in[6]'. [C:/Users/IBM/Desktop/lab08_myrahisamazing/lab08_myrahisamazing/lab08_myrahisamazing.srcs/constrs_1/new/constrlab8.xdc:20]
CRITICAL WARNING: [Common 17-55] 'set_property' expects at least one object. [C:/Users/IBM/Desktop/lab08_myrahisamazing/lab08_myrahisamazing/lab08_myrahisamazing.srcs/constrs_1/new/constrlab8.xdc:20]
Resolution: If [get_<value>] was used to populate the object, check to make sure this command returns at least one valid object.
WARNING: [Vivado 12-584] No ports matched 'switches_in[7]'. [C:/Users/IBM/Desktop/lab08_myrahisamazing/lab08_myrahisamazing/lab08_myrahisamazing.srcs/constrs_1/new/constrlab8.xdc:21]
CRITICAL WARNING: [Common 17-55] 'set_property' expects at least one object. [C:/Users/IBM/Desktop/lab08_myrahisamazing/lab08_myrahisamazing/lab08_myrahisamazing.srcs/constrs_1/new/constrlab8.xdc:21]
Resolution: If [get_<value>] was used to populate the object, check to make sure this command returns at least one valid object.
WARNING: [Vivado 12-584] No ports matched 'switches_in[7]'. [C:/Users/IBM/Desktop/lab08_myrahisamazing/lab08_myrahisamazing/lab08_myrahisamazing.srcs/constrs_1/new/constrlab8.xdc:22]
CRITICAL WARNING: [Common 17-55] 'set_property' expects at least one object. [C:/Users/IBM/Desktop/lab08_myrahisamazing/lab08_myrahisamazing/lab08_myrahisamazing.srcs/constrs_1/new/constrlab8.xdc:22]
Resolution: If [get_<value>] was used to populate the object, check to make sure this command returns at least one valid object.
WARNING: [Vivado 12-584] No ports matched 'switches_in[8]'. [C:/Users/IBM/Desktop/lab08_myrahisamazing/lab08_myrahisamazing/lab08_myrahisamazing.srcs/constrs_1/new/constrlab8.xdc:23]
CRITICAL WARNING: [Common 17-55] 'set_property' expects at least one object. [C:/Users/IBM/Desktop/lab08_myrahisamazing/lab08_myrahisamazing/lab08_myrahisamazing.srcs/constrs_1/new/constrlab8.xdc:23]
Resolution: If [get_<value>] was used to populate the object, check to make sure this command returns at least one valid object.
WARNING: [Vivado 12-584] No ports matched 'switches_in[8]'. [C:/Users/IBM/Desktop/lab08_myrahisamazing/lab08_myrahisamazing/lab08_myrahisamazing.srcs/constrs_1/new/constrlab8.xdc:24]
CRITICAL WARNING: [Common 17-55] 'set_property' expects at least one object. [C:/Users/IBM/Desktop/lab08_myrahisamazing/lab08_myrahisamazing/lab08_myrahisamazing.srcs/constrs_1/new/constrlab8.xdc:24]
Resolution: If [get_<value>] was used to populate the object, check to make sure this command returns at least one valid object.
WARNING: [Vivado 12-584] No ports matched 'switches_in[9]'. [C:/Users/IBM/Desktop/lab08_myrahisamazing/lab08_myrahisamazing/lab08_myrahisamazing.srcs/constrs_1/new/constrlab8.xdc:25]
CRITICAL WARNING: [Common 17-55] 'set_property' expects at least one object. [C:/Users/IBM/Desktop/lab08_myrahisamazing/lab08_myrahisamazing/lab08_myrahisamazing.srcs/constrs_1/new/constrlab8.xdc:25]
Resolution: If [get_<value>] was used to populate the object, check to make sure this command returns at least one valid object.
WARNING: [Vivado 12-584] No ports matched 'switches_in[9]'. [C:/Users/IBM/Desktop/lab08_myrahisamazing/lab08_myrahisamazing/lab08_myrahisamazing.srcs/constrs_1/new/constrlab8.xdc:26]
CRITICAL WARNING: [Common 17-55] 'set_property' expects at least one object. [C:/Users/IBM/Desktop/lab08_myrahisamazing/lab08_myrahisamazing/lab08_myrahisamazing.srcs/constrs_1/new/constrlab8.xdc:26]
Resolution: If [get_<value>] was used to populate the object, check to make sure this command returns at least one valid object.
WARNING: [Vivado 12-584] No ports matched 'switches_in[10]'. [C:/Users/IBM/Desktop/lab08_myrahisamazing/lab08_myrahisamazing/lab08_myrahisamazing.srcs/constrs_1/new/constrlab8.xdc:27]
CRITICAL WARNING: [Common 17-55] 'set_property' expects at least one object. [C:/Users/IBM/Desktop/lab08_myrahisamazing/lab08_myrahisamazing/lab08_myrahisamazing.srcs/constrs_1/new/constrlab8.xdc:27]
Resolution: If [get_<value>] was used to populate the object, check to make sure this command returns at least one valid object.
WARNING: [Vivado 12-584] No ports matched 'switches_in[10]'. [C:/Users/IBM/Desktop/lab08_myrahisamazing/lab08_myrahisamazing/lab08_myrahisamazing.srcs/constrs_1/new/constrlab8.xdc:28]
CRITICAL WARNING: [Common 17-55] 'set_property' expects at least one object. [C:/Users/IBM/Desktop/lab08_myrahisamazing/lab08_myrahisamazing/lab08_myrahisamazing.srcs/constrs_1/new/constrlab8.xdc:28]
Resolution: If [get_<value>] was used to populate the object, check to make sure this command returns at least one valid object.
WARNING: [Vivado 12-584] No ports matched 'switches_in[11]'. [C:/Users/IBM/Desktop/lab08_myrahisamazing/lab08_myrahisamazing/lab08_myrahisamazing.srcs/constrs_1/new/constrlab8.xdc:29]
CRITICAL WARNING: [Common 17-55] 'set_property' expects at least one object. [C:/Users/IBM/Desktop/lab08_myrahisamazing/lab08_myrahisamazing/lab08_myrahisamazing.srcs/constrs_1/new/constrlab8.xdc:29]
Resolution: If [get_<value>] was used to populate the object, check to make sure this command returns at least one valid object.
WARNING: [Vivado 12-584] No ports matched 'switches_in[11]'. [C:/Users/IBM/Desktop/lab08_myrahisamazing/lab08_myrahisamazing/lab08_myrahisamazing.srcs/constrs_1/new/constrlab8.xdc:30]
CRITICAL WARNING: [Common 17-55] 'set_property' expects at least one object. [C:/Users/IBM/Desktop/lab08_myrahisamazing/lab08_myrahisamazing/lab08_myrahisamazing.srcs/constrs_1/new/constrlab8.xdc:30]
Resolution: If [get_<value>] was used to populate the object, check to make sure this command returns at least one valid object.
WARNING: [Vivado 12-584] No ports matched 'switches_in[12]'. [C:/Users/IBM/Desktop/lab08_myrahisamazing/lab08_myrahisamazing/lab08_myrahisamazing.srcs/constrs_1/new/constrlab8.xdc:31]
CRITICAL WARNING: [Common 17-55] 'set_property' expects at least one object. [C:/Users/IBM/Desktop/lab08_myrahisamazing/lab08_myrahisamazing/lab08_myrahisamazing.srcs/constrs_1/new/constrlab8.xdc:31]
Resolution: If [get_<value>] was used to populate the object, check to make sure this command returns at least one valid object.
WARNING: [Vivado 12-584] No ports matched 'switches_in[12]'. [C:/Users/IBM/Desktop/lab08_myrahisamazing/lab08_myrahisamazing/lab08_myrahisamazing.srcs/constrs_1/new/constrlab8.xdc:32]
CRITICAL WARNING: [Common 17-55] 'set_property' expects at least one object. [C:/Users/IBM/Desktop/lab08_myrahisamazing/lab08_myrahisamazing/lab08_myrahisamazing.srcs/constrs_1/new/constrlab8.xdc:32]
Resolution: If [get_<value>] was used to populate the object, check to make sure this command returns at least one valid object.
WARNING: [Vivado 12-584] No ports matched 'switches_in[13]'. [C:/Users/IBM/Desktop/lab08_myrahisamazing/lab08_myrahisamazing/lab08_myrahisamazing.srcs/constrs_1/new/constrlab8.xdc:33]
CRITICAL WARNING: [Common 17-55] 'set_property' expects at least one object. [C:/Users/IBM/Desktop/lab08_myrahisamazing/lab08_myrahisamazing/lab08_myrahisamazing.srcs/constrs_1/new/constrlab8.xdc:33]
Resolution: If [get_<value>] was used to populate the object, check to make sure this command returns at least one valid object.
WARNING: [Vivado 12-584] No ports matched 'switches_in[13]'. [C:/Users/IBM/Desktop/lab08_myrahisamazing/lab08_myrahisamazing/lab08_myrahisamazing.srcs/constrs_1/new/constrlab8.xdc:34]
CRITICAL WARNING: [Common 17-55] 'set_property' expects at least one object. [C:/Users/IBM/Desktop/lab08_myrahisamazing/lab08_myrahisamazing/lab08_myrahisamazing.srcs/constrs_1/new/constrlab8.xdc:34]
Resolution: If [get_<value>] was used to populate the object, check to make sure this command returns at least one valid object.
WARNING: [Vivado 12-584] No ports matched 'switches_in[14]'. [C:/Users/IBM/Desktop/lab08_myrahisamazing/lab08_myrahisamazing/lab08_myrahisamazing.srcs/constrs_1/new/constrlab8.xdc:35]
CRITICAL WARNING: [Common 17-55] 'set_property' expects at least one object. [C:/Users/IBM/Desktop/lab08_myrahisamazing/lab08_myrahisamazing/lab08_myrahisamazing.srcs/constrs_1/new/constrlab8.xdc:35]
Resolution: If [get_<value>] was used to populate the object, check to make sure this command returns at least one valid object.
WARNING: [Vivado 12-584] No ports matched 'switches_in[14]'. [C:/Users/IBM/Desktop/lab08_myrahisamazing/lab08_myrahisamazing/lab08_myrahisamazing.srcs/constrs_1/new/constrlab8.xdc:36]
CRITICAL WARNING: [Common 17-55] 'set_property' expects at least one object. [C:/Users/IBM/Desktop/lab08_myrahisamazing/lab08_myrahisamazing/lab08_myrahisamazing.srcs/constrs_1/new/constrlab8.xdc:36]
Resolution: If [get_<value>] was used to populate the object, check to make sure this command returns at least one valid object.
WARNING: [Vivado 12-584] No ports matched 'switches_in[15]'. [C:/Users/IBM/Desktop/lab08_myrahisamazing/lab08_myrahisamazing/lab08_myrahisamazing.srcs/constrs_1/new/constrlab8.xdc:37]
CRITICAL WARNING: [Common 17-55] 'set_property' expects at least one object. [C:/Users/IBM/Desktop/lab08_myrahisamazing/lab08_myrahisamazing/lab08_myrahisamazing.srcs/constrs_1/new/constrlab8.xdc:37]
Resolution: If [get_<value>] was used to populate the object, check to make sure this command returns at least one valid object.
WARNING: [Vivado 12-584] No ports matched 'switches_in[15]'. [C:/Users/IBM/Desktop/lab08_myrahisamazing/lab08_myrahisamazing/lab08_myrahisamazing.srcs/constrs_1/new/constrlab8.xdc:38]
CRITICAL WARNING: [Common 17-55] 'set_property' expects at least one object. [C:/Users/IBM/Desktop/lab08_myrahisamazing/lab08_myrahisamazing/lab08_myrahisamazing.srcs/constrs_1/new/constrlab8.xdc:38]
Resolution: If [get_<value>] was used to populate the object, check to make sure this command returns at least one valid object.
WARNING: [Vivado 12-584] No ports matched 'leds_out[0]'. [C:/Users/IBM/Desktop/lab08_myrahisamazing/lab08_myrahisamazing/lab08_myrahisamazing.srcs/constrs_1/new/constrlab8.xdc:41]
CRITICAL WARNING: [Common 17-55] 'set_property' expects at least one object. [C:/Users/IBM/Desktop/lab08_myrahisamazing/lab08_myrahisamazing/lab08_myrahisamazing.srcs/constrs_1/new/constrlab8.xdc:41]
Resolution: If [get_<value>] was used to populate the object, check to make sure this command returns at least one valid object.
WARNING: [Vivado 12-584] No ports matched 'leds_out[0]'. [C:/Users/IBM/Desktop/lab08_myrahisamazing/lab08_myrahisamazing/lab08_myrahisamazing.srcs/constrs_1/new/constrlab8.xdc:42]
CRITICAL WARNING: [Common 17-55] 'set_property' expects at least one object. [C:/Users/IBM/Desktop/lab08_myrahisamazing/lab08_myrahisamazing/lab08_myrahisamazing.srcs/constrs_1/new/constrlab8.xdc:42]
Resolution: If [get_<value>] was used to populate the object, check to make sure this command returns at least one valid object.
WARNING: [Vivado 12-584] No ports matched 'leds_out[1]'. [C:/Users/IBM/Desktop/lab08_myrahisamazing/lab08_myrahisamazing/lab08_myrahisamazing.srcs/constrs_1/new/constrlab8.xdc:43]
CRITICAL WARNING: [Common 17-55] 'set_property' expects at least one object. [C:/Users/IBM/Desktop/lab08_myrahisamazing/lab08_myrahisamazing/lab08_myrahisamazing.srcs/constrs_1/new/constrlab8.xdc:43]
Resolution: If [get_<value>] was used to populate the object, check to make sure this command returns at least one valid object.
WARNING: [Vivado 12-584] No ports matched 'leds_out[1]'. [C:/Users/IBM/Desktop/lab08_myrahisamazing/lab08_myrahisamazing/lab08_myrahisamazing.srcs/constrs_1/new/constrlab8.xdc:44]
CRITICAL WARNING: [Common 17-55] 'set_property' expects at least one object. [C:/Users/IBM/Desktop/lab08_myrahisamazing/lab08_myrahisamazing/lab08_myrahisamazing.srcs/constrs_1/new/constrlab8.xdc:44]
Resolution: If [get_<value>] was used to populate the object, check to make sure this command returns at least one valid object.
WARNING: [Vivado 12-584] No ports matched 'leds_out[2]'. [C:/Users/IBM/Desktop/lab08_myrahisamazing/lab08_myrahisamazing/lab08_myrahisamazing.srcs/constrs_1/new/constrlab8.xdc:45]
CRITICAL WARNING: [Common 17-55] 'set_property' expects at least one object. [C:/Users/IBM/Desktop/lab08_myrahisamazing/lab08_myrahisamazing/lab08_myrahisamazing.srcs/constrs_1/new/constrlab8.xdc:45]
Resolution: If [get_<value>] was used to populate the object, check to make sure this command returns at least one valid object.
WARNING: [Vivado 12-584] No ports matched 'leds_out[2]'. [C:/Users/IBM/Desktop/lab08_myrahisamazing/lab08_myrahisamazing/lab08_myrahisamazing.srcs/constrs_1/new/constrlab8.xdc:46]
CRITICAL WARNING: [Common 17-55] 'set_property' expects at least one object. [C:/Users/IBM/Desktop/lab08_myrahisamazing/lab08_myrahisamazing/lab08_myrahisamazing.srcs/constrs_1/new/constrlab8.xdc:46]
Resolution: If [get_<value>] was used to populate the object, check to make sure this command returns at least one valid object.
WARNING: [Vivado 12-584] No ports matched 'leds_out[3]'. [C:/Users/IBM/Desktop/lab08_myrahisamazing/lab08_myrahisamazing/lab08_myrahisamazing.srcs/constrs_1/new/constrlab8.xdc:47]
CRITICAL WARNING: [Common 17-55] 'set_property' expects at least one object. [C:/Users/IBM/Desktop/lab08_myrahisamazing/lab08_myrahisamazing/lab08_myrahisamazing.srcs/constrs_1/new/constrlab8.xdc:47]
Resolution: If [get_<value>] was used to populate the object, check to make sure this command returns at least one valid object.
WARNING: [Vivado 12-584] No ports matched 'leds_out[3]'. [C:/Users/IBM/Desktop/lab08_myrahisamazing/lab08_myrahisamazing/lab08_myrahisamazing.srcs/constrs_1/new/constrlab8.xdc:48]
CRITICAL WARNING: [Common 17-55] 'set_property' expects at least one object. [C:/Users/IBM/Desktop/lab08_myrahisamazing/lab08_myrahisamazing/lab08_myrahisamazing.srcs/constrs_1/new/constrlab8.xdc:48]
Resolution: If [get_<value>] was used to populate the object, check to make sure this command returns at least one valid object.
WARNING: [Vivado 12-584] No ports matched 'leds_out[4]'. [C:/Users/IBM/Desktop/lab08_myrahisamazing/lab08_myrahisamazing/lab08_myrahisamazing.srcs/constrs_1/new/constrlab8.xdc:49]
CRITICAL WARNING: [Common 17-55] 'set_property' expects at least one object. [C:/Users/IBM/Desktop/lab08_myrahisamazing/lab08_myrahisamazing/lab08_myrahisamazing.srcs/constrs_1/new/constrlab8.xdc:49]
Resolution: If [get_<value>] was used to populate the object, check to make sure this command returns at least one valid object.
WARNING: [Vivado 12-584] No ports matched 'leds_out[4]'. [C:/Users/IBM/Desktop/lab08_myrahisamazing/lab08_myrahisamazing/lab08_myrahisamazing.srcs/constrs_1/new/constrlab8.xdc:50]
CRITICAL WARNING: [Common 17-55] 'set_property' expects at least one object. [C:/Users/IBM/Desktop/lab08_myrahisamazing/lab08_myrahisamazing/lab08_myrahisamazing.srcs/constrs_1/new/constrlab8.xdc:50]
Resolution: If [get_<value>] was used to populate the object, check to make sure this command returns at least one valid object.
WARNING: [Vivado 12-584] No ports matched 'leds_out[5]'. [C:/Users/IBM/Desktop/lab08_myrahisamazing/lab08_myrahisamazing/lab08_myrahisamazing.srcs/constrs_1/new/constrlab8.xdc:51]
CRITICAL WARNING: [Common 17-55] 'set_property' expects at least one object. [C:/Users/IBM/Desktop/lab08_myrahisamazing/lab08_myrahisamazing/lab08_myrahisamazing.srcs/constrs_1/new/constrlab8.xdc:51]
Resolution: If [get_<value>] was used to populate the object, check to make sure this command returns at least one valid object.
WARNING: [Vivado 12-584] No ports matched 'leds_out[5]'. [C:/Users/IBM/Desktop/lab08_myrahisamazing/lab08_myrahisamazing/lab08_myrahisamazing.srcs/constrs_1/new/constrlab8.xdc:52]
CRITICAL WARNING: [Common 17-55] 'set_property' expects at least one object. [C:/Users/IBM/Desktop/lab08_myrahisamazing/lab08_myrahisamazing/lab08_myrahisamazing.srcs/constrs_1/new/constrlab8.xdc:52]
Resolution: If [get_<value>] was used to populate the object, check to make sure this command returns at least one valid object.
WARNING: [Vivado 12-584] No ports matched 'leds_out[6]'. [C:/Users/IBM/Desktop/lab08_myrahisamazing/lab08_myrahisamazing/lab08_myrahisamazing.srcs/constrs_1/new/constrlab8.xdc:53]
CRITICAL WARNING: [Common 17-55] 'set_property' expects at least one object. [C:/Users/IBM/Desktop/lab08_myrahisamazing/lab08_myrahisamazing/lab08_myrahisamazing.srcs/constrs_1/new/constrlab8.xdc:53]
Resolution: If [get_<value>] was used to populate the object, check to make sure this command returns at least one valid object.
WARNING: [Vivado 12-584] No ports matched 'leds_out[6]'. [C:/Users/IBM/Desktop/lab08_myrahisamazing/lab08_myrahisamazing/lab08_myrahisamazing.srcs/constrs_1/new/constrlab8.xdc:54]
CRITICAL WARNING: [Common 17-55] 'set_property' expects at least one object. [C:/Users/IBM/Desktop/lab08_myrahisamazing/lab08_myrahisamazing/lab08_myrahisamazing.srcs/constrs_1/new/constrlab8.xdc:54]
Resolution: If [get_<value>] was used to populate the object, check to make sure this command returns at least one valid object.
WARNING: [Vivado 12-584] No ports matched 'leds_out[7]'. [C:/Users/IBM/Desktop/lab08_myrahisamazing/lab08_myrahisamazing/lab08_myrahisamazing.srcs/constrs_1/new/constrlab8.xdc:55]
CRITICAL WARNING: [Common 17-55] 'set_property' expects at least one object. [C:/Users/IBM/Desktop/lab08_myrahisamazing/lab08_myrahisamazing/lab08_myrahisamazing.srcs/constrs_1/new/constrlab8.xdc:55]
Resolution: If [get_<value>] was used to populate the object, check to make sure this command returns at least one valid object.
WARNING: [Vivado 12-584] No ports matched 'leds_out[7]'. [C:/Users/IBM/Desktop/lab08_myrahisamazing/lab08_myrahisamazing/lab08_myrahisamazing.srcs/constrs_1/new/constrlab8.xdc:56]
CRITICAL WARNING: [Common 17-55] 'set_property' expects at least one object. [C:/Users/IBM/Desktop/lab08_myrahisamazing/lab08_myrahisamazing/lab08_myrahisamazing.srcs/constrs_1/new/constrlab8.xdc:56]
Resolution: If [get_<value>] was used to populate the object, check to make sure this command returns at least one valid object.
WARNING: [Vivado 12-584] No ports matched 'leds_out[8]'. [C:/Users/IBM/Desktop/lab08_myrahisamazing/lab08_myrahisamazing/lab08_myrahisamazing.srcs/constrs_1/new/constrlab8.xdc:59]
CRITICAL WARNING: [Common 17-55] 'set_property' expects at least one object. [C:/Users/IBM/Desktop/lab08_myrahisamazing/lab08_myrahisamazing/lab08_myrahisamazing.srcs/constrs_1/new/constrlab8.xdc:59]
Resolution: If [get_<value>] was used to populate the object, check to make sure this command returns at least one valid object.
WARNING: [Vivado 12-584] No ports matched 'leds_out[8]'. [C:/Users/IBM/Desktop/lab08_myrahisamazing/lab08_myrahisamazing/lab08_myrahisamazing.srcs/constrs_1/new/constrlab8.xdc:60]
CRITICAL WARNING: [Common 17-55] 'set_property' expects at least one object. [C:/Users/IBM/Desktop/lab08_myrahisamazing/lab08_myrahisamazing/lab08_myrahisamazing.srcs/constrs_1/new/constrlab8.xdc:60]
Resolution: If [get_<value>] was used to populate the object, check to make sure this command returns at least one valid object.
WARNING: [Vivado 12-584] No ports matched 'leds_out[9]'. [C:/Users/IBM/Desktop/lab08_myrahisamazing/lab08_myrahisamazing/lab08_myrahisamazing.srcs/constrs_1/new/constrlab8.xdc:61]
CRITICAL WARNING: [Common 17-55] 'set_property' expects at least one object. [C:/Users/IBM/Desktop/lab08_myrahisamazing/lab08_myrahisamazing/lab08_myrahisamazing.srcs/constrs_1/new/constrlab8.xdc:61]
Resolution: If [get_<value>] was used to populate the object, check to make sure this command returns at least one valid object.
WARNING: [Vivado 12-584] No ports matched 'leds_out[9]'. [C:/Users/IBM/Desktop/lab08_myrahisamazing/lab08_myrahisamazing/lab08_myrahisamazing.srcs/constrs_1/new/constrlab8.xdc:62]
CRITICAL WARNING: [Common 17-55] 'set_property' expects at least one object. [C:/Users/IBM/Desktop/lab08_myrahisamazing/lab08_myrahisamazing/lab08_myrahisamazing.srcs/constrs_1/new/constrlab8.xdc:62]
Resolution: If [get_<value>] was used to populate the object, check to make sure this command returns at least one valid object.
WARNING: [Vivado 12-584] No ports matched 'leds_out[10]'. [C:/Users/IBM/Desktop/lab08_myrahisamazing/lab08_myrahisamazing/lab08_myrahisamazing.srcs/constrs_1/new/constrlab8.xdc:63]
CRITICAL WARNING: [Common 17-55] 'set_property' expects at least one object. [C:/Users/IBM/Desktop/lab08_myrahisamazing/lab08_myrahisamazing/lab08_myrahisamazing.srcs/constrs_1/new/constrlab8.xdc:63]
Resolution: If [get_<value>] was used to populate the object, check to make sure this command returns at least one valid object.
WARNING: [Vivado 12-584] No ports matched 'leds_out[10]'. [C:/Users/IBM/Desktop/lab08_myrahisamazing/lab08_myrahisamazing/lab08_myrahisamazing.srcs/constrs_1/new/constrlab8.xdc:64]
CRITICAL WARNING: [Common 17-55] 'set_property' expects at least one object. [C:/Users/IBM/Desktop/lab08_myrahisamazing/lab08_myrahisamazing/lab08_myrahisamazing.srcs/constrs_1/new/constrlab8.xdc:64]
Resolution: If [get_<value>] was used to populate the object, check to make sure this command returns at least one valid object.
WARNING: [Vivado 12-584] No ports matched 'leds_out[11]'. [C:/Users/IBM/Desktop/lab08_myrahisamazing/lab08_myrahisamazing/lab08_myrahisamazing.srcs/constrs_1/new/constrlab8.xdc:65]
CRITICAL WARNING: [Common 17-55] 'set_property' expects at least one object. [C:/Users/IBM/Desktop/lab08_myrahisamazing/lab08_myrahisamazing/lab08_myrahisamazing.srcs/constrs_1/new/constrlab8.xdc:65]
Resolution: If [get_<value>] was used to populate the object, check to make sure this command returns at least one valid object.
WARNING: [Vivado 12-584] No ports matched 'leds_out[11]'. [C:/Users/IBM/Desktop/lab08_myrahisamazing/lab08_myrahisamazing/lab08_myrahisamazing.srcs/constrs_1/new/constrlab8.xdc:66]
CRITICAL WARNING: [Common 17-55] 'set_property' expects at least one object. [C:/Users/IBM/Desktop/lab08_myrahisamazing/lab08_myrahisamazing/lab08_myrahisamazing.srcs/constrs_1/new/constrlab8.xdc:66]
Resolution: If [get_<value>] was used to populate the object, check to make sure this command returns at least one valid object.
WARNING: [Vivado 12-584] No ports matched 'leds_out[12]'. [C:/Users/IBM/Desktop/lab08_myrahisamazing/lab08_myrahisamazing/lab08_myrahisamazing.srcs/constrs_1/new/constrlab8.xdc:67]
CRITICAL WARNING: [Common 17-55] 'set_property' expects at least one object. [C:/Users/IBM/Desktop/lab08_myrahisamazing/lab08_myrahisamazing/lab08_myrahisamazing.srcs/constrs_1/new/constrlab8.xdc:67]
Resolution: If [get_<value>] was used to populate the object, check to make sure this command returns at least one valid object.
WARNING: [Vivado 12-584] No ports matched 'leds_out[12]'. [C:/Users/IBM/Desktop/lab08_myrahisamazing/lab08_myrahisamazing/lab08_myrahisamazing.srcs/constrs_1/new/constrlab8.xdc:68]
CRITICAL WARNING: [Common 17-55] 'set_property' expects at least one object. [C:/Users/IBM/Desktop/lab08_myrahisamazing/lab08_myrahisamazing/lab08_myrahisamazing.srcs/constrs_1/new/constrlab8.xdc:68]
Resolution: If [get_<value>] was used to populate the object, check to make sure this command returns at least one valid object.
WARNING: [Vivado 12-584] No ports matched 'leds_out[13]'. [C:/Users/IBM/Desktop/lab08_myrahisamazing/lab08_myrahisamazing/lab08_myrahisamazing.srcs/constrs_1/new/constrlab8.xdc:69]
CRITICAL WARNING: [Common 17-55] 'set_property' expects at least one object. [C:/Users/IBM/Desktop/lab08_myrahisamazing/lab08_myrahisamazing/lab08_myrahisamazing.srcs/constrs_1/new/constrlab8.xdc:69]
Resolution: If [get_<value>] was used to populate the object, check to make sure this command returns at least one valid object.
WARNING: [Vivado 12-584] No ports matched 'leds_out[13]'. [C:/Users/IBM/Desktop/lab08_myrahisamazing/lab08_myrahisamazing/lab08_myrahisamazing.srcs/constrs_1/new/constrlab8.xdc:70]
CRITICAL WARNING: [Common 17-55] 'set_property' expects at least one object. [C:/Users/IBM/Desktop/lab08_myrahisamazing/lab08_myrahisamazing/lab08_myrahisamazing.srcs/constrs_1/new/constrlab8.xdc:70]
Resolution: If [get_<value>] was used to populate the object, check to make sure this command returns at least one valid object.
WARNING: [Vivado 12-584] No ports matched 'leds_out[14]'. [C:/Users/IBM/Desktop/lab08_myrahisamazing/lab08_myrahisamazing/lab08_myrahisamazing.srcs/constrs_1/new/constrlab8.xdc:71]
CRITICAL WARNING: [Common 17-55] 'set_property' expects at least one object. [C:/Users/IBM/Desktop/lab08_myrahisamazing/lab08_myrahisamazing/lab08_myrahisamazing.srcs/constrs_1/new/constrlab8.xdc:71]
Resolution: If [get_<value>] was used to populate the object, check to make sure this command returns at least one valid object.
WARNING: [Vivado 12-584] No ports matched 'leds_out[14]'. [C:/Users/IBM/Desktop/lab08_myrahisamazing/lab08_myrahisamazing/lab08_myrahisamazing.srcs/constrs_1/new/constrlab8.xdc:72]
CRITICAL WARNING: [Common 17-55] 'set_property' expects at least one object. [C:/Users/IBM/Desktop/lab08_myrahisamazing/lab08_myrahisamazing/lab08_myrahisamazing.srcs/constrs_1/new/constrlab8.xdc:72]
Resolution: If [get_<value>] was used to populate the object, check to make sure this command returns at least one valid object.
WARNING: [Vivado 12-584] No ports matched 'leds_out[15]'. [C:/Users/IBM/Desktop/lab08_myrahisamazing/lab08_myrahisamazing/lab08_myrahisamazing.srcs/constrs_1/new/constrlab8.xdc:73]
CRITICAL WARNING: [Common 17-55] 'set_property' expects at least one object. [C:/Users/IBM/Desktop/lab08_myrahisamazing/lab08_myrahisamazing/lab08_myrahisamazing.srcs/constrs_1/new/constrlab8.xdc:73]
Resolution: If [get_<value>] was used to populate the object, check to make sure this command returns at least one valid object.
WARNING: [Vivado 12-584] No ports matched 'leds_out[15]'. [C:/Users/IBM/Desktop/lab08_myrahisamazing/lab08_myrahisamazing/lab08_myrahisamazing.srcs/constrs_1/new/constrlab8.xdc:74]
CRITICAL WARNING: [Common 17-55] 'set_property' expects at least one object. [C:/Users/IBM/Desktop/lab08_myrahisamazing/lab08_myrahisamazing/lab08_myrahisamazing.srcs/constrs_1/new/constrlab8.xdc:74]
Resolution: If [get_<value>] was used to populate the object, check to make sure this command returns at least one valid object.
WARNING: [Vivado 12-584] No ports matched 'rst'. [C:/Users/IBM/Desktop/lab08_myrahisamazing/lab08_myrahisamazing/lab08_myrahisamazing.srcs/constrs_1/new/constrlab8.xdc:77]
CRITICAL WARNING: [Common 17-55] 'set_property' expects at least one object. [C:/Users/IBM/Desktop/lab08_myrahisamazing/lab08_myrahisamazing/lab08_myrahisamazing.srcs/constrs_1/new/constrlab8.xdc:77]
Resolution: If [get_<value>] was used to populate the object, check to make sure this command returns at least one valid object.
WARNING: [Vivado 12-584] No ports matched 'rst'. [C:/Users/IBM/Desktop/lab08_myrahisamazing/lab08_myrahisamazing/lab08_myrahisamazing.srcs/constrs_1/new/constrlab8.xdc:78]
CRITICAL WARNING: [Common 17-55] 'set_property' expects at least one object. [C:/Users/IBM/Desktop/lab08_myrahisamazing/lab08_myrahisamazing/lab08_myrahisamazing.srcs/constrs_1/new/constrlab8.xdc:78]
Resolution: If [get_<value>] was used to populate the object, check to make sure this command returns at least one valid object.
WARNING: [Vivado 12-584] No ports matched 'start'. [C:/Users/IBM/Desktop/lab08_myrahisamazing/lab08_myrahisamazing/lab08_myrahisamazing.srcs/constrs_1/new/constrlab8.xdc:80]
CRITICAL WARNING: [Common 17-55] 'set_property' expects at least one object. [C:/Users/IBM/Desktop/lab08_myrahisamazing/lab08_myrahisamazing/lab08_myrahisamazing.srcs/constrs_1/new/constrlab8.xdc:80]
Resolution: If [get_<value>] was used to populate the object, check to make sure this command returns at least one valid object.
WARNING: [Vivado 12-584] No ports matched 'start'. [C:/Users/IBM/Desktop/lab08_myrahisamazing/lab08_myrahisamazing/lab08_myrahisamazing.srcs/constrs_1/new/constrlab8.xdc:81]
CRITICAL WARNING: [Common 17-55] 'set_property' expects at least one object. [C:/Users/IBM/Desktop/lab08_myrahisamazing/lab08_myrahisamazing/lab08_myrahisamazing.srcs/constrs_1/new/constrlab8.xdc:81]
Resolution: If [get_<value>] was used to populate the object, check to make sure this command returns at least one valid object.
Finished Parsing XDC File [C:/Users/IBM/Desktop/lab08_myrahisamazing/lab08_myrahisamazing/lab08_myrahisamazing.srcs/constrs_1/new/constrlab8.xdc]
INFO: [Opt 31-138] Pushed 0 inverter(s) to 0 load pin(s).
Netlist sorting complete. Time (s): cpu = 00:00:00 ; elapsed = 00:00:00.001 . Memory (MB): peak = 1027.324 ; gain = 0.000
INFO: [Project 1-111] Unisim Transformation Summary:
No Unisim elements were transformed.

7 Infos, 68 Warnings, 68 Critical Warnings and 0 Errors encountered.
link_design completed successfully
link_design: Time (s): cpu = 00:00:10 ; elapsed = 00:00:15 . Memory (MB): peak = 1027.324 ; gain = 0.000
Command: opt_design
Attempting to get a license for feature 'Implementation' and/or device 'xc7a35t'
INFO: [Common 17-349] Got license for feature 'Implementation' and/or device 'xc7a35t'
Running DRC as a precondition to command opt_design

Starting DRC Task
INFO: [DRC 23-27] Running DRC with 2 threads
INFO: [Project 1-461] DRC finished with 0 Errors
INFO: [Project 1-462] Please refer to the DRC report (report_drc) for more information.

Time (s): cpu = 00:00:03 ; elapsed = 00:00:02 . Memory (MB): peak = 1027.324 ; gain = 0.000

Starting Cache Timing Information Task
INFO: [Timing 38-35] Done setting XDC timing constraints.
Ending Cache Timing Information Task | Checksum: 2094e2a17

Time (s): cpu = 00:00:13 ; elapsed = 00:00:14 . Memory (MB): peak = 1314.441 ; gain = 287.117

Starting Logic Optimization Task

Phase 1 Retarget
INFO: [Opt 31-138] Pushed 0 inverter(s) to 0 load pin(s).
INFO: [Opt 31-49] Retargeted 0 cell(s).
Phase 1 Retarget | Checksum: 2094e2a17

Time (s): cpu = 00:00:00 ; elapsed = 00:00:00.160 . Memory (MB): peak = 1520.238 ; gain = 0.000
INFO: [Opt 31-389] Phase Retarget created 0 cells and removed 0 cells

Phase 2 Constant propagation
INFO: [Opt 31-138] Pushed 0 inverter(s) to 0 load pin(s).
Phase 2 Constant propagation | Checksum: 2094e2a17

Time (s): cpu = 00:00:00 ; elapsed = 00:00:00.175 . Memory (MB): peak = 1520.238 ; gain = 0.000
INFO: [Opt 31-389] Phase Constant propagation created 0 cells and removed 0 cells

Phase 3 Sweep
Phase 3 Sweep | Checksum: 207249a6f

Time (s): cpu = 00:00:00 ; elapsed = 00:00:00.260 . Memory (MB): peak = 1520.238 ; gain = 0.000
INFO: [Opt 31-389] Phase Sweep created 0 cells and removed 0 cells

Phase 4 BUFG optimization
Phase 4 BUFG optimization | Checksum: 207249a6f

Time (s): cpu = 00:00:00 ; elapsed = 00:00:00.285 . Memory (MB): peak = 1520.238 ; gain = 0.000
INFO: [Opt 31-662] Phase BUFG optimization created 0 cells of which 0 are BUFGs and removed 0 cells.

Phase 5 Shift Register Optimization
INFO: [Opt 31-1064] SRL Remap converted 0 SRLs to 0 registers and converted 0 registers of register chains to 0 SRLs
Phase 5 Shift Register Optimization | Checksum: 207249a6f

Time (s): cpu = 00:00:00 ; elapsed = 00:00:00.298 . Memory (MB): peak = 1520.238 ; gain = 0.000
INFO: [Opt 31-389] Phase Shift Register Optimization created 0 cells and removed 0 cells

Phase 6 Post Processing Netlist
Phase 6 Post Processing Netlist | Checksum: 207249a6f

Time (s): cpu = 00:00:00 ; elapsed = 00:00:00.307 . Memory (MB): peak = 1520.238 ; gain = 0.000
INFO: [Opt 31-389] Phase Post Processing Netlist created 0 cells and removed 0 cells
Opt_design Change Summary
=========================


-------------------------------------------------------------------------------------------------------------------------
|  Phase                        |  #Cells created  |  #Cells Removed  |  #Constrained objects preventing optimizations  |
-------------------------------------------------------------------------------------------------------------------------
|  Retarget                     |               0  |               0  |                                              0  |
|  Constant propagation         |               0  |               0  |                                              0  |
|  Sweep                        |               0  |               0  |                                              0  |
|  BUFG optimization            |               0  |               0  |                                              0  |
|  Shift Register Optimization  |               0  |               0  |                                              0  |
|  Post Processing Netlist      |               0  |               0  |                                              0  |
-------------------------------------------------------------------------------------------------------------------------



Starting Connectivity Check Task

Time (s): cpu = 00:00:00 ; elapsed = 00:00:00.005 . Memory (MB): peak = 1520.238 ; gain = 0.000
Ending Logic Optimization Task | Checksum: 1f023cad2

Time (s): cpu = 00:00:00 ; elapsed = 00:00:00.365 . Memory (MB): peak = 1520.238 ; gain = 0.000

Starting Power Optimization Task
INFO: [Pwropt 34-132] Skipping clock gating for clocks with a period < 2.00 ns.
Ending Power Optimization Task | Checksum: 1f023cad2

Time (s): cpu = 00:00:00 ; elapsed = 00:00:00.023 . Memory (MB): peak = 1520.238 ; gain = 0.000

Starting Final Cleanup Task
Ending Final Cleanup Task | Checksum: 1f023cad2

Time (s): cpu = 00:00:00 ; elapsed = 00:00:00 . Memory (MB): peak = 1520.238 ; gain = 0.000

Starting Netlist Obfuscation Task
Netlist sorting complete. Time (s): cpu = 00:00:00 ; elapsed = 00:00:00 . Memory (MB): peak = 1520.238 ; gain = 0.000
Ending Netlist Obfuscation Task | Checksum: 1f023cad2

Time (s): cpu = 00:00:00 ; elapsed = 00:00:00.001 . Memory (MB): peak = 1520.238 ; gain = 0.000
INFO: [Common 17-83] Releasing license: Implementation
24 Infos, 68 Warnings, 68 Critical Warnings and 0 Errors encountered.
opt_design completed successfully
opt_design: Time (s): cpu = 00:00:21 ; elapsed = 00:00:22 . Memory (MB): peak = 1520.238 ; gain = 492.914
INFO: [Timing 38-480] Writing timing data to binary archive.
Writing placer database...
Writing XDEF routing.
Writing XDEF routing logical nets.
Writing XDEF routing special nets.
Write XDEF Complete: Time (s): cpu = 00:00:00 ; elapsed = 00:00:00.091 . Memory (MB): peak = 1520.238 ; gain = 0.000
INFO: [Common 17-1381] The checkpoint 'C:/Users/IBM/Desktop/lab08_myrahisamazing/lab08_myrahisamazing/lab08_myrahisamazing.runs/impl_1/top_lab8_opt.dcp' has been generated.
INFO: [runtcl-4] Executing : report_drc -file top_lab8_drc_opted.rpt -pb top_lab8_drc_opted.pb -rpx top_lab8_drc_opted.rpx
Command: report_drc -file top_lab8_drc_opted.rpt -pb top_lab8_drc_opted.pb -rpx top_lab8_drc_opted.rpx
INFO: [IP_Flow 19-234] Refreshing IP repositories
INFO: [IP_Flow 19-1704] No user IP repositories specified
INFO: [IP_Flow 19-2313] Loaded Vivado IP repository 'E:/Xilinx/Vivado/2020.1/data/ip'.
INFO: [DRC 23-27] Running DRC with 2 threads
INFO: [Coretcl 2-168] The results of DRC are in file C:/Users/IBM/Desktop/lab08_myrahisamazing/lab08_myrahisamazing/lab08_myrahisamazing.runs/impl_1/top_lab8_drc_opted.rpt.
report_drc completed successfully
Command: place_design
Attempting to get a license for feature 'Implementation' and/or device 'xc7a35t'
INFO: [Common 17-349] Got license for feature 'Implementation' and/or device 'xc7a35t'
INFO: [DRC 23-27] Running DRC with 2 threads
INFO: [Vivado_Tcl 4-198] DRC finished with 0 Errors
INFO: [Vivado_Tcl 4-199] Please refer to the DRC report (report_drc) for more information.
Running DRC as a precondition to command place_design
INFO: [DRC 23-27] Running DRC with 2 threads
INFO: [Vivado_Tcl 4-198] DRC finished with 0 Errors
INFO: [Vivado_Tcl 4-199] Please refer to the DRC report (report_drc) for more information.

Starting Placer Task
INFO: [Place 30-611] Multithreading enabled for place_design using a maximum of 2 CPUs

Phase 1 Placer Initialization

Phase 1.1 Placer Initialization Netlist Sorting
Netlist sorting complete. Time (s): cpu = 00:00:00 ; elapsed = 00:00:00.001 . Memory (MB): peak = 1520.238 ; gain = 0.000
Phase 1.1 Placer Initialization Netlist Sorting | Checksum: 12f094015

Time (s): cpu = 00:00:00 ; elapsed = 00:00:00.028 . Memory (MB): peak = 1520.238 ; gain = 0.000
Netlist sorting complete. Time (s): cpu = 00:00:00 ; elapsed = 00:00:00 . Memory (MB): peak = 1520.238 ; gain = 0.000

Phase 1.2 IO Placement/ Clock Placement/ Build Placer Device
INFO: [Timing 38-35] Done setting XDC timing constraints.
Phase 1.2 IO Placement/ Clock Placement/ Build Placer Device | Checksum: 1744d8398

Time (s): cpu = 00:00:02 ; elapsed = 00:00:01 . Memory (MB): peak = 1520.238 ; gain = 0.000

Phase 1.3 Build Placer Netlist Model
Phase 1.3 Build Placer Netlist Model | Checksum: 262bb2708

Time (s): cpu = 00:00:02 ; elapsed = 00:00:01 . Memory (MB): peak = 1520.238 ; gain = 0.000

Phase 1.4 Constrain Clocks/Macros
Phase 1.4 Constrain Clocks/Macros | Checksum: 262bb2708

Time (s): cpu = 00:00:02 ; elapsed = 00:00:01 . Memory (MB): peak = 1520.238 ; gain = 0.000
Phase 1 Placer Initialization | Checksum: 262bb2708

Time (s): cpu = 00:00:02 ; elapsed = 00:00:02 . Memory (MB): peak = 1520.238 ; gain = 0.000

Phase 2 Global Placement

Phase 2.1 Floorplanning
Phase 2.1 Floorplanning | Checksum: 178ae97a6

Time (s): cpu = 00:00:02 ; elapsed = 00:00:02 . Memory (MB): peak = 1520.238 ; gain = 0.000

Phase 2.2 Global Placement Core

Phase 2.2.1 Physical Synthesis In Placer
INFO: [Physopt 32-1035] Found 0 LUTNM shape to break, 16 LUT instances to create LUTNM shape
INFO: [Physopt 32-1044] Break lutnm for timing: one critical 0, two critical 0, total 0, new lutff created 0
INFO: [Physopt 32-775] End 1 Pass. Optimized 4 nets or cells. Created 0 new cell, deleted 4 existing cells and moved 0 existing cell
INFO: [Physopt 32-65] No nets found for high-fanout optimization.
INFO: [Physopt 32-232] Optimized 0 net. Created 0 new instance.
INFO: [Physopt 32-775] End 1 Pass. Optimized 0 net or cell. Created 0 new cell, deleted 0 existing cell and moved 0 existing cell
INFO: [Physopt 32-670] No setup violation found.  DSP Register Optimization was not performed.
INFO: [Physopt 32-670] No setup violation found.  Shift Register to Pipeline Optimization was not performed.
INFO: [Physopt 32-670] No setup violation found.  Shift Register Optimization was not performed.
INFO: [Physopt 32-670] No setup violation found.  BRAM Register Optimization was not performed.
INFO: [Physopt 32-670] No setup violation found.  URAM Register Optimization was not performed.
INFO: [Physopt 32-949] No candidate nets found for HD net replication
INFO: [Physopt 32-775] End 1 Pass. Optimized 0 net or cell. Created 0 new cell, deleted 0 existing cell and moved 0 existing cell
Netlist sorting complete. Time (s): cpu = 00:00:00 ; elapsed = 00:00:00 . Memory (MB): peak = 1520.238 ; gain = 0.000

Summary of Physical Synthesis Optimizations
============================================


-----------------------------------------------------------------------------------------------------------------------------------------------------------
|  Optimization                                     |  Added Cells  |  Removed Cells  |  Optimized Cells/Nets  |  Dont Touch  |  Iterations  |  Elapsed   |
-----------------------------------------------------------------------------------------------------------------------------------------------------------
|  LUT Combining                                    |            0  |              4  |                     4  |           0  |           1  |  00:00:00  |
|  Very High Fanout                                 |            0  |              0  |                     0  |           0  |           1  |  00:00:00  |
|  DSP Register                                     |            0  |              0  |                     0  |           0  |           0  |  00:00:00  |
|  Shift Register to Pipeline                       |            0  |              0  |                     0  |           0  |           0  |  00:00:00  |
|  Shift Register                                   |            0  |              0  |                     0  |           0  |           0  |  00:00:00  |
|  BRAM Register                                    |            0  |              0  |                     0  |           0  |           0  |  00:00:00  |
|  URAM Register                                    |            0  |              0  |                     0  |           0  |           0  |  00:00:00  |
|  Dynamic/Static Region Interface Net Replication  |            0  |              0  |                     0  |           0  |           1  |  00:00:00  |
|  Total                                            |            0  |              4  |                     4  |           0  |           3  |  00:00:00  |
-----------------------------------------------------------------------------------------------------------------------------------------------------------


Phase 2.2.1 Physical Synthesis In Placer | Checksum: 1a166487c

Time (s): cpu = 00:00:05 ; elapsed = 00:00:03 . Memory (MB): peak = 1520.238 ; gain = 0.000
Phase 2.2 Global Placement Core | Checksum: 209790122

Time (s): cpu = 00:00:05 ; elapsed = 00:00:03 . Memory (MB): peak = 1520.238 ; gain = 0.000
Phase 2 Global Placement | Checksum: 209790122

Time (s): cpu = 00:00:05 ; elapsed = 00:00:03 . Memory (MB): peak = 1520.238 ; gain = 0.000

Phase 3 Detail Placement

Phase 3.1 Commit Multi Column Macros
Phase 3.1 Commit Multi Column Macros | Checksum: 19f09a448

Time (s): cpu = 00:00:05 ; elapsed = 00:00:04 . Memory (MB): peak = 1520.238 ; gain = 0.000

Phase 3.2 Commit Most Macros & LUTRAMs
Phase 3.2 Commit Most Macros & LUTRAMs | Checksum: 1ee37434b

Time (s): cpu = 00:00:05 ; elapsed = 00:00:04 . Memory (MB): peak = 1520.238 ; gain = 0.000

Phase 3.3 Area Swap Optimization
Phase 3.3 Area Swap Optimization | Checksum: 20c8d9905

Time (s): cpu = 00:00:05 ; elapsed = 00:00:04 . Memory (MB): peak = 1520.238 ; gain = 0.000

Phase 3.4 Pipeline Register Optimization
Phase 3.4 Pipeline Register Optimization | Checksum: 139d7bc04

Time (s): cpu = 00:00:05 ; elapsed = 00:00:04 . Memory (MB): peak = 1520.238 ; gain = 0.000

Phase 3.5 Small Shape Detail Placement
Phase 3.5 Small Shape Detail Placement | Checksum: 23feddf05

Time (s): cpu = 00:00:05 ; elapsed = 00:00:04 . Memory (MB): peak = 1520.238 ; gain = 0.000

Phase 3.6 Re-assign LUT pins
Phase 3.6 Re-assign LUT pins | Checksum: 1b34da6ce

Time (s): cpu = 00:00:05 ; elapsed = 00:00:04 . Memory (MB): peak = 1520.238 ; gain = 0.000

Phase 3.7 Pipeline Register Optimization
Phase 3.7 Pipeline Register Optimization | Checksum: 18207c9cf

Time (s): cpu = 00:00:05 ; elapsed = 00:00:04 . Memory (MB): peak = 1520.238 ; gain = 0.000
Phase 3 Detail Placement | Checksum: 18207c9cf

Time (s): cpu = 00:00:05 ; elapsed = 00:00:04 . Memory (MB): peak = 1520.238 ; gain = 0.000

Phase 4 Post Placement Optimization and Clean-Up

Phase 4.1 Post Commit Optimization
INFO: [Timing 38-35] Done setting XDC timing constraints.

Phase 4.1.1 Post Placement Optimization
Post Placement Optimization Initialization | Checksum: 1dfeb98da

Phase 4.1.1.1 BUFG Insertion

Starting Physical Synthesis Task

Phase 1 Physical Synthesis Initialization
INFO: [Physopt 32-721] Multithreading enabled for phys_opt_design using a maximum of 2 CPUs
INFO: [Physopt 32-619] Estimated Timing Summary | WNS=5.504 | TNS=0.000 |
Phase 1 Physical Synthesis Initialization | Checksum: 25e12f4f2

Time (s): cpu = 00:00:00 ; elapsed = 00:00:00.036 . Memory (MB): peak = 1527.582 ; gain = 0.000
INFO: [Place 46-56] BUFG insertion identified 0 candidate nets. Inserted BUFG: 0, Replicated BUFG Driver: 0, Skipped due to Placement/Routing Conflicts: 0, Skipped due to Timing Degradation: 0, Skipped due to Illegal Netlist: 0.
Ending Physical Synthesis Task | Checksum: 1f5072b2c

Time (s): cpu = 00:00:00 ; elapsed = 00:00:00.039 . Memory (MB): peak = 1527.582 ; gain = 0.000
Phase 4.1.1.1 BUFG Insertion | Checksum: 1dfeb98da

Time (s): cpu = 00:00:06 ; elapsed = 00:00:04 . Memory (MB): peak = 1527.582 ; gain = 7.344
INFO: [Place 30-746] Post Placement Timing Summary WNS=5.504. For the most accurate timing information please run report_timing.
Phase 4.1.1 Post Placement Optimization | Checksum: 1b31bd235

Time (s): cpu = 00:00:06 ; elapsed = 00:00:04 . Memory (MB): peak = 1527.582 ; gain = 7.344
Phase 4.1 Post Commit Optimization | Checksum: 1b31bd235

Time (s): cpu = 00:00:06 ; elapsed = 00:00:04 . Memory (MB): peak = 1527.582 ; gain = 7.344

Phase 4.2 Post Placement Cleanup
Phase 4.2 Post Placement Cleanup | Checksum: 1b31bd235

Time (s): cpu = 00:00:06 ; elapsed = 00:00:04 . Memory (MB): peak = 1527.582 ; gain = 7.344

Phase 4.3 Placer Reporting
Phase 4.3 Placer Reporting | Checksum: 1b31bd235

Time (s): cpu = 00:00:06 ; elapsed = 00:00:04 . Memory (MB): peak = 1527.582 ; gain = 7.344

Phase 4.4 Final Placement Cleanup
Netlist sorting complete. Time (s): cpu = 00:00:00 ; elapsed = 00:00:00 . Memory (MB): peak = 1527.582 ; gain = 0.000
Phase 4.4 Final Placement Cleanup | Checksum: 11a183093

Time (s): cpu = 00:00:06 ; elapsed = 00:00:04 . Memory (MB): peak = 1527.582 ; gain = 7.344
Phase 4 Post Placement Optimization and Clean-Up | Checksum: 11a183093

Time (s): cpu = 00:00:06 ; elapsed = 00:00:04 . Memory (MB): peak = 1527.582 ; gain = 7.344
Ending Placer Task | Checksum: 9ae8fecd

Time (s): cpu = 00:00:06 ; elapsed = 00:00:04 . Memory (MB): peak = 1527.582 ; gain = 7.344
INFO: [Common 17-83] Releasing license: Implementation
60 Infos, 68 Warnings, 68 Critical Warnings and 0 Errors encountered.
place_design completed successfully
place_design: Time (s): cpu = 00:00:08 ; elapsed = 00:00:06 . Memory (MB): peak = 1527.582 ; gain = 7.344
INFO: [Timing 38-480] Writing timing data to binary archive.
Writing placer database...
Writing XDEF routing.
Writing XDEF routing logical nets.
Writing XDEF routing special nets.
Write XDEF Complete: Time (s): cpu = 00:00:00 ; elapsed = 00:00:00.129 . Memory (MB): peak = 1527.590 ; gain = 0.008
INFO: [Common 17-1381] The checkpoint 'C:/Users/IBM/Desktop/lab08_myrahisamazing/lab08_myrahisamazing/lab08_myrahisamazing.runs/impl_1/top_lab8_placed.dcp' has been generated.
INFO: [runtcl-4] Executing : report_io -file top_lab8_io_placed.rpt
report_io: Time (s): cpu = 00:00:00 ; elapsed = 00:00:00.096 . Memory (MB): peak = 1527.590 ; gain = 0.000
INFO: [runtcl-4] Executing : report_utilization -file top_lab8_utilization_placed.rpt -pb top_lab8_utilization_placed.pb
INFO: [runtcl-4] Executing : report_control_sets -verbose -file top_lab8_control_sets_placed.rpt
report_control_sets: Time (s): cpu = 00:00:00 ; elapsed = 00:00:00.021 . Memory (MB): peak = 1527.590 ; gain = 0.000
Command: phys_opt_design
Attempting to get a license for feature 'Implementation' and/or device 'xc7a35t'
INFO: [Common 17-349] Got license for feature 'Implementation' and/or device 'xc7a35t'
INFO: [Vivado_Tcl 4-383] Design worst setup slack (WNS) is greater than or equal to 0.000 ns. Skipping all physical synthesis optimizations.
INFO: [Vivado_Tcl 4-232] No setup violation found. The netlist was not modified.
INFO: [Common 17-83] Releasing license: Implementation
69 Infos, 68 Warnings, 68 Critical Warnings and 0 Errors encountered.
phys_opt_design completed successfully
INFO: [Timing 38-480] Writing timing data to binary archive.
Writing placer database...
Writing XDEF routing.
Writing XDEF routing logical nets.
Writing XDEF routing special nets.
Write XDEF Complete: Time (s): cpu = 00:00:00 ; elapsed = 00:00:00.136 . Memory (MB): peak = 1559.844 ; gain = 17.828
INFO: [Common 17-1381] The checkpoint 'C:/Users/IBM/Desktop/lab08_myrahisamazing/lab08_myrahisamazing/lab08_myrahisamazing.runs/impl_1/top_lab8_physopt.dcp' has been generated.
Command: route_design
Attempting to get a license for feature 'Implementation' and/or device 'xc7a35t'
INFO: [Common 17-349] Got license for feature 'Implementation' and/or device 'xc7a35t'
Running DRC as a precondition to command route_design
INFO: [DRC 23-27] Running DRC with 2 threads
INFO: [Vivado_Tcl 4-198] DRC finished with 0 Errors
INFO: [Vivado_Tcl 4-199] Please refer to the DRC report (report_drc) for more information.


Starting Routing Task
INFO: [Route 35-254] Multithreading enabled for route_design using a maximum of 2 CPUs
Checksum: PlaceDB: 42f32ea5 ConstDB: 0 ShapeSum: 57f5d028 RouteDB: 0

Phase 1 Build RT Design
Phase 1 Build RT Design | Checksum: 144ef9884

Time (s): cpu = 00:00:27 ; elapsed = 00:00:24 . Memory (MB): peak = 1643.902 ; gain = 72.070
Post Restoration Checksum: NetGraph: f8efc600 NumContArr: 4bffd284 Constraints: 0 Timing: 0

Phase 2 Router Initialization

Phase 2.1 Create Timer
Phase 2.1 Create Timer | Checksum: 144ef9884

Time (s): cpu = 00:00:27 ; elapsed = 00:00:24 . Memory (MB): peak = 1643.902 ; gain = 72.070

Phase 2.2 Fix Topology Constraints
Phase 2.2 Fix Topology Constraints | Checksum: 144ef9884

Time (s): cpu = 00:00:27 ; elapsed = 00:00:24 . Memory (MB): peak = 1649.898 ; gain = 78.066

Phase 2.3 Pre Route Cleanup
Phase 2.3 Pre Route Cleanup | Checksum: 144ef9884

Time (s): cpu = 00:00:27 ; elapsed = 00:00:24 . Memory (MB): peak = 1649.898 ; gain = 78.066
 Number of Nodes with overlaps = 0

Phase 2.4 Update Timing
Phase 2.4 Update Timing | Checksum: c6f8869f

Time (s): cpu = 00:00:28 ; elapsed = 00:00:25 . Memory (MB): peak = 1654.113 ; gain = 82.281
INFO: [Route 35-416] Intermediate Timing Summary | WNS=5.495  | TNS=0.000  | WHS=-0.033 | THS=-0.095 |

Phase 2 Router Initialization | Checksum: 39c54187

Time (s): cpu = 00:00:28 ; elapsed = 00:00:25 . Memory (MB): peak = 1654.113 ; gain = 82.281

Router Utilization Summary
  Global Vertical Routing Utilization    = 0 %
  Global Horizontal Routing Utilization  = 0 %
  Routable Net Status*
  *Does not include unroutable nets such as driverless and loadless.
  Run report_route_status for detailed report.
  Number of Failed Nets               = 475
    (Failed Nets is the sum of unrouted and partially routed nets)
  Number of Unrouted Nets             = 475
  Number of Partially Routed Nets     = 0
  Number of Node Overlaps             = 0


Phase 3 Initial Routing
Phase 3 Initial Routing | Checksum: 1d623065c

Time (s): cpu = 00:00:28 ; elapsed = 00:00:25 . Memory (MB): peak = 1654.664 ; gain = 82.832

Phase 4 Rip-up And Reroute

Phase 4.1 Global Iteration 0
 Number of Nodes with overlaps = 32
 Number of Nodes with overlaps = 0
INFO: [Route 35-416] Intermediate Timing Summary | WNS=4.606  | TNS=0.000  | WHS=N/A    | THS=N/A    |

Phase 4.1 Global Iteration 0 | Checksum: 152828f8f

Time (s): cpu = 00:00:29 ; elapsed = 00:00:26 . Memory (MB): peak = 1654.664 ; gain = 82.832
Phase 4 Rip-up And Reroute | Checksum: 152828f8f

Time (s): cpu = 00:00:29 ; elapsed = 00:00:26 . Memory (MB): peak = 1654.664 ; gain = 82.832

Phase 5 Delay and Skew Optimization

Phase 5.1 Delay CleanUp

Phase 5.1.1 Update Timing
Phase 5.1.1 Update Timing | Checksum: 19ee383a1

Time (s): cpu = 00:00:29 ; elapsed = 00:00:26 . Memory (MB): peak = 1654.664 ; gain = 82.832
INFO: [Route 35-416] Intermediate Timing Summary | WNS=4.685  | TNS=0.000  | WHS=N/A    | THS=N/A    |

Phase 5.1 Delay CleanUp | Checksum: 19ee383a1

Time (s): cpu = 00:00:29 ; elapsed = 00:00:26 . Memory (MB): peak = 1654.664 ; gain = 82.832

Phase 5.2 Clock Skew Optimization
Phase 5.2 Clock Skew Optimization | Checksum: 19ee383a1

Time (s): cpu = 00:00:29 ; elapsed = 00:00:26 . Memory (MB): peak = 1654.664 ; gain = 82.832
Phase 5 Delay and Skew Optimization | Checksum: 19ee383a1

Time (s): cpu = 00:00:29 ; elapsed = 00:00:26 . Memory (MB): peak = 1654.664 ; gain = 82.832

Phase 6 Post Hold Fix

Phase 6.1 Hold Fix Iter

Phase 6.1.1 Update Timing
Phase 6.1.1 Update Timing | Checksum: 17a843324

Time (s): cpu = 00:00:29 ; elapsed = 00:00:26 . Memory (MB): peak = 1654.664 ; gain = 82.832
INFO: [Route 35-416] Intermediate Timing Summary | WNS=4.685  | TNS=0.000  | WHS=0.232  | THS=0.000  |

Phase 6.1 Hold Fix Iter | Checksum: e01e7a20

Time (s): cpu = 00:00:29 ; elapsed = 00:00:26 . Memory (MB): peak = 1654.664 ; gain = 82.832
Phase 6 Post Hold Fix | Checksum: e01e7a20

Time (s): cpu = 00:00:29 ; elapsed = 00:00:26 . Memory (MB): peak = 1654.664 ; gain = 82.832

Phase 7 Route finalize

Router Utilization Summary
  Global Vertical Routing Utilization    = 0.111935 %
  Global Horizontal Routing Utilization  = 0.124545 %
  Routable Net Status*
  *Does not include unroutable nets such as driverless and loadless.
  Run report_route_status for detailed report.
  Number of Failed Nets               = 0
    (Failed Nets is the sum of unrouted and partially routed nets)
  Number of Unrouted Nets             = 0
  Number of Partially Routed Nets     = 0
  Number of Node Overlaps             = 0

Phase 7 Route finalize | Checksum: d71128a5

Time (s): cpu = 00:00:29 ; elapsed = 00:00:26 . Memory (MB): peak = 1654.664 ; gain = 82.832

Phase 8 Verifying routed nets

 Verification completed successfully
Phase 8 Verifying routed nets | Checksum: d71128a5

Time (s): cpu = 00:00:29 ; elapsed = 00:00:26 . Memory (MB): peak = 1656.703 ; gain = 84.871

Phase 9 Depositing Routes
Phase 9 Depositing Routes | Checksum: 6313fe65

Time (s): cpu = 00:00:29 ; elapsed = 00:00:26 . Memory (MB): peak = 1656.703 ; gain = 84.871

Phase 10 Post Router Timing
INFO: [Route 35-57] Estimated Timing Summary | WNS=4.685  | TNS=0.000  | WHS=0.232  | THS=0.000  |

INFO: [Route 35-327] The final timing numbers are based on the router estimated timing analysis. For a complete and accurate timing signoff, please run report_timing_summary.
Phase 10 Post Router Timing | Checksum: 6313fe65

Time (s): cpu = 00:00:29 ; elapsed = 00:00:26 . Memory (MB): peak = 1656.703 ; gain = 84.871
INFO: [Route 35-16] Router Completed Successfully

Time (s): cpu = 00:00:29 ; elapsed = 00:00:26 . Memory (MB): peak = 1656.703 ; gain = 84.871

Routing Is Done.
INFO: [Common 17-83] Releasing license: Implementation
84 Infos, 68 Warnings, 68 Critical Warnings and 0 Errors encountered.
route_design completed successfully
route_design: Time (s): cpu = 00:00:31 ; elapsed = 00:00:27 . Memory (MB): peak = 1656.703 ; gain = 96.859
INFO: [Timing 38-480] Writing timing data to binary archive.
Writing placer database...
Writing XDEF routing.
Writing XDEF routing logical nets.
Writing XDEF routing special nets.
Write XDEF Complete: Time (s): cpu = 00:00:00 ; elapsed = 00:00:00.129 . Memory (MB): peak = 1666.598 ; gain = 9.895
INFO: [Common 17-1381] The checkpoint 'C:/Users/IBM/Desktop/lab08_myrahisamazing/lab08_myrahisamazing/lab08_myrahisamazing.runs/impl_1/top_lab8_routed.dcp' has been generated.
INFO: [runtcl-4] Executing : report_drc -file top_lab8_drc_routed.rpt -pb top_lab8_drc_routed.pb -rpx top_lab8_drc_routed.rpx
Command: report_drc -file top_lab8_drc_routed.rpt -pb top_lab8_drc_routed.pb -rpx top_lab8_drc_routed.rpx
INFO: [IP_Flow 19-1839] IP Catalog is up to date.
INFO: [DRC 23-27] Running DRC with 2 threads
INFO: [Coretcl 2-168] The results of DRC are in file C:/Users/IBM/Desktop/lab08_myrahisamazing/lab08_myrahisamazing/lab08_myrahisamazing.runs/impl_1/top_lab8_drc_routed.rpt.
report_drc completed successfully
INFO: [runtcl-4] Executing : report_methodology -file top_lab8_methodology_drc_routed.rpt -pb top_lab8_methodology_drc_routed.pb -rpx top_lab8_methodology_drc_routed.rpx
Command: report_methodology -file top_lab8_methodology_drc_routed.rpt -pb top_lab8_methodology_drc_routed.pb -rpx top_lab8_methodology_drc_routed.rpx
INFO: [Timing 38-35] Done setting XDC timing constraints.
INFO: [DRC 23-133] Running Methodology with 2 threads
INFO: [Coretcl 2-1520] The results of Report Methodology are in file C:/Users/IBM/Desktop/lab08_myrahisamazing/lab08_myrahisamazing/lab08_myrahisamazing.runs/impl_1/top_lab8_methodology_drc_routed.rpt.
report_methodology completed successfully
INFO: [runtcl-4] Executing : report_power -file top_lab8_power_routed.rpt -pb top_lab8_power_summary_routed.pb -rpx top_lab8_power_routed.rpx
Command: report_power -file top_lab8_power_routed.rpt -pb top_lab8_power_summary_routed.pb -rpx top_lab8_power_routed.rpx
INFO: [Timing 38-35] Done setting XDC timing constraints.
Running Vector-less Activity Propagation...

Finished Running Vector-less Activity Propagation
96 Infos, 68 Warnings, 68 Critical Warnings and 0 Errors encountered.
report_power completed successfully
INFO: [runtcl-4] Executing : report_route_status -file top_lab8_route_status.rpt -pb top_lab8_route_status.pb
INFO: [runtcl-4] Executing : report_timing_summary -max_paths 10 -file top_lab8_timing_summary_routed.rpt -pb top_lab8_timing_summary_routed.pb -rpx top_lab8_timing_summary_routed.rpx -warn_on_violation 
INFO: [Timing 38-91] UpdateTimingParams: Speed grade: -1, Delay Type: min_max.
INFO: [Timing 38-191] Multithreading enabled for timing update using a maximum of 2 CPUs
INFO: [runtcl-4] Executing : report_incremental_reuse -file top_lab8_incremental_reuse_routed.rpt
INFO: [Vivado_Tcl 4-1062] Incremental flow is disabled. No incremental reuse Info to report.
INFO: [runtcl-4] Executing : report_clock_utilization -file top_lab8_clock_utilization_routed.rpt
INFO: [runtcl-4] Executing : report_bus_skew -warn_on_violation -file top_lab8_bus_skew_routed.rpt -pb top_lab8_bus_skew_routed.pb -rpx top_lab8_bus_skew_routed.rpx
INFO: [Timing 38-91] UpdateTimingParams: Speed grade: -1, Delay Type: min_max.
INFO: [Timing 38-191] Multithreading enabled for timing update using a maximum of 2 CPUs
INFO: [Common 17-206] Exiting Vivado at Thu Mar 19 05:17:34 2026...
