Copyright 1986-2020 Xilinx, Inc. All Rights Reserved.
-------------------------------------------------------------------------------------
| Tool Version : Vivado v.2020.1 (win64) Build 2902540 Wed May 27 19:54:49 MDT 2020
| Date         : Thu Mar 19 05:17:01 2026
| Host         : DESKTOP-2HIMGAT running 64-bit major release  (build 9200)
| Command      : report_control_sets -verbose -file top_lab8_control_sets_placed.rpt
| Design       : top_lab8
| Device       : xc7a35t
-------------------------------------------------------------------------------------

Control Set Information

Table of Contents
-----------------
1. Summary
2. Histogram
3. Flip-Flop Distribution
4. Detailed Control Set Information

1. Summary
----------

+----------------------------------------------------------+-------+
|                          Status                          | Count |
+----------------------------------------------------------+-------+
| Total control sets                                       |    38 |
|    Minimum number of control sets                        |    38 |
|    Addition due to synthesis replication                 |     0 |
|    Addition due to physical synthesis replication        |     0 |
| Unused register locations in slices containing registers |    12 |
+----------------------------------------------------------+-------+
* Control sets can be merged at opt_design using control_set_merge or merge_equivalent_drivers
** Run report_qor_suggestions for automated merging and remapping suggestions


2. Histogram
------------

+--------------------+-------+
|       Fanout       | Count |
+--------------------+-------+
| Total control sets |    38 |
| >= 0 to < 4        |     0 |
| >= 4 to < 6        |     1 |
| >= 6 to < 8        |     1 |
| >= 8 to < 10       |    34 |
| >= 10 to < 12      |     0 |
| >= 12 to < 14      |     0 |
| >= 14 to < 16      |     0 |
| >= 16              |     2 |
+--------------------+-------+
* Control sets can be remapped at either synth_design or opt_design


3. Flip-Flop Distribution
-------------------------

+--------------+-----------------------+------------------------+-----------------+--------------+
| Clock Enable | Synchronous Set/Reset | Asynchronous Set/Reset | Total Registers | Total Slices |
+--------------+-----------------------+------------------------+-----------------+--------------+
| No           | No                    | No                     |               7 |            4 |
| No           | No                    | Yes                    |               0 |            0 |
| No           | Yes                   | No                     |              40 |           12 |
| Yes          | No                    | No                     |               0 |            0 |
| Yes          | No                    | Yes                    |               8 |            3 |
| Yes          | Yes                   | No                     |             269 |           83 |
+--------------+-----------------------+------------------------+-----------------+--------------+


4. Detailed Control Set Information
-----------------------------------

+----------------+---------------------------------------+--------------------------+------------------+----------------+--------------+
|  Clock Signal  |             Enable Signal             |     Set/Reset Signal     | Slice Load Count | Bel Load Count | Bels / Slice |
+----------------+---------------------------------------+--------------------------+------------------+----------------+--------------+
|  clk_IBUF_BUFG | db1/E[0]                              | db/clean_reset           |                1 |              5 |         5.00 |
|  clk_IBUF_BUFG |                                       |                          |                4 |              7 |         1.75 |
|  clk_IBUF_BUFG | mem_sys/dataMem/memory[3][7]_i_1_n_0  | db/clean_reset           |                1 |              8 |         8.00 |
|  clk_IBUF_BUFG | mem_sys/dataMem/memory[9][7]_i_1_n_0  | db/clean_reset           |                7 |              8 |         1.14 |
|  clk_IBUF_BUFG | LEDWrite                              | db/clean_reset           |                3 |              8 |         2.67 |
|  clk_IBUF_BUFG | captured_read                         | db/clean_reset           |                5 |              8 |         1.60 |
|  clk_IBUF_BUFG | mem_sys/dataMem/memory[4][7]_i_1_n_0  | db/clean_reset           |                1 |              8 |         8.00 |
|  clk_IBUF_BUFG | mem_sys/dataMem/memory[14][7]_i_1_n_0 | db/clean_reset           |                2 |              8 |         4.00 |
|  clk_IBUF_BUFG | mem_sys/dataMem/memory[25][7]_i_1_n_0 | db/clean_reset           |                1 |              8 |         8.00 |
|  clk_IBUF_BUFG | mem_sys/dataMem/memory[5][7]_i_1_n_0  | db/clean_reset           |                5 |              8 |         1.60 |
|  clk_IBUF_BUFG | mem_sys/dataMem/memory[22][7]_i_1_n_0 | db/clean_reset           |                4 |              8 |         2.00 |
|  clk_IBUF_BUFG | mem_sys/dataMem/memory[11][7]_i_1_n_0 | db/clean_reset           |                2 |              8 |         4.00 |
|  clk_IBUF_BUFG | mem_sys/dataMem/memory[6][7]_i_1_n_0  | db/clean_reset           |                1 |              8 |         8.00 |
|  clk_IBUF_BUFG | mem_sys/dataMem/memory[19][7]_i_1_n_0 | db/clean_reset           |                2 |              8 |         4.00 |
|  clk_IBUF_BUFG | mem_sys/dataMem/memory[24][7]_i_1_n_0 | db/clean_reset           |                1 |              8 |         8.00 |
|  clk_IBUF_BUFG | mem_sys/dataMem/memory[31][7]_i_1_n_0 | db/clean_reset           |                5 |              8 |         1.60 |
|  clk_IBUF_BUFG | mem_sys/dataMem/memory[7][7]_i_1_n_0  | db/clean_reset           |                6 |              8 |         1.33 |
|  clk_IBUF_BUFG | mem_sys/dataMem/memory[8][7]_i_1_n_0  | db/clean_reset           |                3 |              8 |         2.67 |
|  clk_IBUF_BUFG | mem_sys/dataMem/memory[16][7]_i_1_n_0 | db/clean_reset           |                1 |              8 |         8.00 |
|  clk_IBUF_BUFG | mem_sys/dataMem/memory[10][7]_i_1_n_0 | db/clean_reset           |                1 |              8 |         8.00 |
|  clk_IBUF_BUFG | mem_sys/dataMem/memory[17][7]_i_1_n_0 | db/clean_reset           |                2 |              8 |         4.00 |
|  clk_IBUF_BUFG | mem_sys/dataMem/memory[1][7]_i_1_n_0  | db/clean_reset           |                3 |              8 |         2.67 |
|  clk_IBUF_BUFG | mem_sys/dataMem/memory[12][7]_i_1_n_0 | db/clean_reset           |                3 |              8 |         2.67 |
|  clk_IBUF_BUFG | mem_sys/dataMem/memory                | db/clean_reset           |                1 |              8 |         8.00 |
|  clk_IBUF_BUFG | mem_sys/dataMem/memory[13][7]_i_1_n_0 | db/clean_reset           |                1 |              8 |         8.00 |
|  clk_IBUF_BUFG | mem_sys/dataMem/memory[18][7]_i_1_n_0 | db/clean_reset           |                4 |              8 |         2.00 |
|  clk_IBUF_BUFG | mem_sys/dataMem/memory[21][7]_i_1_n_0 | db/clean_reset           |                2 |              8 |         4.00 |
|  clk_IBUF_BUFG | mem_sys/dataMem/memory[23][7]_i_1_n_0 | db/clean_reset           |                5 |              8 |         1.60 |
|  clk_IBUF_BUFG | mem_sys/dataMem/memory[28][7]_i_1_n_0 | db/clean_reset           |                2 |              8 |         4.00 |
|  clk_IBUF_BUFG | mem_sys/dataMem/memory[30][7]_i_1_n_0 | db/clean_reset           |                2 |              8 |         4.00 |
|  clk_IBUF_BUFG | mem_sys/dataMem/memory[29][7]_i_1_n_0 | db/clean_reset           |                2 |              8 |         4.00 |
|  clk_IBUF_BUFG | mem_sys/dataMem/memory[20][7]_i_1_n_0 | db/clean_reset           |                1 |              8 |         8.00 |
|  clk_IBUF_BUFG | mem_sys/dataMem/memory[15][7]_i_1_n_0 | db/clean_reset           |                1 |              8 |         8.00 |
|  clk_IBUF_BUFG | mem_sys/dataMem/memory[26][7]_i_1_n_0 | db/clean_reset           |                2 |              8 |         4.00 |
|  clk_IBUF_BUFG | mem_sys/dataMem/memory[27][7]_i_1_n_0 | db/clean_reset           |                1 |              8 |         8.00 |
|  clk_IBUF_BUFG | mem_sys/dataMem/memory[2][7]_i_1_n_0  | db/clean_reset           |                2 |              8 |         4.00 |
|  clk_IBUF_BUFG |                                       | db1/timer[19]_i_1__0_n_0 |                5 |             20 |         4.00 |
|  clk_IBUF_BUFG |                                       | db/timer[19]_i_1_n_0     |                7 |             20 |         2.86 |
+----------------+---------------------------------------+--------------------------+------------------+----------------+--------------+


