
*** Running vivado
    with args -log top_lab8.vds -m64 -product Vivado -mode batch -messageDb vivado.pb -notrace -source top_lab8.tcl



****** Vivado v2020.1 (64-bit)
  **** SW Build 2902540 on Wed May 27 19:54:49 MDT 2020
  **** IP Build 2902112 on Wed May 27 22:43:36 MDT 2020
    ** Copyright 1986-2020 Xilinx, Inc. All Rights Reserved.

source top_lab8.tcl -notrace
Command: synth_design -top top_lab8 -part xc7a35tcpg236-1
Starting synth_design
Attempting to get a license for feature 'Synthesis' and/or device 'xc7a35t'
INFO: [Common 17-349] Got license for feature 'Synthesis' and/or device 'xc7a35t'
INFO: [Device 21-403] Loading part xc7a35tcpg236-1
INFO: [Synth 8-7079] Multithreading enabled for synth_design using a maximum of 2 processes.
INFO: [Synth 8-7078] Launching helper process for spawning children vivado processes
INFO: [Synth 8-7075] Helper process launched with PID 9432
---------------------------------------------------------------------------------
Starting RTL Elaboration : Time (s): cpu = 00:00:05 ; elapsed = 00:00:06 . Memory (MB): peak = 1031.012 ; gain = 0.000
---------------------------------------------------------------------------------
INFO: [Synth 8-6157] synthesizing module 'top_lab8' [C:/Users/IBM/Desktop/lab08_myrahisamazing/lab08_myrahisamazing/lab08_myrahisamazing.srcs/sources_1/new/Lab08_top.v:6]
	Parameter IDLE bound to: 3'b000 
	Parameter WRITE_DM bound to: 3'b001 
	Parameter READ_DM bound to: 3'b010 
	Parameter WAIT_READ bound to: 3'b011 
	Parameter SHOW_LEDS bound to: 3'b100 
INFO: [Synth 8-6157] synthesizing module 'debouncer' [C:/Users/IBM/Desktop/lab08_myrahisamazing/lab08_myrahisamazing/lab08_myrahisamazing.srcs/sources_1/new/debouncer.v:2]
INFO: [Synth 8-6155] done synthesizing module 'debouncer' (1#1) [C:/Users/IBM/Desktop/lab08_myrahisamazing/lab08_myrahisamazing/lab08_myrahisamazing.srcs/sources_1/new/debouncer.v:2]
INFO: [Synth 8-6157] synthesizing module 'AddressDecoderTOP' [C:/Users/IBM/Desktop/lab08_myrahisamazing/lab08_myrahisamazing/lab08_myrahisamazing.srcs/sources_1/new/AddressDecoderTop.v:6]
INFO: [Synth 8-6157] synthesizing module 'AddressDecoder' [C:/Users/IBM/Desktop/lab08_myrahisamazing/lab08_myrahisamazing/lab08_myrahisamazing.srcs/sources_1/new/AddressDecoder.v:6]
INFO: [Synth 8-6155] done synthesizing module 'AddressDecoder' (2#1) [C:/Users/IBM/Desktop/lab08_myrahisamazing/lab08_myrahisamazing/lab08_myrahisamazing.srcs/sources_1/new/AddressDecoder.v:6]
INFO: [Synth 8-6157] synthesizing module 'DataMemory' [C:/Users/IBM/Desktop/lab08_myrahisamazing/lab08_myrahisamazing/lab08_myrahisamazing.srcs/sources_1/new/DataMemory.v:5]
INFO: [Synth 8-6155] done synthesizing module 'DataMemory' (3#1) [C:/Users/IBM/Desktop/lab08_myrahisamazing/lab08_myrahisamazing/lab08_myrahisamazing.srcs/sources_1/new/DataMemory.v:5]
INFO: [Synth 8-6157] synthesizing module 'leds' [C:/Users/IBM/Desktop/lab08_myrahisamazing/lab08_myrahisamazing/lab08_myrahisamazing.srcs/sources_1/new/leds.v:2]
INFO: [Synth 8-6155] done synthesizing module 'leds' (4#1) [C:/Users/IBM/Desktop/lab08_myrahisamazing/lab08_myrahisamazing/lab08_myrahisamazing.srcs/sources_1/new/leds.v:2]
WARNING: [Synth 8-7071] port 'readData' of module 'leds' is unconnected for instance 'led_inst' [C:/Users/IBM/Desktop/lab08_myrahisamazing/lab08_myrahisamazing/lab08_myrahisamazing.srcs/sources_1/new/AddressDecoderTop.v:44]
WARNING: [Synth 8-7023] instance 'led_inst' of module 'leds' has 8 connections declared, but only 7 given [C:/Users/IBM/Desktop/lab08_myrahisamazing/lab08_myrahisamazing/lab08_myrahisamazing.srcs/sources_1/new/AddressDecoderTop.v:44]
INFO: [Synth 8-6157] synthesizing module 'switches' [C:/Users/IBM/Desktop/lab08_myrahisamazing/lab08_myrahisamazing/lab08_myrahisamazing.srcs/sources_1/new/switches.v:2]
INFO: [Synth 8-6155] done synthesizing module 'switches' (5#1) [C:/Users/IBM/Desktop/lab08_myrahisamazing/lab08_myrahisamazing/lab08_myrahisamazing.srcs/sources_1/new/switches.v:2]
INFO: [Synth 8-6155] done synthesizing module 'AddressDecoderTOP' (6#1) [C:/Users/IBM/Desktop/lab08_myrahisamazing/lab08_myrahisamazing/lab08_myrahisamazing.srcs/sources_1/new/AddressDecoderTop.v:6]
INFO: [Synth 8-6155] done synthesizing module 'top_lab8' (7#1) [C:/Users/IBM/Desktop/lab08_myrahisamazing/lab08_myrahisamazing/lab08_myrahisamazing.srcs/sources_1/new/Lab08_top.v:6]
---------------------------------------------------------------------------------
Finished RTL Elaboration : Time (s): cpu = 00:00:07 ; elapsed = 00:00:09 . Memory (MB): peak = 1031.012 ; gain = 0.000
---------------------------------------------------------------------------------
---------------------------------------------------------------------------------
Start Handling Custom Attributes
---------------------------------------------------------------------------------
---------------------------------------------------------------------------------
Finished Handling Custom Attributes : Time (s): cpu = 00:00:08 ; elapsed = 00:00:11 . Memory (MB): peak = 1031.012 ; gain = 0.000
---------------------------------------------------------------------------------
---------------------------------------------------------------------------------
Finished RTL Optimization Phase 1 : Time (s): cpu = 00:00:08 ; elapsed = 00:00:11 . Memory (MB): peak = 1031.012 ; gain = 0.000
---------------------------------------------------------------------------------
Netlist sorting complete. Time (s): cpu = 00:00:00 ; elapsed = 00:00:00.108 . Memory (MB): peak = 1031.012 ; gain = 0.000
INFO: [Project 1-570] Preparing netlist for logic optimization

Processing XDC Constraints
Initializing timing engine
Parsing XDC File [C:/Users/IBM/Desktop/lab08_myrahisamazing/lab08_myrahisamazing/lab08_myrahisamazing.srcs/constrs_1/new/constrlab8.xdc]
WARNING: [Vivado 12-584] No ports matched 'switches_in[0]'. [C:/Users/IBM/Desktop/lab08_myrahisamazing/lab08_myrahisamazing/lab08_myrahisamazing.srcs/constrs_1/new/constrlab8.xdc:7]
CRITICAL WARNING: [Common 17-55] 'set_property' expects at least one object. [C:/Users/IBM/Desktop/lab08_myrahisamazing/lab08_myrahisamazing/lab08_myrahisamazing.srcs/constrs_1/new/constrlab8.xdc:7]
Resolution: If [get_<value>] was used to populate the object, check to make sure this command returns at least one valid object.
WARNING: [Vivado 12-584] No ports matched 'switches_in[0]'. [C:/Users/IBM/Desktop/lab08_myrahisamazing/lab08_myrahisamazing/lab08_myrahisamazing.srcs/constrs_1/new/constrlab8.xdc:8]
CRITICAL WARNING: [Common 17-55] 'set_property' expects at least one object. [C:/Users/IBM/Desktop/lab08_myrahisamazing/lab08_myrahisamazing/lab08_myrahisamazing.srcs/constrs_1/new/constrlab8.xdc:8]
Resolution: If [get_<value>] was used to populate the object, check to make sure this command returns at least one valid object.
WARNING: [Vivado 12-584] No ports matched 'switches_in[1]'. [C:/Users/IBM/Desktop/lab08_myrahisamazing/lab08_myrahisamazing/lab08_myrahisamazing.srcs/constrs_1/new/constrlab8.xdc:9]
CRITICAL WARNING: [Common 17-55] 'set_property' expects at least one object. [C:/Users/IBM/Desktop/lab08_myrahisamazing/lab08_myrahisamazing/lab08_myrahisamazing.srcs/constrs_1/new/constrlab8.xdc:9]
Resolution: If [get_<value>] was used to populate the object, check to make sure this command returns at least one valid object.
WARNING: [Vivado 12-584] No ports matched 'switches_in[1]'. [C:/Users/IBM/Desktop/lab08_myrahisamazing/lab08_myrahisamazing/lab08_myrahisamazing.srcs/constrs_1/new/constrlab8.xdc:10]
CRITICAL WARNING: [Common 17-55] 'set_property' expects at least one object. [C:/Users/IBM/Desktop/lab08_myrahisamazing/lab08_myrahisamazing/lab08_myrahisamazing.srcs/constrs_1/new/constrlab8.xdc:10]
Resolution: If [get_<value>] was used to populate the object, check to make sure this command returns at least one valid object.
WARNING: [Vivado 12-584] No ports matched 'switches_in[2]'. [C:/Users/IBM/Desktop/lab08_myrahisamazing/lab08_myrahisamazing/lab08_myrahisamazing.srcs/constrs_1/new/constrlab8.xdc:11]
CRITICAL WARNING: [Common 17-55] 'set_property' expects at least one object. [C:/Users/IBM/Desktop/lab08_myrahisamazing/lab08_myrahisamazing/lab08_myrahisamazing.srcs/constrs_1/new/constrlab8.xdc:11]
Resolution: If [get_<value>] was used to populate the object, check to make sure this command returns at least one valid object.
WARNING: [Vivado 12-584] No ports matched 'switches_in[2]'. [C:/Users/IBM/Desktop/lab08_myrahisamazing/lab08_myrahisamazing/lab08_myrahisamazing.srcs/constrs_1/new/constrlab8.xdc:12]
CRITICAL WARNING: [Common 17-55] 'set_property' expects at least one object. [C:/Users/IBM/Desktop/lab08_myrahisamazing/lab08_myrahisamazing/lab08_myrahisamazing.srcs/constrs_1/new/constrlab8.xdc:12]
Resolution: If [get_<value>] was used to populate the object, check to make sure this command returns at least one valid object.
WARNING: [Vivado 12-584] No ports matched 'switches_in[3]'. [C:/Users/IBM/Desktop/lab08_myrahisamazing/lab08_myrahisamazing/lab08_myrahisamazing.srcs/constrs_1/new/constrlab8.xdc:13]
CRITICAL WARNING: [Common 17-55] 'set_property' expects at least one object. [C:/Users/IBM/Desktop/lab08_myrahisamazing/lab08_myrahisamazing/lab08_myrahisamazing.srcs/constrs_1/new/constrlab8.xdc:13]
Resolution: If [get_<value>] was used to populate the object, check to make sure this command returns at least one valid object.
WARNING: [Vivado 12-584] No ports matched 'switches_in[3]'. [C:/Users/IBM/Desktop/lab08_myrahisamazing/lab08_myrahisamazing/lab08_myrahisamazing.srcs/constrs_1/new/constrlab8.xdc:14]
CRITICAL WARNING: [Common 17-55] 'set_property' expects at least one object. [C:/Users/IBM/Desktop/lab08_myrahisamazing/lab08_myrahisamazing/lab08_myrahisamazing.srcs/constrs_1/new/constrlab8.xdc:14]
Resolution: If [get_<value>] was used to populate the object, check to make sure this command returns at least one valid object.
WARNING: [Vivado 12-584] No ports matched 'switches_in[4]'. [C:/Users/IBM/Desktop/lab08_myrahisamazing/lab08_myrahisamazing/lab08_myrahisamazing.srcs/constrs_1/new/constrlab8.xdc:15]
CRITICAL WARNING: [Common 17-55] 'set_property' expects at least one object. [C:/Users/IBM/Desktop/lab08_myrahisamazing/lab08_myrahisamazing/lab08_myrahisamazing.srcs/constrs_1/new/constrlab8.xdc:15]
Resolution: If [get_<value>] was used to populate the object, check to make sure this command returns at least one valid object.
WARNING: [Vivado 12-584] No ports matched 'switches_in[4]'. [C:/Users/IBM/Desktop/lab08_myrahisamazing/lab08_myrahisamazing/lab08_myrahisamazing.srcs/constrs_1/new/constrlab8.xdc:16]
CRITICAL WARNING: [Common 17-55] 'set_property' expects at least one object. [C:/Users/IBM/Desktop/lab08_myrahisamazing/lab08_myrahisamazing/lab08_myrahisamazing.srcs/constrs_1/new/constrlab8.xdc:16]
Resolution: If [get_<value>] was used to populate the object, check to make sure this command returns at least one valid object.
WARNING: [Vivado 12-584] No ports matched 'switches_in[5]'. [C:/Users/IBM/Desktop/lab08_myrahisamazing/lab08_myrahisamazing/lab08_myrahisamazing.srcs/constrs_1/new/constrlab8.xdc:17]
CRITICAL WARNING: [Common 17-55] 'set_property' expects at least one object. [C:/Users/IBM/Desktop/lab08_myrahisamazing/lab08_myrahisamazing/lab08_myrahisamazing.srcs/constrs_1/new/constrlab8.xdc:17]
Resolution: If [get_<value>] was used to populate the object, check to make sure this command returns at least one valid object.
WARNING: [Vivado 12-584] No ports matched 'switches_in[5]'. [C:/Users/IBM/Desktop/lab08_myrahisamazing/lab08_myrahisamazing/lab08_myrahisamazing.srcs/constrs_1/new/constrlab8.xdc:18]
CRITICAL WARNING: [Common 17-55] 'set_property' expects at least one object. [C:/Users/IBM/Desktop/lab08_myrahisamazing/lab08_myrahisamazing/lab08_myrahisamazing.srcs/constrs_1/new/constrlab8.xdc:18]
Resolution: If [get_<value>] was used to populate the object, check to make sure this command returns at least one valid object.
WARNING: [Vivado 12-584] No ports matched 'switches_in[6]'. [C:/Users/IBM/Desktop/lab08_myrahisamazing/lab08_myrahisamazing/lab08_myrahisamazing.srcs/constrs_1/new/constrlab8.xdc:19]
CRITICAL WARNING: [Common 17-55] 'set_property' expects at least one object. [C:/Users/IBM/Desktop/lab08_myrahisamazing/lab08_myrahisamazing/lab08_myrahisamazing.srcs/constrs_1/new/constrlab8.xdc:19]
Resolution: If [get_<value>] was used to populate the object, check to make sure this command returns at least one valid object.
WARNING: [Vivado 12-584] No ports matched 'switches_in[6]'. [C:/Users/IBM/Desktop/lab08_myrahisamazing/lab08_myrahisamazing/lab08_myrahisamazing.srcs/constrs_1/new/constrlab8.xdc:20]
CRITICAL WARNING: [Common 17-55] 'set_property' expects at least one object. [C:/Users/IBM/Desktop/lab08_myrahisamazing/lab08_myrahisamazing/lab08_myrahisamazing.srcs/constrs_1/new/constrlab8.xdc:20]
Resolution: If [get_<value>] was used to populate the object, check to make sure this command returns at least one valid object.
WARNING: [Vivado 12-584] No ports matched 'switches_in[7]'. [C:/Users/IBM/Desktop/lab08_myrahisamazing/lab08_myrahisamazing/lab08_myrahisamazing.srcs/constrs_1/new/constrlab8.xdc:21]
CRITICAL WARNING: [Common 17-55] 'set_property' expects at least one object. [C:/Users/IBM/Desktop/lab08_myrahisamazing/lab08_myrahisamazing/lab08_myrahisamazing.srcs/constrs_1/new/constrlab8.xdc:21]
Resolution: If [get_<value>] was used to populate the object, check to make sure this command returns at least one valid object.
WARNING: [Vivado 12-584] No ports matched 'switches_in[7]'. [C:/Users/IBM/Desktop/lab08_myrahisamazing/lab08_myrahisamazing/lab08_myrahisamazing.srcs/constrs_1/new/constrlab8.xdc:22]
CRITICAL WARNING: [Common 17-55] 'set_property' expects at least one object. [C:/Users/IBM/Desktop/lab08_myrahisamazing/lab08_myrahisamazing/lab08_myrahisamazing.srcs/constrs_1/new/constrlab8.xdc:22]
Resolution: If [get_<value>] was used to populate the object, check to make sure this command returns at least one valid object.
WARNING: [Vivado 12-584] No ports matched 'switches_in[8]'. [C:/Users/IBM/Desktop/lab08_myrahisamazing/lab08_myrahisamazing/lab08_myrahisamazing.srcs/constrs_1/new/constrlab8.xdc:23]
CRITICAL WARNING: [Common 17-55] 'set_property' expects at least one object. [C:/Users/IBM/Desktop/lab08_myrahisamazing/lab08_myrahisamazing/lab08_myrahisamazing.srcs/constrs_1/new/constrlab8.xdc:23]
Resolution: If [get_<value>] was used to populate the object, check to make sure this command returns at least one valid object.
WARNING: [Vivado 12-584] No ports matched 'switches_in[8]'. [C:/Users/IBM/Desktop/lab08_myrahisamazing/lab08_myrahisamazing/lab08_myrahisamazing.srcs/constrs_1/new/constrlab8.xdc:24]
CRITICAL WARNING: [Common 17-55] 'set_property' expects at least one object. [C:/Users/IBM/Desktop/lab08_myrahisamazing/lab08_myrahisamazing/lab08_myrahisamazing.srcs/constrs_1/new/constrlab8.xdc:24]
Resolution: If [get_<value>] was used to populate the object, check to make sure this command returns at least one valid object.
WARNING: [Vivado 12-584] No ports matched 'switches_in[9]'. [C:/Users/IBM/Desktop/lab08_myrahisamazing/lab08_myrahisamazing/lab08_myrahisamazing.srcs/constrs_1/new/constrlab8.xdc:25]
CRITICAL WARNING: [Common 17-55] 'set_property' expects at least one object. [C:/Users/IBM/Desktop/lab08_myrahisamazing/lab08_myrahisamazing/lab08_myrahisamazing.srcs/constrs_1/new/constrlab8.xdc:25]
Resolution: If [get_<value>] was used to populate the object, check to make sure this command returns at least one valid object.
WARNING: [Vivado 12-584] No ports matched 'switches_in[9]'. [C:/Users/IBM/Desktop/lab08_myrahisamazing/lab08_myrahisamazing/lab08_myrahisamazing.srcs/constrs_1/new/constrlab8.xdc:26]
CRITICAL WARNING: [Common 17-55] 'set_property' expects at least one object. [C:/Users/IBM/Desktop/lab08_myrahisamazing/lab08_myrahisamazing/lab08_myrahisamazing.srcs/constrs_1/new/constrlab8.xdc:26]
Resolution: If [get_<value>] was used to populate the object, check to make sure this command returns at least one valid object.
WARNING: [Vivado 12-584] No ports matched 'switches_in[10]'. [C:/Users/IBM/Desktop/lab08_myrahisamazing/lab08_myrahisamazing/lab08_myrahisamazing.srcs/constrs_1/new/constrlab8.xdc:27]
CRITICAL WARNING: [Common 17-55] 'set_property' expects at least one object. [C:/Users/IBM/Desktop/lab08_myrahisamazing/lab08_myrahisamazing/lab08_myrahisamazing.srcs/constrs_1/new/constrlab8.xdc:27]
Resolution: If [get_<value>] was used to populate the object, check to make sure this command returns at least one valid object.
WARNING: [Vivado 12-584] No ports matched 'switches_in[10]'. [C:/Users/IBM/Desktop/lab08_myrahisamazing/lab08_myrahisamazing/lab08_myrahisamazing.srcs/constrs_1/new/constrlab8.xdc:28]
CRITICAL WARNING: [Common 17-55] 'set_property' expects at least one object. [C:/Users/IBM/Desktop/lab08_myrahisamazing/lab08_myrahisamazing/lab08_myrahisamazing.srcs/constrs_1/new/constrlab8.xdc:28]
Resolution: If [get_<value>] was used to populate the object, check to make sure this command returns at least one valid object.
WARNING: [Vivado 12-584] No ports matched 'switches_in[11]'. [C:/Users/IBM/Desktop/lab08_myrahisamazing/lab08_myrahisamazing/lab08_myrahisamazing.srcs/constrs_1/new/constrlab8.xdc:29]
CRITICAL WARNING: [Common 17-55] 'set_property' expects at least one object. [C:/Users/IBM/Desktop/lab08_myrahisamazing/lab08_myrahisamazing/lab08_myrahisamazing.srcs/constrs_1/new/constrlab8.xdc:29]
Resolution: If [get_<value>] was used to populate the object, check to make sure this command returns at least one valid object.
WARNING: [Vivado 12-584] No ports matched 'switches_in[11]'. [C:/Users/IBM/Desktop/lab08_myrahisamazing/lab08_myrahisamazing/lab08_myrahisamazing.srcs/constrs_1/new/constrlab8.xdc:30]
CRITICAL WARNING: [Common 17-55] 'set_property' expects at least one object. [C:/Users/IBM/Desktop/lab08_myrahisamazing/lab08_myrahisamazing/lab08_myrahisamazing.srcs/constrs_1/new/constrlab8.xdc:30]
Resolution: If [get_<value>] was used to populate the object, check to make sure this command returns at least one valid object.
WARNING: [Vivado 12-584] No ports matched 'switches_in[12]'. [C:/Users/IBM/Desktop/lab08_myrahisamazing/lab08_myrahisamazing/lab08_myrahisamazing.srcs/constrs_1/new/constrlab8.xdc:31]
CRITICAL WARNING: [Common 17-55] 'set_property' expects at least one object. [C:/Users/IBM/Desktop/lab08_myrahisamazing/lab08_myrahisamazing/lab08_myrahisamazing.srcs/constrs_1/new/constrlab8.xdc:31]
Resolution: If [get_<value>] was used to populate the object, check to make sure this command returns at least one valid object.
WARNING: [Vivado 12-584] No ports matched 'switches_in[12]'. [C:/Users/IBM/Desktop/lab08_myrahisamazing/lab08_myrahisamazing/lab08_myrahisamazing.srcs/constrs_1/new/constrlab8.xdc:32]
CRITICAL WARNING: [Common 17-55] 'set_property' expects at least one object. [C:/Users/IBM/Desktop/lab08_myrahisamazing/lab08_myrahisamazing/lab08_myrahisamazing.srcs/constrs_1/new/constrlab8.xdc:32]
Resolution: If [get_<value>] was used to populate the object, check to make sure this command returns at least one valid object.
WARNING: [Vivado 12-584] No ports matched 'switches_in[13]'. [C:/Users/IBM/Desktop/lab08_myrahisamazing/lab08_myrahisamazing/lab08_myrahisamazing.srcs/constrs_1/new/constrlab8.xdc:33]
CRITICAL WARNING: [Common 17-55] 'set_property' expects at least one object. [C:/Users/IBM/Desktop/lab08_myrahisamazing/lab08_myrahisamazing/lab08_myrahisamazing.srcs/constrs_1/new/constrlab8.xdc:33]
Resolution: If [get_<value>] was used to populate the object, check to make sure this command returns at least one valid object.
WARNING: [Vivado 12-584] No ports matched 'switches_in[13]'. [C:/Users/IBM/Desktop/lab08_myrahisamazing/lab08_myrahisamazing/lab08_myrahisamazing.srcs/constrs_1/new/constrlab8.xdc:34]
CRITICAL WARNING: [Common 17-55] 'set_property' expects at least one object. [C:/Users/IBM/Desktop/lab08_myrahisamazing/lab08_myrahisamazing/lab08_myrahisamazing.srcs/constrs_1/new/constrlab8.xdc:34]
Resolution: If [get_<value>] was used to populate the object, check to make sure this command returns at least one valid object.
WARNING: [Vivado 12-584] No ports matched 'switches_in[14]'. [C:/Users/IBM/Desktop/lab08_myrahisamazing/lab08_myrahisamazing/lab08_myrahisamazing.srcs/constrs_1/new/constrlab8.xdc:35]
CRITICAL WARNING: [Common 17-55] 'set_property' expects at least one object. [C:/Users/IBM/Desktop/lab08_myrahisamazing/lab08_myrahisamazing/lab08_myrahisamazing.srcs/constrs_1/new/constrlab8.xdc:35]
Resolution: If [get_<value>] was used to populate the object, check to make sure this command returns at least one valid object.
WARNING: [Vivado 12-584] No ports matched 'switches_in[14]'. [C:/Users/IBM/Desktop/lab08_myrahisamazing/lab08_myrahisamazing/lab08_myrahisamazing.srcs/constrs_1/new/constrlab8.xdc:36]
CRITICAL WARNING: [Common 17-55] 'set_property' expects at least one object. [C:/Users/IBM/Desktop/lab08_myrahisamazing/lab08_myrahisamazing/lab08_myrahisamazing.srcs/constrs_1/new/constrlab8.xdc:36]
Resolution: If [get_<value>] was used to populate the object, check to make sure this command returns at least one valid object.
WARNING: [Vivado 12-584] No ports matched 'switches_in[15]'. [C:/Users/IBM/Desktop/lab08_myrahisamazing/lab08_myrahisamazing/lab08_myrahisamazing.srcs/constrs_1/new/constrlab8.xdc:37]
CRITICAL WARNING: [Common 17-55] 'set_property' expects at least one object. [C:/Users/IBM/Desktop/lab08_myrahisamazing/lab08_myrahisamazing/lab08_myrahisamazing.srcs/constrs_1/new/constrlab8.xdc:37]
Resolution: If [get_<value>] was used to populate the object, check to make sure this command returns at least one valid object.
WARNING: [Vivado 12-584] No ports matched 'switches_in[15]'. [C:/Users/IBM/Desktop/lab08_myrahisamazing/lab08_myrahisamazing/lab08_myrahisamazing.srcs/constrs_1/new/constrlab8.xdc:38]
CRITICAL WARNING: [Common 17-55] 'set_property' expects at least one object. [C:/Users/IBM/Desktop/lab08_myrahisamazing/lab08_myrahisamazing/lab08_myrahisamazing.srcs/constrs_1/new/constrlab8.xdc:38]
Resolution: If [get_<value>] was used to populate the object, check to make sure this command returns at least one valid object.
WARNING: [Vivado 12-584] No ports matched 'leds_out[0]'. [C:/Users/IBM/Desktop/lab08_myrahisamazing/lab08_myrahisamazing/lab08_myrahisamazing.srcs/constrs_1/new/constrlab8.xdc:41]
CRITICAL WARNING: [Common 17-55] 'set_property' expects at least one object. [C:/Users/IBM/Desktop/lab08_myrahisamazing/lab08_myrahisamazing/lab08_myrahisamazing.srcs/constrs_1/new/constrlab8.xdc:41]
Resolution: If [get_<value>] was used to populate the object, check to make sure this command returns at least one valid object.
WARNING: [Vivado 12-584] No ports matched 'leds_out[0]'. [C:/Users/IBM/Desktop/lab08_myrahisamazing/lab08_myrahisamazing/lab08_myrahisamazing.srcs/constrs_1/new/constrlab8.xdc:42]
CRITICAL WARNING: [Common 17-55] 'set_property' expects at least one object. [C:/Users/IBM/Desktop/lab08_myrahisamazing/lab08_myrahisamazing/lab08_myrahisamazing.srcs/constrs_1/new/constrlab8.xdc:42]
Resolution: If [get_<value>] was used to populate the object, check to make sure this command returns at least one valid object.
WARNING: [Vivado 12-584] No ports matched 'leds_out[1]'. [C:/Users/IBM/Desktop/lab08_myrahisamazing/lab08_myrahisamazing/lab08_myrahisamazing.srcs/constrs_1/new/constrlab8.xdc:43]
CRITICAL WARNING: [Common 17-55] 'set_property' expects at least one object. [C:/Users/IBM/Desktop/lab08_myrahisamazing/lab08_myrahisamazing/lab08_myrahisamazing.srcs/constrs_1/new/constrlab8.xdc:43]
Resolution: If [get_<value>] was used to populate the object, check to make sure this command returns at least one valid object.
WARNING: [Vivado 12-584] No ports matched 'leds_out[1]'. [C:/Users/IBM/Desktop/lab08_myrahisamazing/lab08_myrahisamazing/lab08_myrahisamazing.srcs/constrs_1/new/constrlab8.xdc:44]
CRITICAL WARNING: [Common 17-55] 'set_property' expects at least one object. [C:/Users/IBM/Desktop/lab08_myrahisamazing/lab08_myrahisamazing/lab08_myrahisamazing.srcs/constrs_1/new/constrlab8.xdc:44]
Resolution: If [get_<value>] was used to populate the object, check to make sure this command returns at least one valid object.
WARNING: [Vivado 12-584] No ports matched 'leds_out[2]'. [C:/Users/IBM/Desktop/lab08_myrahisamazing/lab08_myrahisamazing/lab08_myrahisamazing.srcs/constrs_1/new/constrlab8.xdc:45]
CRITICAL WARNING: [Common 17-55] 'set_property' expects at least one object. [C:/Users/IBM/Desktop/lab08_myrahisamazing/lab08_myrahisamazing/lab08_myrahisamazing.srcs/constrs_1/new/constrlab8.xdc:45]
Resolution: If [get_<value>] was used to populate the object, check to make sure this command returns at least one valid object.
WARNING: [Vivado 12-584] No ports matched 'leds_out[2]'. [C:/Users/IBM/Desktop/lab08_myrahisamazing/lab08_myrahisamazing/lab08_myrahisamazing.srcs/constrs_1/new/constrlab8.xdc:46]
CRITICAL WARNING: [Common 17-55] 'set_property' expects at least one object. [C:/Users/IBM/Desktop/lab08_myrahisamazing/lab08_myrahisamazing/lab08_myrahisamazing.srcs/constrs_1/new/constrlab8.xdc:46]
Resolution: If [get_<value>] was used to populate the object, check to make sure this command returns at least one valid object.
WARNING: [Vivado 12-584] No ports matched 'leds_out[3]'. [C:/Users/IBM/Desktop/lab08_myrahisamazing/lab08_myrahisamazing/lab08_myrahisamazing.srcs/constrs_1/new/constrlab8.xdc:47]
CRITICAL WARNING: [Common 17-55] 'set_property' expects at least one object. [C:/Users/IBM/Desktop/lab08_myrahisamazing/lab08_myrahisamazing/lab08_myrahisamazing.srcs/constrs_1/new/constrlab8.xdc:47]
Resolution: If [get_<value>] was used to populate the object, check to make sure this command returns at least one valid object.
WARNING: [Vivado 12-584] No ports matched 'leds_out[3]'. [C:/Users/IBM/Desktop/lab08_myrahisamazing/lab08_myrahisamazing/lab08_myrahisamazing.srcs/constrs_1/new/constrlab8.xdc:48]
CRITICAL WARNING: [Common 17-55] 'set_property' expects at least one object. [C:/Users/IBM/Desktop/lab08_myrahisamazing/lab08_myrahisamazing/lab08_myrahisamazing.srcs/constrs_1/new/constrlab8.xdc:48]
Resolution: If [get_<value>] was used to populate the object, check to make sure this command returns at least one valid object.
WARNING: [Vivado 12-584] No ports matched 'leds_out[4]'. [C:/Users/IBM/Desktop/lab08_myrahisamazing/lab08_myrahisamazing/lab08_myrahisamazing.srcs/constrs_1/new/constrlab8.xdc:49]
CRITICAL WARNING: [Common 17-55] 'set_property' expects at least one object. [C:/Users/IBM/Desktop/lab08_myrahisamazing/lab08_myrahisamazing/lab08_myrahisamazing.srcs/constrs_1/new/constrlab8.xdc:49]
Resolution: If [get_<value>] was used to populate the object, check to make sure this command returns at least one valid object.
WARNING: [Vivado 12-584] No ports matched 'leds_out[4]'. [C:/Users/IBM/Desktop/lab08_myrahisamazing/lab08_myrahisamazing/lab08_myrahisamazing.srcs/constrs_1/new/constrlab8.xdc:50]
CRITICAL WARNING: [Common 17-55] 'set_property' expects at least one object. [C:/Users/IBM/Desktop/lab08_myrahisamazing/lab08_myrahisamazing/lab08_myrahisamazing.srcs/constrs_1/new/constrlab8.xdc:50]
Resolution: If [get_<value>] was used to populate the object, check to make sure this command returns at least one valid object.
WARNING: [Vivado 12-584] No ports matched 'leds_out[5]'. [C:/Users/IBM/Desktop/lab08_myrahisamazing/lab08_myrahisamazing/lab08_myrahisamazing.srcs/constrs_1/new/constrlab8.xdc:51]
CRITICAL WARNING: [Common 17-55] 'set_property' expects at least one object. [C:/Users/IBM/Desktop/lab08_myrahisamazing/lab08_myrahisamazing/lab08_myrahisamazing.srcs/constrs_1/new/constrlab8.xdc:51]
Resolution: If [get_<value>] was used to populate the object, check to make sure this command returns at least one valid object.
WARNING: [Vivado 12-584] No ports matched 'leds_out[5]'. [C:/Users/IBM/Desktop/lab08_myrahisamazing/lab08_myrahisamazing/lab08_myrahisamazing.srcs/constrs_1/new/constrlab8.xdc:52]
CRITICAL WARNING: [Common 17-55] 'set_property' expects at least one object. [C:/Users/IBM/Desktop/lab08_myrahisamazing/lab08_myrahisamazing/lab08_myrahisamazing.srcs/constrs_1/new/constrlab8.xdc:52]
Resolution: If [get_<value>] was used to populate the object, check to make sure this command returns at least one valid object.
WARNING: [Vivado 12-584] No ports matched 'leds_out[6]'. [C:/Users/IBM/Desktop/lab08_myrahisamazing/lab08_myrahisamazing/lab08_myrahisamazing.srcs/constrs_1/new/constrlab8.xdc:53]
CRITICAL WARNING: [Common 17-55] 'set_property' expects at least one object. [C:/Users/IBM/Desktop/lab08_myrahisamazing/lab08_myrahisamazing/lab08_myrahisamazing.srcs/constrs_1/new/constrlab8.xdc:53]
Resolution: If [get_<value>] was used to populate the object, check to make sure this command returns at least one valid object.
WARNING: [Vivado 12-584] No ports matched 'leds_out[6]'. [C:/Users/IBM/Desktop/lab08_myrahisamazing/lab08_myrahisamazing/lab08_myrahisamazing.srcs/constrs_1/new/constrlab8.xdc:54]
CRITICAL WARNING: [Common 17-55] 'set_property' expects at least one object. [C:/Users/IBM/Desktop/lab08_myrahisamazing/lab08_myrahisamazing/lab08_myrahisamazing.srcs/constrs_1/new/constrlab8.xdc:54]
Resolution: If [get_<value>] was used to populate the object, check to make sure this command returns at least one valid object.
WARNING: [Vivado 12-584] No ports matched 'leds_out[7]'. [C:/Users/IBM/Desktop/lab08_myrahisamazing/lab08_myrahisamazing/lab08_myrahisamazing.srcs/constrs_1/new/constrlab8.xdc:55]
CRITICAL WARNING: [Common 17-55] 'set_property' expects at least one object. [C:/Users/IBM/Desktop/lab08_myrahisamazing/lab08_myrahisamazing/lab08_myrahisamazing.srcs/constrs_1/new/constrlab8.xdc:55]
Resolution: If [get_<value>] was used to populate the object, check to make sure this command returns at least one valid object.
WARNING: [Vivado 12-584] No ports matched 'leds_out[7]'. [C:/Users/IBM/Desktop/lab08_myrahisamazing/lab08_myrahisamazing/lab08_myrahisamazing.srcs/constrs_1/new/constrlab8.xdc:56]
CRITICAL WARNING: [Common 17-55] 'set_property' expects at least one object. [C:/Users/IBM/Desktop/lab08_myrahisamazing/lab08_myrahisamazing/lab08_myrahisamazing.srcs/constrs_1/new/constrlab8.xdc:56]
Resolution: If [get_<value>] was used to populate the object, check to make sure this command returns at least one valid object.
WARNING: [Vivado 12-584] No ports matched 'leds_out[8]'. [C:/Users/IBM/Desktop/lab08_myrahisamazing/lab08_myrahisamazing/lab08_myrahisamazing.srcs/constrs_1/new/constrlab8.xdc:59]
CRITICAL WARNING: [Common 17-55] 'set_property' expects at least one object. [C:/Users/IBM/Desktop/lab08_myrahisamazing/lab08_myrahisamazing/lab08_myrahisamazing.srcs/constrs_1/new/constrlab8.xdc:59]
Resolution: If [get_<value>] was used to populate the object, check to make sure this command returns at least one valid object.
WARNING: [Vivado 12-584] No ports matched 'leds_out[8]'. [C:/Users/IBM/Desktop/lab08_myrahisamazing/lab08_myrahisamazing/lab08_myrahisamazing.srcs/constrs_1/new/constrlab8.xdc:60]
CRITICAL WARNING: [Common 17-55] 'set_property' expects at least one object. [C:/Users/IBM/Desktop/lab08_myrahisamazing/lab08_myrahisamazing/lab08_myrahisamazing.srcs/constrs_1/new/constrlab8.xdc:60]
Resolution: If [get_<value>] was used to populate the object, check to make sure this command returns at least one valid object.
WARNING: [Vivado 12-584] No ports matched 'leds_out[9]'. [C:/Users/IBM/Desktop/lab08_myrahisamazing/lab08_myrahisamazing/lab08_myrahisamazing.srcs/constrs_1/new/constrlab8.xdc:61]
CRITICAL WARNING: [Common 17-55] 'set_property' expects at least one object. [C:/Users/IBM/Desktop/lab08_myrahisamazing/lab08_myrahisamazing/lab08_myrahisamazing.srcs/constrs_1/new/constrlab8.xdc:61]
Resolution: If [get_<value>] was used to populate the object, check to make sure this command returns at least one valid object.
WARNING: [Vivado 12-584] No ports matched 'leds_out[9]'. [C:/Users/IBM/Desktop/lab08_myrahisamazing/lab08_myrahisamazing/lab08_myrahisamazing.srcs/constrs_1/new/constrlab8.xdc:62]
CRITICAL WARNING: [Common 17-55] 'set_property' expects at least one object. [C:/Users/IBM/Desktop/lab08_myrahisamazing/lab08_myrahisamazing/lab08_myrahisamazing.srcs/constrs_1/new/constrlab8.xdc:62]
Resolution: If [get_<value>] was used to populate the object, check to make sure this command returns at least one valid object.
WARNING: [Vivado 12-584] No ports matched 'leds_out[10]'. [C:/Users/IBM/Desktop/lab08_myrahisamazing/lab08_myrahisamazing/lab08_myrahisamazing.srcs/constrs_1/new/constrlab8.xdc:63]
CRITICAL WARNING: [Common 17-55] 'set_property' expects at least one object. [C:/Users/IBM/Desktop/lab08_myrahisamazing/lab08_myrahisamazing/lab08_myrahisamazing.srcs/constrs_1/new/constrlab8.xdc:63]
Resolution: If [get_<value>] was used to populate the object, check to make sure this command returns at least one valid object.
WARNING: [Vivado 12-584] No ports matched 'leds_out[10]'. [C:/Users/IBM/Desktop/lab08_myrahisamazing/lab08_myrahisamazing/lab08_myrahisamazing.srcs/constrs_1/new/constrlab8.xdc:64]
CRITICAL WARNING: [Common 17-55] 'set_property' expects at least one object. [C:/Users/IBM/Desktop/lab08_myrahisamazing/lab08_myrahisamazing/lab08_myrahisamazing.srcs/constrs_1/new/constrlab8.xdc:64]
Resolution: If [get_<value>] was used to populate the object, check to make sure this command returns at least one valid object.
WARNING: [Vivado 12-584] No ports matched 'leds_out[11]'. [C:/Users/IBM/Desktop/lab08_myrahisamazing/lab08_myrahisamazing/lab08_myrahisamazing.srcs/constrs_1/new/constrlab8.xdc:65]
CRITICAL WARNING: [Common 17-55] 'set_property' expects at least one object. [C:/Users/IBM/Desktop/lab08_myrahisamazing/lab08_myrahisamazing/lab08_myrahisamazing.srcs/constrs_1/new/constrlab8.xdc:65]
Resolution: If [get_<value>] was used to populate the object, check to make sure this command returns at least one valid object.
WARNING: [Vivado 12-584] No ports matched 'leds_out[11]'. [C:/Users/IBM/Desktop/lab08_myrahisamazing/lab08_myrahisamazing/lab08_myrahisamazing.srcs/constrs_1/new/constrlab8.xdc:66]
CRITICAL WARNING: [Common 17-55] 'set_property' expects at least one object. [C:/Users/IBM/Desktop/lab08_myrahisamazing/lab08_myrahisamazing/lab08_myrahisamazing.srcs/constrs_1/new/constrlab8.xdc:66]
Resolution: If [get_<value>] was used to populate the object, check to make sure this command returns at least one valid object.
WARNING: [Vivado 12-584] No ports matched 'leds_out[12]'. [C:/Users/IBM/Desktop/lab08_myrahisamazing/lab08_myrahisamazing/lab08_myrahisamazing.srcs/constrs_1/new/constrlab8.xdc:67]
CRITICAL WARNING: [Common 17-55] 'set_property' expects at least one object. [C:/Users/IBM/Desktop/lab08_myrahisamazing/lab08_myrahisamazing/lab08_myrahisamazing.srcs/constrs_1/new/constrlab8.xdc:67]
Resolution: If [get_<value>] was used to populate the object, check to make sure this command returns at least one valid object.
WARNING: [Vivado 12-584] No ports matched 'leds_out[12]'. [C:/Users/IBM/Desktop/lab08_myrahisamazing/lab08_myrahisamazing/lab08_myrahisamazing.srcs/constrs_1/new/constrlab8.xdc:68]
CRITICAL WARNING: [Common 17-55] 'set_property' expects at least one object. [C:/Users/IBM/Desktop/lab08_myrahisamazing/lab08_myrahisamazing/lab08_myrahisamazing.srcs/constrs_1/new/constrlab8.xdc:68]
Resolution: If [get_<value>] was used to populate the object, check to make sure this command returns at least one valid object.
WARNING: [Vivado 12-584] No ports matched 'leds_out[13]'. [C:/Users/IBM/Desktop/lab08_myrahisamazing/lab08_myrahisamazing/lab08_myrahisamazing.srcs/constrs_1/new/constrlab8.xdc:69]
CRITICAL WARNING: [Common 17-55] 'set_property' expects at least one object. [C:/Users/IBM/Desktop/lab08_myrahisamazing/lab08_myrahisamazing/lab08_myrahisamazing.srcs/constrs_1/new/constrlab8.xdc:69]
Resolution: If [get_<value>] was used to populate the object, check to make sure this command returns at least one valid object.
WARNING: [Vivado 12-584] No ports matched 'leds_out[13]'. [C:/Users/IBM/Desktop/lab08_myrahisamazing/lab08_myrahisamazing/lab08_myrahisamazing.srcs/constrs_1/new/constrlab8.xdc:70]
CRITICAL WARNING: [Common 17-55] 'set_property' expects at least one object. [C:/Users/IBM/Desktop/lab08_myrahisamazing/lab08_myrahisamazing/lab08_myrahisamazing.srcs/constrs_1/new/constrlab8.xdc:70]
Resolution: If [get_<value>] was used to populate the object, check to make sure this command returns at least one valid object.
WARNING: [Vivado 12-584] No ports matched 'leds_out[14]'. [C:/Users/IBM/Desktop/lab08_myrahisamazing/lab08_myrahisamazing/lab08_myrahisamazing.srcs/constrs_1/new/constrlab8.xdc:71]
CRITICAL WARNING: [Common 17-55] 'set_property' expects at least one object. [C:/Users/IBM/Desktop/lab08_myrahisamazing/lab08_myrahisamazing/lab08_myrahisamazing.srcs/constrs_1/new/constrlab8.xdc:71]
Resolution: If [get_<value>] was used to populate the object, check to make sure this command returns at least one valid object.
WARNING: [Vivado 12-584] No ports matched 'leds_out[14]'. [C:/Users/IBM/Desktop/lab08_myrahisamazing/lab08_myrahisamazing/lab08_myrahisamazing.srcs/constrs_1/new/constrlab8.xdc:72]
CRITICAL WARNING: [Common 17-55] 'set_property' expects at least one object. [C:/Users/IBM/Desktop/lab08_myrahisamazing/lab08_myrahisamazing/lab08_myrahisamazing.srcs/constrs_1/new/constrlab8.xdc:72]
Resolution: If [get_<value>] was used to populate the object, check to make sure this command returns at least one valid object.
WARNING: [Vivado 12-584] No ports matched 'leds_out[15]'. [C:/Users/IBM/Desktop/lab08_myrahisamazing/lab08_myrahisamazing/lab08_myrahisamazing.srcs/constrs_1/new/constrlab8.xdc:73]
CRITICAL WARNING: [Common 17-55] 'set_property' expects at least one object. [C:/Users/IBM/Desktop/lab08_myrahisamazing/lab08_myrahisamazing/lab08_myrahisamazing.srcs/constrs_1/new/constrlab8.xdc:73]
Resolution: If [get_<value>] was used to populate the object, check to make sure this command returns at least one valid object.
WARNING: [Vivado 12-584] No ports matched 'leds_out[15]'. [C:/Users/IBM/Desktop/lab08_myrahisamazing/lab08_myrahisamazing/lab08_myrahisamazing.srcs/constrs_1/new/constrlab8.xdc:74]
CRITICAL WARNING: [Common 17-55] 'set_property' expects at least one object. [C:/Users/IBM/Desktop/lab08_myrahisamazing/lab08_myrahisamazing/lab08_myrahisamazing.srcs/constrs_1/new/constrlab8.xdc:74]
Resolution: If [get_<value>] was used to populate the object, check to make sure this command returns at least one valid object.
WARNING: [Vivado 12-584] No ports matched 'rst'. [C:/Users/IBM/Desktop/lab08_myrahisamazing/lab08_myrahisamazing/lab08_myrahisamazing.srcs/constrs_1/new/constrlab8.xdc:77]
CRITICAL WARNING: [Common 17-55] 'set_property' expects at least one object. [C:/Users/IBM/Desktop/lab08_myrahisamazing/lab08_myrahisamazing/lab08_myrahisamazing.srcs/constrs_1/new/constrlab8.xdc:77]
Resolution: If [get_<value>] was used to populate the object, check to make sure this command returns at least one valid object.
WARNING: [Vivado 12-584] No ports matched 'rst'. [C:/Users/IBM/Desktop/lab08_myrahisamazing/lab08_myrahisamazing/lab08_myrahisamazing.srcs/constrs_1/new/constrlab8.xdc:78]
CRITICAL WARNING: [Common 17-55] 'set_property' expects at least one object. [C:/Users/IBM/Desktop/lab08_myrahisamazing/lab08_myrahisamazing/lab08_myrahisamazing.srcs/constrs_1/new/constrlab8.xdc:78]
Resolution: If [get_<value>] was used to populate the object, check to make sure this command returns at least one valid object.
WARNING: [Vivado 12-584] No ports matched 'start'. [C:/Users/IBM/Desktop/lab08_myrahisamazing/lab08_myrahisamazing/lab08_myrahisamazing.srcs/constrs_1/new/constrlab8.xdc:80]
CRITICAL WARNING: [Common 17-55] 'set_property' expects at least one object. [C:/Users/IBM/Desktop/lab08_myrahisamazing/lab08_myrahisamazing/lab08_myrahisamazing.srcs/constrs_1/new/constrlab8.xdc:80]
Resolution: If [get_<value>] was used to populate the object, check to make sure this command returns at least one valid object.
WARNING: [Vivado 12-584] No ports matched 'start'. [C:/Users/IBM/Desktop/lab08_myrahisamazing/lab08_myrahisamazing/lab08_myrahisamazing.srcs/constrs_1/new/constrlab8.xdc:81]
CRITICAL WARNING: [Common 17-55] 'set_property' expects at least one object. [C:/Users/IBM/Desktop/lab08_myrahisamazing/lab08_myrahisamazing/lab08_myrahisamazing.srcs/constrs_1/new/constrlab8.xdc:81]
Resolution: If [get_<value>] was used to populate the object, check to make sure this command returns at least one valid object.
Finished Parsing XDC File [C:/Users/IBM/Desktop/lab08_myrahisamazing/lab08_myrahisamazing/lab08_myrahisamazing.srcs/constrs_1/new/constrlab8.xdc]
INFO: [Project 1-236] Implementation specific constraints were found while reading constraint file [C:/Users/IBM/Desktop/lab08_myrahisamazing/lab08_myrahisamazing/lab08_myrahisamazing.srcs/constrs_1/new/constrlab8.xdc]. These constraints will be ignored for synthesis but will be used in implementation. Impacted constraints are listed in the file [.Xil/top_lab8_propImpl.xdc].
Resolution: To avoid this warning, move constraints listed in [.Xil/top_lab8_propImpl.xdc] to another XDC file and exclude this new file from synthesis with the used_in_synthesis property (File Properties dialog in GUI) and re-run elaboration/synthesis.
Completed Processing XDC Constraints

Netlist sorting complete. Time (s): cpu = 00:00:00 ; elapsed = 00:00:00.002 . Memory (MB): peak = 1070.832 ; gain = 0.000
INFO: [Project 1-111] Unisim Transformation Summary:
No Unisim elements were transformed.

Constraint Validation Runtime : Time (s): cpu = 00:00:00 ; elapsed = 00:00:00.059 . Memory (MB): peak = 1070.832 ; gain = 0.000
---------------------------------------------------------------------------------
Finished Constraint Validation : Time (s): cpu = 00:00:17 ; elapsed = 00:00:20 . Memory (MB): peak = 1070.832 ; gain = 39.820
---------------------------------------------------------------------------------
---------------------------------------------------------------------------------
Start Loading Part and Timing Information
---------------------------------------------------------------------------------
Loading part: xc7a35tcpg236-1
---------------------------------------------------------------------------------
Finished Loading Part and Timing Information : Time (s): cpu = 00:00:17 ; elapsed = 00:00:20 . Memory (MB): peak = 1070.832 ; gain = 39.820
---------------------------------------------------------------------------------
---------------------------------------------------------------------------------
Start Applying 'set_property' XDC Constraints
---------------------------------------------------------------------------------
---------------------------------------------------------------------------------
Finished applying 'set_property' XDC Constraints : Time (s): cpu = 00:00:17 ; elapsed = 00:00:20 . Memory (MB): peak = 1070.832 ; gain = 39.820
---------------------------------------------------------------------------------
INFO: [Synth 8-802] inferred FSM for state register 'state_reg' in module 'top_lab8'
---------------------------------------------------------------------------------------------------
                   State |                     New Encoding |                Previous Encoding 
---------------------------------------------------------------------------------------------------
                    IDLE |                            00001 |                              000
                WRITE_DM |                            00010 |                              001
                 READ_DM |                            00100 |                              010
               WAIT_READ |                            01000 |                              011
               SHOW_LEDS |                            10000 |                              100
---------------------------------------------------------------------------------------------------
INFO: [Synth 8-3354] encoded FSM with state register 'state_reg' using encoding 'one-hot' in module 'top_lab8'
---------------------------------------------------------------------------------
Finished RTL Optimization Phase 2 : Time (s): cpu = 00:00:21 ; elapsed = 00:00:26 . Memory (MB): peak = 1070.832 ; gain = 39.820
---------------------------------------------------------------------------------
---------------------------------------------------------------------------------
Start RTL Component Statistics 
---------------------------------------------------------------------------------
Detailed RTL Component Info : 
+---Adders : 
	   2 Input   20 Bit       Adders := 2     
+---Registers : 
	               32 Bit    Registers := 258   
	               20 Bit    Registers := 2     
	               16 Bit    Registers := 1     
	                2 Bit    Registers := 2     
	                1 Bit    Registers := 3     
+---Muxes : 
	   3 Input   32 Bit        Muxes := 1     
	   2 Input   32 Bit        Muxes := 1     
	   5 Input   32 Bit        Muxes := 1     
	   2 Input   20 Bit        Muxes := 2     
	   5 Input    9 Bit        Muxes := 1     
	   5 Input    5 Bit        Muxes := 1     
	   2 Input    5 Bit        Muxes := 1     
	   2 Input    1 Bit        Muxes := 260   
	   5 Input    1 Bit        Muxes := 3     
---------------------------------------------------------------------------------
Finished RTL Component Statistics 
---------------------------------------------------------------------------------
---------------------------------------------------------------------------------
Start Part Resource Summary
---------------------------------------------------------------------------------
Part Resources:
DSPs: 90 (col length:60)
BRAMs: 100 (col length: RAMB18 60 RAMB36 30)
---------------------------------------------------------------------------------
Finished Part Resource Summary
---------------------------------------------------------------------------------
---------------------------------------------------------------------------------
Start Cross Boundary and Area Optimization
---------------------------------------------------------------------------------
---------------------------------------------------------------------------------
Finished Cross Boundary and Area Optimization : Time (s): cpu = 00:00:31 ; elapsed = 00:00:39 . Memory (MB): peak = 1070.832 ; gain = 39.820
---------------------------------------------------------------------------------
---------------------------------------------------------------------------------
Start Applying XDC Timing Constraints
---------------------------------------------------------------------------------
---------------------------------------------------------------------------------
Finished Applying XDC Timing Constraints : Time (s): cpu = 00:00:42 ; elapsed = 00:00:51 . Memory (MB): peak = 1070.832 ; gain = 39.820
---------------------------------------------------------------------------------
---------------------------------------------------------------------------------
Start Timing Optimization
---------------------------------------------------------------------------------
---------------------------------------------------------------------------------
Finished Timing Optimization : Time (s): cpu = 00:00:42 ; elapsed = 00:00:51 . Memory (MB): peak = 1070.832 ; gain = 39.820
---------------------------------------------------------------------------------
---------------------------------------------------------------------------------
Start Technology Mapping
---------------------------------------------------------------------------------
---------------------------------------------------------------------------------
Finished Technology Mapping : Time (s): cpu = 00:00:42 ; elapsed = 00:00:52 . Memory (MB): peak = 1070.832 ; gain = 39.820
---------------------------------------------------------------------------------
---------------------------------------------------------------------------------
Start IO Insertion
---------------------------------------------------------------------------------
---------------------------------------------------------------------------------
Start Flattening Before IO Insertion
---------------------------------------------------------------------------------
---------------------------------------------------------------------------------
Finished Flattening Before IO Insertion
---------------------------------------------------------------------------------
---------------------------------------------------------------------------------
Start Final Netlist Cleanup
---------------------------------------------------------------------------------
---------------------------------------------------------------------------------
Finished Final Netlist Cleanup
---------------------------------------------------------------------------------
---------------------------------------------------------------------------------
Finished IO Insertion : Time (s): cpu = 00:00:47 ; elapsed = 00:00:57 . Memory (MB): peak = 1070.832 ; gain = 39.820
---------------------------------------------------------------------------------
---------------------------------------------------------------------------------
Start Renaming Generated Instances
---------------------------------------------------------------------------------
---------------------------------------------------------------------------------
Finished Renaming Generated Instances : Time (s): cpu = 00:00:47 ; elapsed = 00:00:57 . Memory (MB): peak = 1070.832 ; gain = 39.820
---------------------------------------------------------------------------------
---------------------------------------------------------------------------------
Start Rebuilding User Hierarchy
---------------------------------------------------------------------------------
---------------------------------------------------------------------------------
Finished Rebuilding User Hierarchy : Time (s): cpu = 00:00:48 ; elapsed = 00:00:57 . Memory (MB): peak = 1070.832 ; gain = 39.820
---------------------------------------------------------------------------------
---------------------------------------------------------------------------------
Start Renaming Generated Ports
---------------------------------------------------------------------------------
---------------------------------------------------------------------------------
Finished Renaming Generated Ports : Time (s): cpu = 00:00:48 ; elapsed = 00:00:57 . Memory (MB): peak = 1070.832 ; gain = 39.820
---------------------------------------------------------------------------------
---------------------------------------------------------------------------------
Start Handling Custom Attributes
---------------------------------------------------------------------------------
---------------------------------------------------------------------------------
Finished Handling Custom Attributes : Time (s): cpu = 00:00:48 ; elapsed = 00:00:57 . Memory (MB): peak = 1070.832 ; gain = 39.820
---------------------------------------------------------------------------------
---------------------------------------------------------------------------------
Start Renaming Generated Nets
---------------------------------------------------------------------------------
---------------------------------------------------------------------------------
Finished Renaming Generated Nets : Time (s): cpu = 00:00:48 ; elapsed = 00:00:57 . Memory (MB): peak = 1070.832 ; gain = 39.820
---------------------------------------------------------------------------------
---------------------------------------------------------------------------------
Start Writing Synthesis Report
---------------------------------------------------------------------------------

Report BlackBoxes: 
+-+--------------+----------+
| |BlackBox name |Instances |
+-+--------------+----------+
+-+--------------+----------+

Report Cell Usage: 
+------+-------+------+
|      |Cell   |Count |
+------+-------+------+
|1     |BUFG   |     1|
|2     |CARRY4 |    10|
|3     |LUT1   |     2|
|4     |LUT2   |    45|
|5     |LUT3   |     3|
|6     |LUT4   |    15|
|7     |LUT5   |    11|
|8     |LUT6   |   104|
|9     |MUXF7  |    32|
|10    |MUXF8  |     8|
|11    |FDCE   |     8|
|12    |FDRE   |   315|
|13    |FDSE   |     1|
|14    |IBUF   |    17|
|15    |OBUF   |    16|
+------+-------+------+
---------------------------------------------------------------------------------
Finished Writing Synthesis Report : Time (s): cpu = 00:00:48 ; elapsed = 00:00:57 . Memory (MB): peak = 1070.832 ; gain = 39.820
---------------------------------------------------------------------------------
Synthesis finished with 0 errors, 0 critical warnings and 0 warnings.
Synthesis Optimization Runtime : Time (s): cpu = 00:00:37 ; elapsed = 00:00:53 . Memory (MB): peak = 1070.832 ; gain = 0.000
Synthesis Optimization Complete : Time (s): cpu = 00:00:48 ; elapsed = 00:00:57 . Memory (MB): peak = 1070.832 ; gain = 39.820
INFO: [Project 1-571] Translating synthesized netlist
Netlist sorting complete. Time (s): cpu = 00:00:00 ; elapsed = 00:00:00.005 . Memory (MB): peak = 1070.832 ; gain = 0.000
INFO: [Netlist 29-17] Analyzing 50 Unisim elements for replacement
INFO: [Netlist 29-28] Unisim Transformation completed in 0 CPU seconds
INFO: [Project 1-570] Preparing netlist for logic optimization
INFO: [Opt 31-138] Pushed 0 inverter(s) to 0 load pin(s).
Netlist sorting complete. Time (s): cpu = 00:00:00 ; elapsed = 00:00:00 . Memory (MB): peak = 1070.832 ; gain = 0.000
INFO: [Project 1-111] Unisim Transformation Summary:
No Unisim elements were transformed.

INFO: [Common 17-83] Releasing license: Synthesis
31 Infos, 70 Warnings, 68 Critical Warnings and 0 Errors encountered.
synth_design completed successfully
synth_design: Time (s): cpu = 00:00:55 ; elapsed = 00:01:21 . Memory (MB): peak = 1070.832 ; gain = 39.820
INFO: [Common 17-1381] The checkpoint 'C:/Users/IBM/Desktop/lab08_myrahisamazing/lab08_myrahisamazing/lab08_myrahisamazing.runs/synth_1/top_lab8.dcp' has been generated.
INFO: [runtcl-4] Executing : report_utilization -file top_lab8_utilization_synth.rpt -pb top_lab8_utilization_synth.pb
INFO: [Common 17-206] Exiting Vivado at Thu Mar 19 05:15:47 2026...
